Jun 09, 2017 8:18:26 PM nl.peterbloem.fractal.exec.Run main
INFO: Using 16 concurrent threads
........................................................................
.Thread 4: finished init

.Thread 3: finished init

.Thread 5: finished init

.Thread 6: finished init

.Thread 7: finished init

.Thread 2: finished init

.Thread 0: finished init

.Thread 1: finished init
..............................................................................................................................................................................................................................................................................................................................................................................................................................................................................................................................................................................................................................................................................................................................................................
Thread 6 finished

Thread 2 finished
............................................................
Thread 1 finished
.
Thread 5 finished

Thread 7 finished
..
Thread 3 finished

Thread 4 finished
...
Thread 0 finished
All threads finished
