Sep 06, 2018 1:29:28 AM nl.peterbloem.kit.Global info
INFO: Starting
Sep 06, 2018 1:29:28 AM nl.peterbloem.kit.Global info
INFO: New seed: 2259653153197239609
Sep 06, 2018 1:29:28 AM nl.peterbloem.kit.Global info
INFO: [--experiment, real-world, --iterations, 100000, --topk, 100, --data, dogfood, --max-time, 5]
Sep 06, 2018 1:29:32 AM nl.peterbloem.kit.Global info
INFO: Using 32 separate processes.
Sep 06, 2018 1:29:50 AM nl.peterbloem.kit.Global info
INFO: 500 iterations finished.
Sep 06, 2018 1:30:09 AM nl.peterbloem.kit.Global info
INFO: 1000 iterations finished.
Sep 06, 2018 1:30:25 AM nl.peterbloem.kit.Global info
INFO: 1500 iterations finished.
Sep 06, 2018 1:30:44 AM nl.peterbloem.kit.Global info
INFO: 2000 iterations finished.
Sep 06, 2018 1:31:00 AM nl.peterbloem.kit.Global info
INFO: 2501 iterations finished.
Sep 06, 2018 1:31:15 AM nl.peterbloem.kit.Global info
INFO: 3000 iterations finished.
Sep 06, 2018 1:31:33 AM nl.peterbloem.kit.Global info
INFO: 3500 iterations finished.
Sep 06, 2018 1:31:47 AM nl.peterbloem.kit.Global info
INFO: 4000 iterations finished.
Sep 06, 2018 1:32:04 AM nl.peterbloem.kit.Global info
INFO: 4500 iterations finished.
Sep 06, 2018 1:32:23 AM nl.peterbloem.kit.Global info
INFO: 5000 iterations finished.
Sep 06, 2018 1:32:44 AM nl.peterbloem.kit.Global info
INFO: 5500 iterations finished.
Sep 06, 2018 1:33:02 AM nl.peterbloem.kit.Global info
INFO: 6000 iterations finished.
Sep 06, 2018 1:33:21 AM nl.peterbloem.kit.Global info
INFO: 6500 iterations finished.
Sep 06, 2018 1:33:35 AM nl.peterbloem.kit.Global info
INFO: 7000 iterations finished.
Sep 06, 2018 1:33:50 AM nl.peterbloem.kit.Global info
INFO: 7500 iterations finished.
Sep 06, 2018 1:34:07 AM nl.peterbloem.kit.Global info
INFO: 8000 iterations finished.
Sep 06, 2018 1:34:28 AM nl.peterbloem.kit.Global info
INFO: 8500 iterations finished.
Sep 06, 2018 1:34:41 AM nl.peterbloem.kit.Global info
INFO: 9000 iterations finished.
Sep 06, 2018 1:34:58 AM nl.peterbloem.kit.Global info
INFO: 9500 iterations finished.
Sep 06, 2018 1:35:15 AM nl.peterbloem.kit.Global info
INFO: 10000 iterations finished.
Sep 06, 2018 1:35:33 AM nl.peterbloem.kit.Global info
INFO: 10500 iterations finished.
Sep 06, 2018 1:35:55 AM nl.peterbloem.kit.Global info
INFO: 11000 iterations finished.
Sep 06, 2018 1:36:15 AM nl.peterbloem.kit.Global info
INFO: 11500 iterations finished.
Sep 06, 2018 1:36:30 AM nl.peterbloem.kit.Global info
INFO: 12000 iterations finished.
Sep 06, 2018 1:36:45 AM nl.peterbloem.kit.Global info
INFO: 12500 iterations finished.
Sep 06, 2018 1:37:03 AM nl.peterbloem.kit.Global info
INFO: 13000 iterations finished.
Sep 06, 2018 1:37:18 AM nl.peterbloem.kit.Global info
INFO: 13500 iterations finished.
Sep 06, 2018 1:37:37 AM nl.peterbloem.kit.Global info
INFO: 14000 iterations finished.
Sep 06, 2018 1:37:53 AM nl.peterbloem.kit.Global info
INFO: 14500 iterations finished.
Sep 06, 2018 1:38:09 AM nl.peterbloem.kit.Global info
INFO: 15000 iterations finished.
Sep 06, 2018 1:38:29 AM nl.peterbloem.kit.Global info
INFO: 15500 iterations finished.
Sep 06, 2018 1:38:46 AM nl.peterbloem.kit.Global info
INFO: 16000 iterations finished.
Sep 06, 2018 1:39:01 AM nl.peterbloem.kit.Global info
INFO: 16500 iterations finished.
Sep 06, 2018 1:39:15 AM nl.peterbloem.kit.Global info
INFO: 17000 iterations finished.
Sep 06, 2018 1:39:34 AM nl.peterbloem.kit.Global info
INFO: 17500 iterations finished.
Sep 06, 2018 1:39:50 AM nl.peterbloem.kit.Global info
INFO: 18000 iterations finished.
Sep 06, 2018 1:40:07 AM nl.peterbloem.kit.Global info
INFO: 18500 iterations finished.
Sep 06, 2018 1:40:26 AM nl.peterbloem.kit.Global info
INFO: 19000 iterations finished.
Sep 06, 2018 1:40:42 AM nl.peterbloem.kit.Global info
INFO: 19500 iterations finished.
Sep 06, 2018 1:41:03 AM nl.peterbloem.kit.Global info
INFO: 20000 iterations finished.
Sep 06, 2018 1:41:22 AM nl.peterbloem.kit.Global info
INFO: 20500 iterations finished.
Sep 06, 2018 1:41:39 AM nl.peterbloem.kit.Global info
INFO: 21000 iterations finished.
Sep 06, 2018 1:42:00 AM nl.peterbloem.kit.Global info
INFO: 21500 iterations finished.
Sep 06, 2018 1:42:22 AM nl.peterbloem.kit.Global info
INFO: 22000 iterations finished.
Sep 06, 2018 1:42:42 AM nl.peterbloem.kit.Global info
INFO: 22500 iterations finished.
Sep 06, 2018 1:43:01 AM nl.peterbloem.kit.Global info
INFO: 23000 iterations finished.
Sep 06, 2018 1:43:19 AM nl.peterbloem.kit.Global info
INFO: 23500 iterations finished.
Sep 06, 2018 1:43:38 AM nl.peterbloem.kit.Global info
INFO: 24000 iterations finished.
Sep 06, 2018 1:43:55 AM nl.peterbloem.kit.Global info
INFO: 24500 iterations finished.
Sep 06, 2018 1:44:14 AM nl.peterbloem.kit.Global info
INFO: 25000 iterations finished.
Sep 06, 2018 1:44:33 AM nl.peterbloem.kit.Global info
INFO: 25500 iterations finished.
Sep 06, 2018 1:44:53 AM nl.peterbloem.kit.Global info
INFO: 26000 iterations finished.
Sep 06, 2018 1:45:08 AM nl.peterbloem.kit.Global info
INFO: 26500 iterations finished.
Sep 06, 2018 1:45:28 AM nl.peterbloem.kit.Global info
INFO: 27000 iterations finished.
Sep 06, 2018 1:45:44 AM nl.peterbloem.kit.Global info
INFO: 27500 iterations finished.
Sep 06, 2018 1:46:04 AM nl.peterbloem.kit.Global info
INFO: 28000 iterations finished.
Sep 06, 2018 1:46:17 AM nl.peterbloem.kit.Global info
INFO: 28500 iterations finished.
Sep 06, 2018 1:46:38 AM nl.peterbloem.kit.Global info
INFO: 29000 iterations finished.
Sep 06, 2018 1:46:52 AM nl.peterbloem.kit.Global info
INFO: 29500 iterations finished.
Sep 06, 2018 1:47:06 AM nl.peterbloem.kit.Global info
INFO: 30000 iterations finished.
Sep 06, 2018 1:47:20 AM nl.peterbloem.kit.Global info
INFO: 30500 iterations finished.
Sep 06, 2018 1:47:39 AM nl.peterbloem.kit.Global info
INFO: 31000 iterations finished.
Sep 06, 2018 1:47:55 AM nl.peterbloem.kit.Global info
INFO: 31500 iterations finished.
Sep 06, 2018 1:48:12 AM nl.peterbloem.kit.Global info
INFO: 32000 iterations finished.
Sep 06, 2018 1:48:33 AM nl.peterbloem.kit.Global info
INFO: 32500 iterations finished.
Sep 06, 2018 1:48:49 AM nl.peterbloem.kit.Global info
INFO: 33000 iterations finished.
Sep 06, 2018 1:49:08 AM nl.peterbloem.kit.Global info
INFO: 33500 iterations finished.
Sep 06, 2018 1:49:24 AM nl.peterbloem.kit.Global info
INFO: 34000 iterations finished.
Sep 06, 2018 1:49:44 AM nl.peterbloem.kit.Global info
INFO: 34500 iterations finished.
Sep 06, 2018 1:50:02 AM nl.peterbloem.kit.Global info
INFO: 35000 iterations finished.
Sep 06, 2018 1:50:20 AM nl.peterbloem.kit.Global info
INFO: 35500 iterations finished.
Sep 06, 2018 1:50:38 AM nl.peterbloem.kit.Global info
INFO: 36000 iterations finished.
Sep 06, 2018 1:50:55 AM nl.peterbloem.kit.Global info
INFO: 36500 iterations finished.
Sep 06, 2018 1:51:12 AM nl.peterbloem.kit.Global info
INFO: 37000 iterations finished.
Sep 06, 2018 1:51:24 AM nl.peterbloem.kit.Global info
INFO: 37500 iterations finished.
Sep 06, 2018 1:51:43 AM nl.peterbloem.kit.Global info
INFO: 38000 iterations finished.
Sep 06, 2018 1:52:03 AM nl.peterbloem.kit.Global info
INFO: 38500 iterations finished.
Sep 06, 2018 1:52:19 AM nl.peterbloem.kit.Global info
INFO: 39000 iterations finished.
Sep 06, 2018 1:52:36 AM nl.peterbloem.kit.Global info
INFO: 39500 iterations finished.
Sep 06, 2018 1:52:58 AM nl.peterbloem.kit.Global info
INFO: 40000 iterations finished.
Sep 06, 2018 1:53:15 AM nl.peterbloem.kit.Global info
INFO: 40500 iterations finished.
Sep 06, 2018 1:53:29 AM nl.peterbloem.kit.Global info
INFO: 41000 iterations finished.
Sep 06, 2018 1:53:46 AM nl.peterbloem.kit.Global info
INFO: 41500 iterations finished.
Sep 06, 2018 1:54:07 AM nl.peterbloem.kit.Global info
INFO: 42000 iterations finished.
Sep 06, 2018 1:54:23 AM nl.peterbloem.kit.Global info
INFO: 42500 iterations finished.
Sep 06, 2018 1:54:38 AM nl.peterbloem.kit.Global info
INFO: 43000 iterations finished.
Sep 06, 2018 1:54:57 AM nl.peterbloem.kit.Global info
INFO: 43500 iterations finished.
Sep 06, 2018 1:55:12 AM nl.peterbloem.kit.Global info
INFO: 44000 iterations finished.
Sep 06, 2018 1:55:34 AM nl.peterbloem.kit.Global info
INFO: 44500 iterations finished.
Sep 06, 2018 1:55:51 AM nl.peterbloem.kit.Global info
INFO: 45000 iterations finished.
Sep 06, 2018 1:56:06 AM nl.peterbloem.kit.Global info
INFO: 45500 iterations finished.
Sep 06, 2018 1:56:30 AM nl.peterbloem.kit.Global info
INFO: 46000 iterations finished.
Sep 06, 2018 1:56:47 AM nl.peterbloem.kit.Global info
INFO: 46500 iterations finished.
Sep 06, 2018 1:57:08 AM nl.peterbloem.kit.Global info
INFO: 47000 iterations finished.
Sep 06, 2018 1:57:26 AM nl.peterbloem.kit.Global info
INFO: 47500 iterations finished.
Sep 06, 2018 1:57:42 AM nl.peterbloem.kit.Global info
INFO: 48000 iterations finished.
Sep 06, 2018 1:57:58 AM nl.peterbloem.kit.Global info
INFO: 48500 iterations finished.
Sep 06, 2018 1:58:16 AM nl.peterbloem.kit.Global info
INFO: 49000 iterations finished.
Sep 06, 2018 1:58:33 AM nl.peterbloem.kit.Global info
INFO: 49500 iterations finished.
Sep 06, 2018 1:58:49 AM nl.peterbloem.kit.Global info
INFO: 50000 iterations finished.
Sep 06, 2018 1:59:07 AM nl.peterbloem.kit.Global info
INFO: 50500 iterations finished.
Sep 06, 2018 1:59:23 AM nl.peterbloem.kit.Global info
INFO: 51000 iterations finished.
Sep 06, 2018 1:59:41 AM nl.peterbloem.kit.Global info
INFO: 51500 iterations finished.
Sep 06, 2018 2:00:02 AM nl.peterbloem.kit.Global info
INFO: 52000 iterations finished.
Sep 06, 2018 2:00:22 AM nl.peterbloem.kit.Global info
INFO: 52500 iterations finished.
Sep 06, 2018 2:00:41 AM nl.peterbloem.kit.Global info
INFO: 53000 iterations finished.
Sep 06, 2018 2:01:02 AM nl.peterbloem.kit.Global info
INFO: 53500 iterations finished.
Sep 06, 2018 2:01:20 AM nl.peterbloem.kit.Global info
INFO: 54000 iterations finished.
Sep 06, 2018 2:01:40 AM nl.peterbloem.kit.Global info
INFO: 54500 iterations finished.
Sep 06, 2018 2:01:58 AM nl.peterbloem.kit.Global info
INFO: 55000 iterations finished.
Sep 06, 2018 2:02:14 AM nl.peterbloem.kit.Global info
INFO: 55500 iterations finished.
Sep 06, 2018 2:02:30 AM nl.peterbloem.kit.Global info
INFO: 56000 iterations finished.
Sep 06, 2018 2:02:46 AM nl.peterbloem.kit.Global info
INFO: 56500 iterations finished.
Sep 06, 2018 2:03:02 AM nl.peterbloem.kit.Global info
INFO: 57000 iterations finished.
Sep 06, 2018 2:03:23 AM nl.peterbloem.kit.Global info
INFO: 57500 iterations finished.
Sep 06, 2018 2:03:44 AM nl.peterbloem.kit.Global info
INFO: 58000 iterations finished.
Sep 06, 2018 2:04:04 AM nl.peterbloem.kit.Global info
INFO: 58500 iterations finished.
Sep 06, 2018 2:04:25 AM nl.peterbloem.kit.Global info
INFO: 59000 iterations finished.
Sep 06, 2018 2:04:39 AM nl.peterbloem.kit.Global info
INFO: 59500 iterations finished.
Sep 06, 2018 2:05:01 AM nl.peterbloem.kit.Global info
INFO: 60000 iterations finished.
Sep 06, 2018 2:05:18 AM nl.peterbloem.kit.Global info
INFO: 60500 iterations finished.
Sep 06, 2018 2:05:37 AM nl.peterbloem.kit.Global info
INFO: 61000 iterations finished.
Sep 06, 2018 2:05:51 AM nl.peterbloem.kit.Global info
INFO: 61500 iterations finished.
Sep 06, 2018 2:06:12 AM nl.peterbloem.kit.Global info
INFO: 62000 iterations finished.
Sep 06, 2018 2:06:27 AM nl.peterbloem.kit.Global info
INFO: 62500 iterations finished.
Sep 06, 2018 2:06:43 AM nl.peterbloem.kit.Global info
INFO: 63000 iterations finished.
Sep 06, 2018 2:07:03 AM nl.peterbloem.kit.Global info
INFO: 63500 iterations finished.
Sep 06, 2018 2:07:19 AM nl.peterbloem.kit.Global info
INFO: 64000 iterations finished.
Sep 06, 2018 2:07:39 AM nl.peterbloem.kit.Global info
INFO: 64500 iterations finished.
Sep 06, 2018 2:08:00 AM nl.peterbloem.kit.Global info
INFO: 65000 iterations finished.
Sep 06, 2018 2:08:16 AM nl.peterbloem.kit.Global info
INFO: 65500 iterations finished.
Sep 06, 2018 2:08:29 AM nl.peterbloem.kit.Global info
INFO: 66000 iterations finished.
Sep 06, 2018 2:08:49 AM nl.peterbloem.kit.Global info
INFO: 66500 iterations finished.
Sep 06, 2018 2:09:08 AM nl.peterbloem.kit.Global info
INFO: 67000 iterations finished.
Sep 06, 2018 2:09:25 AM nl.peterbloem.kit.Global info
INFO: 67500 iterations finished.
Sep 06, 2018 2:09:46 AM nl.peterbloem.kit.Global info
INFO: 68000 iterations finished.
Sep 06, 2018 2:10:02 AM nl.peterbloem.kit.Global info
INFO: 68500 iterations finished.
Sep 06, 2018 2:10:23 AM nl.peterbloem.kit.Global info
INFO: 69000 iterations finished.
Sep 06, 2018 2:10:40 AM nl.peterbloem.kit.Global info
INFO: 69500 iterations finished.
Sep 06, 2018 2:10:58 AM nl.peterbloem.kit.Global info
INFO: 70000 iterations finished.
Sep 06, 2018 2:11:15 AM nl.peterbloem.kit.Global info
INFO: 70500 iterations finished.
Sep 06, 2018 2:11:33 AM nl.peterbloem.kit.Global info
INFO: 71000 iterations finished.
Sep 06, 2018 2:11:51 AM nl.peterbloem.kit.Global info
INFO: 71500 iterations finished.
Sep 06, 2018 2:12:13 AM nl.peterbloem.kit.Global info
INFO: 72000 iterations finished.
Sep 06, 2018 2:12:30 AM nl.peterbloem.kit.Global info
INFO: 72500 iterations finished.
Sep 06, 2018 2:12:46 AM nl.peterbloem.kit.Global info
INFO: 73000 iterations finished.
Sep 06, 2018 2:13:07 AM nl.peterbloem.kit.Global info
INFO: 73500 iterations finished.
Sep 06, 2018 2:13:27 AM nl.peterbloem.kit.Global info
INFO: 74000 iterations finished.
Sep 06, 2018 2:13:44 AM nl.peterbloem.kit.Global info
INFO: 74500 iterations finished.
Sep 06, 2018 2:14:02 AM nl.peterbloem.kit.Global info
INFO: 75000 iterations finished.
Sep 06, 2018 2:14:23 AM nl.peterbloem.kit.Global info
INFO: 75500 iterations finished.
Sep 06, 2018 2:14:37 AM nl.peterbloem.kit.Global info
INFO: 76000 iterations finished.
Sep 06, 2018 2:14:55 AM nl.peterbloem.kit.Global info
INFO: 76500 iterations finished.
Sep 06, 2018 2:15:13 AM nl.peterbloem.kit.Global info
INFO: 77000 iterations finished.
Sep 06, 2018 2:15:28 AM nl.peterbloem.kit.Global info
INFO: 77500 iterations finished.
Sep 06, 2018 2:15:44 AM nl.peterbloem.kit.Global info
INFO: 78000 iterations finished.
Sep 06, 2018 2:16:05 AM nl.peterbloem.kit.Global info
INFO: 78500 iterations finished.
Sep 06, 2018 2:16:24 AM nl.peterbloem.kit.Global info
INFO: 79000 iterations finished.
Sep 06, 2018 2:16:45 AM nl.peterbloem.kit.Global info
INFO: 79500 iterations finished.
Sep 06, 2018 2:16:59 AM nl.peterbloem.kit.Global info
INFO: 80000 iterations finished.
Sep 06, 2018 2:17:16 AM nl.peterbloem.kit.Global info
INFO: 80500 iterations finished.
Sep 06, 2018 2:17:33 AM nl.peterbloem.kit.Global info
INFO: 81000 iterations finished.
Sep 06, 2018 2:17:50 AM nl.peterbloem.kit.Global info
INFO: 81500 iterations finished.
Sep 06, 2018 2:18:05 AM nl.peterbloem.kit.Global info
INFO: 82000 iterations finished.
Sep 06, 2018 2:18:24 AM nl.peterbloem.kit.Global info
INFO: 82500 iterations finished.
Sep 06, 2018 2:18:41 AM nl.peterbloem.kit.Global info
INFO: 83000 iterations finished.
Sep 06, 2018 2:18:56 AM nl.peterbloem.kit.Global info
INFO: 83500 iterations finished.
Sep 06, 2018 2:19:16 AM nl.peterbloem.kit.Global info
INFO: 84000 iterations finished.
Sep 06, 2018 2:19:33 AM nl.peterbloem.kit.Global info
INFO: 84500 iterations finished.
Sep 06, 2018 2:19:50 AM nl.peterbloem.kit.Global info
INFO: 85000 iterations finished.
Sep 06, 2018 2:20:11 AM nl.peterbloem.kit.Global info
INFO: 85500 iterations finished.
Sep 06, 2018 2:20:24 AM nl.peterbloem.kit.Global info
INFO: 86000 iterations finished.
Sep 06, 2018 2:20:39 AM nl.peterbloem.kit.Global info
INFO: 86500 iterations finished.
Sep 06, 2018 2:20:57 AM nl.peterbloem.kit.Global info
INFO: 87000 iterations finished.
Sep 06, 2018 2:21:20 AM nl.peterbloem.kit.Global info
INFO: 87500 iterations finished.
Sep 06, 2018 2:21:37 AM nl.peterbloem.kit.Global info
INFO: 88000 iterations finished.
Sep 06, 2018 2:21:51 AM nl.peterbloem.kit.Global info
INFO: 88500 iterations finished.
Sep 06, 2018 2:22:06 AM nl.peterbloem.kit.Global info
INFO: 89000 iterations finished.
Sep 06, 2018 2:22:25 AM nl.peterbloem.kit.Global info
INFO: 89500 iterations finished.
Sep 06, 2018 2:22:44 AM nl.peterbloem.kit.Global info
INFO: Finished searching
Sep 06, 2018 2:22:44 AM nl.peterbloem.kit.Global info
INFO: 90000 iterations finished.
Sep 06, 2018 2:23:09 AM nl.peterbloem.kit.Global info
INFO: 90500 iterations finished.
Sep 06, 2018 2:23:25 AM nl.peterbloem.kit.Global info
INFO: 91000 iterations finished.
Sep 06, 2018 2:23:43 AM nl.peterbloem.kit.Global info
INFO: 91500 iterations finished.
Sep 06, 2018 2:23:46 AM nl.peterbloem.kit.Global info
INFO: Finished searching
Sep 06, 2018 2:23:48 AM nl.peterbloem.kit.Global info
INFO: Finished searching
Sep 06, 2018 2:24:00 AM nl.peterbloem.kit.Global info
INFO: 92000 iterations finished.
Sep 06, 2018 2:24:20 AM nl.peterbloem.kit.Global info
INFO: Finished searching
Sep 06, 2018 2:24:21 AM nl.peterbloem.kit.Global info
INFO: 92500 iterations finished.
Sep 06, 2018 2:24:36 AM nl.peterbloem.kit.Global info
INFO: Finished searching
Sep 06, 2018 2:24:38 AM nl.peterbloem.kit.Global info
INFO: Finished searching
Sep 06, 2018 2:24:44 AM nl.peterbloem.kit.Global info
INFO: 93000 iterations finished.
Sep 06, 2018 2:25:02 AM nl.peterbloem.kit.Global info
INFO: 93500 iterations finished.
Sep 06, 2018 2:25:19 AM nl.peterbloem.kit.Global info
INFO: Finished searching
Sep 06, 2018 2:25:24 AM nl.peterbloem.kit.Global info
INFO: 94000 iterations finished.
Sep 06, 2018 2:25:43 AM nl.peterbloem.kit.Global info
INFO: 94500 iterations finished.
Sep 06, 2018 2:25:48 AM nl.peterbloem.kit.Global info
INFO: Finished searching
Sep 06, 2018 2:26:04 AM nl.peterbloem.kit.Global info
INFO: 95000 iterations finished.
Sep 06, 2018 2:26:05 AM nl.peterbloem.kit.Global info
INFO: Finished searching
Sep 06, 2018 2:26:13 AM nl.peterbloem.kit.Global info
INFO: Finished searching
Sep 06, 2018 2:26:16 AM nl.peterbloem.kit.Global info
INFO: Finished searching
Sep 06, 2018 2:26:32 AM nl.peterbloem.kit.Global info
INFO: 95500 iterations finished.
Sep 06, 2018 2:27:02 AM nl.peterbloem.kit.Global info
INFO: 96000 iterations finished.
Sep 06, 2018 2:27:07 AM nl.peterbloem.kit.Global info
INFO: Finished searching
Sep 06, 2018 2:27:17 AM nl.peterbloem.kit.Global info
INFO: Finished searching
Sep 06, 2018 2:27:28 AM nl.peterbloem.kit.Global info
INFO: 96500 iterations finished.
Sep 06, 2018 2:27:41 AM nl.peterbloem.kit.Global info
INFO: Finished searching
Sep 06, 2018 2:27:55 AM nl.peterbloem.kit.Global info
INFO: Finished searching
Sep 06, 2018 2:27:56 AM nl.peterbloem.kit.Global info
INFO: 97000 iterations finished.
Sep 06, 2018 2:28:06 AM nl.peterbloem.kit.Global info
INFO: Finished searching
Sep 06, 2018 2:28:27 AM nl.peterbloem.kit.Global info
INFO: 97500 iterations finished.
Sep 06, 2018 2:28:34 AM nl.peterbloem.kit.Global info
INFO: Finished searching
Sep 06, 2018 2:28:50 AM nl.peterbloem.kit.Global info
INFO: Finished searching
Sep 06, 2018 2:28:56 AM nl.peterbloem.kit.Global info
INFO: Finished searching
Sep 06, 2018 2:29:02 AM nl.peterbloem.kit.Global info
INFO: 98000 iterations finished.
Sep 06, 2018 2:29:39 AM nl.peterbloem.kit.Global info
INFO: Finished searching
Sep 06, 2018 2:29:51 AM nl.peterbloem.kit.Global info
INFO: 98500 iterations finished.
Sep 06, 2018 2:29:52 AM nl.peterbloem.kit.Global info
INFO: Finished searching
Sep 06, 2018 2:30:05 AM nl.peterbloem.kit.Global info
INFO: Finished searching
Sep 06, 2018 2:30:45 AM nl.peterbloem.kit.Global info
INFO: Finished searching
Sep 06, 2018 2:30:46 AM nl.peterbloem.kit.Global info
INFO: 99000 iterations finished.
Sep 06, 2018 2:30:51 AM nl.peterbloem.kit.Global info
INFO: Finished searching
Sep 06, 2018 2:30:52 AM nl.peterbloem.kit.Global info
INFO: Finished searching
Sep 06, 2018 2:30:54 AM nl.peterbloem.kit.Global info
INFO: Finished searching
Sep 06, 2018 2:31:39 AM nl.peterbloem.kit.Global info
INFO: Finished searching
Sep 06, 2018 2:31:40 AM nl.peterbloem.kit.Global info
INFO: Finished searching
Sep 06, 2018 2:31:48 AM nl.peterbloem.kit.Global info
INFO: Finished searching
Sep 06, 2018 2:31:48 AM nl.peterbloem.kit.Global info
INFO: 99500 iterations finished.
Sep 06, 2018 2:33:04 AM nl.peterbloem.kit.Global info
INFO: Finished searching
Sep 06, 2018 2:35:39 AM nl.peterbloem.kit.Global info
INFO: Finished searching
Sep 06, 2018 2:37:11 AM nl.peterbloem.kit.Global info
INFO: Finished searching
Sep 06, 2018 2:37:11 AM nl.peterbloem.kit.Global info
INFO: Search finished.
Sep 06, 2018 2:37:11 AM nl.peterbloem.kit.Global info
INFO: Finished.
