Jun 05, 2017 2:17:04 PM nl.peterbloem.fractal.exec.Run main
INFO: Using 16 concurrent threads
......................................................................................................................................................................................................................................................................................................................................................................................................................................................................................................................................................................................................................................................................................................................................................................................................................
Thread 0: finished init
..
Thread 2: finished init

Thread 4: finished init
...
Thread 5: finished init
....
Thread 7: finished init

Thread 1: finished init

Thread 3: finished init
....
Thread 6: finished init
...........................................................................................................................................................................................................................................................................................................................................................................................................................................................................................................................................................................................................................................................................................................................................................................................
Thread 3 finished
...
Thread 2 finished

Thread 6 finished

Thread 5 finished

Thread 0 finished
......
Thread 7 finished
......................
Thread 4 finished
...
Thread 1 finished
All threads finished
Jun 05, 2017 7:45:59 PM nl.peterbloem.kit.FileIO copy
INFO: Copying static files from path null to .
null
Failed to run plot script. java.lang.NullPointerException
Jun 05, 2017 7:45:59 PM nl.peterbloem.fractal.exec.Run main
INFO: Experiment finished. Time taken: 5h 28m 54s.
