Dec 09, 2018 1:25:29 PM nl.peterbloem.kit.Global info
INFO: Starting
Dec 09, 2018 1:25:30 PM nl.peterbloem.kit.Global info
INFO: New seed: -5654676654615452543
Dec 09, 2018 1:25:30 PM nl.peterbloem.kit.Global info
INFO: [--experiment, real-world, --iterations, 100000, --topk, 100, --data, dogfood, --max-time, 5]
Dec 09, 2018 1:25:36 PM nl.peterbloem.kit.Global info
INFO: Using 32 separate processes.
Dec 09, 2018 1:25:41 PM nl.peterbloem.kit.Global info
INFO: 500 iterations finished.
Dec 09, 2018 1:25:52 PM nl.peterbloem.kit.Global info
INFO: 1000 iterations finished.
Dec 09, 2018 1:26:05 PM nl.peterbloem.kit.Global info
INFO: 1500 iterations finished.
Dec 09, 2018 1:26:17 PM nl.peterbloem.kit.Global info
INFO: 2000 iterations finished.
Dec 09, 2018 1:26:29 PM nl.peterbloem.kit.Global info
INFO: 2500 iterations finished.
Dec 09, 2018 1:26:42 PM nl.peterbloem.kit.Global info
INFO: 3000 iterations finished.
Dec 09, 2018 1:26:51 PM nl.peterbloem.kit.Global info
INFO: 3500 iterations finished.
Dec 09, 2018 1:26:59 PM nl.peterbloem.kit.Global info
INFO: 4000 iterations finished.
Dec 09, 2018 1:27:07 PM nl.peterbloem.kit.Global info
INFO: 4500 iterations finished.
Dec 09, 2018 1:27:16 PM nl.peterbloem.kit.Global info
INFO: 5000 iterations finished.
Dec 09, 2018 1:27:29 PM nl.peterbloem.kit.Global info
INFO: 5500 iterations finished.
Dec 09, 2018 1:27:44 PM nl.peterbloem.kit.Global info
INFO: 6000 iterations finished.
Dec 09, 2018 1:27:56 PM nl.peterbloem.kit.Global info
INFO: 6500 iterations finished.
Dec 09, 2018 1:28:08 PM nl.peterbloem.kit.Global info
INFO: 7000 iterations finished.
Dec 09, 2018 1:28:16 PM nl.peterbloem.kit.Global info
INFO: 7500 iterations finished.
Dec 09, 2018 1:28:27 PM nl.peterbloem.kit.Global info
INFO: 8000 iterations finished.
Dec 09, 2018 1:28:35 PM nl.peterbloem.kit.Global info
INFO: 8500 iterations finished.
Dec 09, 2018 1:28:42 PM nl.peterbloem.kit.Global info
INFO: 9000 iterations finished.
Dec 09, 2018 1:28:52 PM nl.peterbloem.kit.Global info
INFO: 9500 iterations finished.
Dec 09, 2018 1:29:05 PM nl.peterbloem.kit.Global info
INFO: 10000 iterations finished.
Dec 09, 2018 1:29:17 PM nl.peterbloem.kit.Global info
INFO: 10500 iterations finished.
Dec 09, 2018 1:29:30 PM nl.peterbloem.kit.Global info
INFO: 11000 iterations finished.
Dec 09, 2018 1:29:40 PM nl.peterbloem.kit.Global info
INFO: 11500 iterations finished.
Dec 09, 2018 1:29:50 PM nl.peterbloem.kit.Global info
INFO: 12000 iterations finished.
Dec 09, 2018 1:29:59 PM nl.peterbloem.kit.Global info
INFO: 12500 iterations finished.
Dec 09, 2018 1:30:08 PM nl.peterbloem.kit.Global info
INFO: 13000 iterations finished.
Dec 09, 2018 1:30:23 PM nl.peterbloem.kit.Global info
INFO: 13500 iterations finished.
Dec 09, 2018 1:30:41 PM nl.peterbloem.kit.Global info
INFO: 14000 iterations finished.
Dec 09, 2018 1:30:54 PM nl.peterbloem.kit.Global info
INFO: 14500 iterations finished.
Dec 09, 2018 1:31:06 PM nl.peterbloem.kit.Global info
INFO: 15000 iterations finished.
Dec 09, 2018 1:31:13 PM nl.peterbloem.kit.Global info
INFO: 15500 iterations finished.
Dec 09, 2018 1:31:21 PM nl.peterbloem.kit.Global info
INFO: 16000 iterations finished.
Dec 09, 2018 1:31:34 PM nl.peterbloem.kit.Global info
INFO: 16500 iterations finished.
Dec 09, 2018 1:31:44 PM nl.peterbloem.kit.Global info
INFO: 17000 iterations finished.
Dec 09, 2018 1:31:55 PM nl.peterbloem.kit.Global info
INFO: 17500 iterations finished.
Dec 09, 2018 1:32:11 PM nl.peterbloem.kit.Global info
INFO: 18000 iterations finished.
Dec 09, 2018 1:32:19 PM nl.peterbloem.kit.Global info
INFO: 18500 iterations finished.
Dec 09, 2018 1:32:27 PM nl.peterbloem.kit.Global info
INFO: 19000 iterations finished.
Dec 09, 2018 1:32:36 PM nl.peterbloem.kit.Global info
INFO: 19500 iterations finished.
Dec 09, 2018 1:32:42 PM nl.peterbloem.kit.Global info
INFO: 20000 iterations finished.
Dec 09, 2018 1:32:51 PM nl.peterbloem.kit.Global info
INFO: 20500 iterations finished.
Dec 09, 2018 1:33:01 PM nl.peterbloem.kit.Global info
INFO: 21000 iterations finished.
Dec 09, 2018 1:33:09 PM nl.peterbloem.kit.Global info
INFO: 21500 iterations finished.
Dec 09, 2018 1:33:21 PM nl.peterbloem.kit.Global info
INFO: 22000 iterations finished.
Dec 09, 2018 1:33:32 PM nl.peterbloem.kit.Global info
INFO: 22500 iterations finished.
Dec 09, 2018 1:33:44 PM nl.peterbloem.kit.Global info
INFO: 23000 iterations finished.
Dec 09, 2018 1:33:56 PM nl.peterbloem.kit.Global info
INFO: 23500 iterations finished.
Dec 09, 2018 1:34:06 PM nl.peterbloem.kit.Global info
INFO: 24000 iterations finished.
Dec 09, 2018 1:34:22 PM nl.peterbloem.kit.Global info
INFO: 24500 iterations finished.
Dec 09, 2018 1:34:34 PM nl.peterbloem.kit.Global info
INFO: 25000 iterations finished.
Dec 09, 2018 1:34:46 PM nl.peterbloem.kit.Global info
INFO: 25500 iterations finished.
Dec 09, 2018 1:34:53 PM nl.peterbloem.kit.Global info
INFO: 26000 iterations finished.
Dec 09, 2018 1:35:02 PM nl.peterbloem.kit.Global info
INFO: 26500 iterations finished.
Dec 09, 2018 1:35:12 PM nl.peterbloem.kit.Global info
INFO: 27000 iterations finished.
Dec 09, 2018 1:35:21 PM nl.peterbloem.kit.Global info
INFO: 27500 iterations finished.
Dec 09, 2018 1:35:31 PM nl.peterbloem.kit.Global info
INFO: 28000 iterations finished.
Dec 09, 2018 1:35:40 PM nl.peterbloem.kit.Global info
INFO: 28500 iterations finished.
Dec 09, 2018 1:35:50 PM nl.peterbloem.kit.Global info
INFO: 29000 iterations finished.
Dec 09, 2018 1:36:04 PM nl.peterbloem.kit.Global info
INFO: 29500 iterations finished.
Dec 09, 2018 1:36:14 PM nl.peterbloem.kit.Global info
INFO: 30000 iterations finished.
Dec 09, 2018 1:36:21 PM nl.peterbloem.kit.Global info
INFO: 30500 iterations finished.
Dec 09, 2018 1:36:30 PM nl.peterbloem.kit.Global info
INFO: 31000 iterations finished.
Dec 09, 2018 1:36:39 PM nl.peterbloem.kit.Global info
INFO: 31500 iterations finished.
Dec 09, 2018 1:36:43 PM nl.peterbloem.kit.Global info
INFO: 32000 iterations finished.
Dec 09, 2018 1:36:49 PM nl.peterbloem.kit.Global info
INFO: 32500 iterations finished.
Dec 09, 2018 1:36:57 PM nl.peterbloem.kit.Global info
INFO: 33000 iterations finished.
Dec 09, 2018 1:37:04 PM nl.peterbloem.kit.Global info
INFO: 33500 iterations finished.
Dec 09, 2018 1:37:13 PM nl.peterbloem.kit.Global info
INFO: 34000 iterations finished.
Dec 09, 2018 1:37:23 PM nl.peterbloem.kit.Global info
INFO: 34500 iterations finished.
Dec 09, 2018 1:37:36 PM nl.peterbloem.kit.Global info
INFO: 35000 iterations finished.
Dec 09, 2018 1:37:46 PM nl.peterbloem.kit.Global info
INFO: 35500 iterations finished.
Dec 09, 2018 1:37:54 PM nl.peterbloem.kit.Global info
INFO: 36000 iterations finished.
Dec 09, 2018 1:38:08 PM nl.peterbloem.kit.Global info
INFO: 36500 iterations finished.
Dec 09, 2018 1:38:20 PM nl.peterbloem.kit.Global info
INFO: 37000 iterations finished.
Dec 09, 2018 1:38:30 PM nl.peterbloem.kit.Global info
INFO: 37500 iterations finished.
Dec 09, 2018 1:38:42 PM nl.peterbloem.kit.Global info
INFO: 38000 iterations finished.
Dec 09, 2018 1:38:52 PM nl.peterbloem.kit.Global info
INFO: 38500 iterations finished.
Dec 09, 2018 1:39:05 PM nl.peterbloem.kit.Global info
INFO: 39000 iterations finished.
Dec 09, 2018 1:39:16 PM nl.peterbloem.kit.Global info
INFO: 39500 iterations finished.
Dec 09, 2018 1:39:25 PM nl.peterbloem.kit.Global info
INFO: 40000 iterations finished.
Dec 09, 2018 1:39:35 PM nl.peterbloem.kit.Global info
INFO: 40500 iterations finished.
Dec 09, 2018 1:39:46 PM nl.peterbloem.kit.Global info
INFO: 41000 iterations finished.
Dec 09, 2018 1:39:58 PM nl.peterbloem.kit.Global info
INFO: 41500 iterations finished.
Dec 09, 2018 1:40:07 PM nl.peterbloem.kit.Global info
INFO: 42000 iterations finished.
Dec 09, 2018 1:40:20 PM nl.peterbloem.kit.Global info
INFO: 42500 iterations finished.
Dec 09, 2018 1:40:31 PM nl.peterbloem.kit.Global info
INFO: 43000 iterations finished.
Dec 09, 2018 1:40:39 PM nl.peterbloem.kit.Global info
INFO: 43500 iterations finished.
Dec 09, 2018 1:40:50 PM nl.peterbloem.kit.Global info
INFO: 44000 iterations finished.
Dec 09, 2018 1:41:03 PM nl.peterbloem.kit.Global info
INFO: 44500 iterations finished.
Dec 09, 2018 1:41:12 PM nl.peterbloem.kit.Global info
INFO: 45000 iterations finished.
Dec 09, 2018 1:41:18 PM nl.peterbloem.kit.Global info
INFO: 45500 iterations finished.
Dec 09, 2018 1:41:26 PM nl.peterbloem.kit.Global info
INFO: 46000 iterations finished.
Dec 09, 2018 1:41:33 PM nl.peterbloem.kit.Global info
INFO: 46500 iterations finished.
Dec 09, 2018 1:41:40 PM nl.peterbloem.kit.Global info
INFO: 47000 iterations finished.
Dec 09, 2018 1:41:54 PM nl.peterbloem.kit.Global info
INFO: 47500 iterations finished.
Dec 09, 2018 1:42:04 PM nl.peterbloem.kit.Global info
INFO: 48000 iterations finished.
Dec 09, 2018 1:42:14 PM nl.peterbloem.kit.Global info
INFO: 48500 iterations finished.
Dec 09, 2018 1:42:27 PM nl.peterbloem.kit.Global info
INFO: 49000 iterations finished.
Dec 09, 2018 1:42:41 PM nl.peterbloem.kit.Global info
INFO: 49500 iterations finished.
Dec 09, 2018 1:42:57 PM nl.peterbloem.kit.Global info
INFO: 50000 iterations finished.
Dec 09, 2018 1:43:10 PM nl.peterbloem.kit.Global info
INFO: 50500 iterations finished.
Dec 09, 2018 1:43:20 PM nl.peterbloem.kit.Global info
INFO: 51000 iterations finished.
Dec 09, 2018 1:43:31 PM nl.peterbloem.kit.Global info
INFO: 51500 iterations finished.
Dec 09, 2018 1:43:43 PM nl.peterbloem.kit.Global info
INFO: 52000 iterations finished.
Dec 09, 2018 1:43:51 PM nl.peterbloem.kit.Global info
INFO: 52500 iterations finished.
Dec 09, 2018 1:43:58 PM nl.peterbloem.kit.Global info
INFO: 53000 iterations finished.
Dec 09, 2018 1:44:14 PM nl.peterbloem.kit.Global info
INFO: 53500 iterations finished.
Dec 09, 2018 1:44:29 PM nl.peterbloem.kit.Global info
INFO: 54000 iterations finished.
Dec 09, 2018 1:44:37 PM nl.peterbloem.kit.Global info
INFO: 54500 iterations finished.
Dec 09, 2018 1:44:47 PM nl.peterbloem.kit.Global info
INFO: 55000 iterations finished.
Dec 09, 2018 1:44:58 PM nl.peterbloem.kit.Global info
INFO: 55500 iterations finished.
Dec 09, 2018 1:45:13 PM nl.peterbloem.kit.Global info
INFO: 56000 iterations finished.
Dec 09, 2018 1:45:23 PM nl.peterbloem.kit.Global info
INFO: 56500 iterations finished.
Dec 09, 2018 1:45:34 PM nl.peterbloem.kit.Global info
INFO: 57000 iterations finished.
Dec 09, 2018 1:45:43 PM nl.peterbloem.kit.Global info
INFO: 57500 iterations finished.
Dec 09, 2018 1:45:53 PM nl.peterbloem.kit.Global info
INFO: 58000 iterations finished.
Dec 09, 2018 1:46:05 PM nl.peterbloem.kit.Global info
INFO: 58500 iterations finished.
Dec 09, 2018 1:46:18 PM nl.peterbloem.kit.Global info
INFO: 59000 iterations finished.
Dec 09, 2018 1:46:28 PM nl.peterbloem.kit.Global info
INFO: 59500 iterations finished.
Dec 09, 2018 1:46:38 PM nl.peterbloem.kit.Global info
INFO: 60000 iterations finished.
Dec 09, 2018 1:46:50 PM nl.peterbloem.kit.Global info
INFO: 60500 iterations finished.
Dec 09, 2018 1:47:05 PM nl.peterbloem.kit.Global info
INFO: 61000 iterations finished.
Dec 09, 2018 1:47:15 PM nl.peterbloem.kit.Global info
INFO: 61500 iterations finished.
Dec 09, 2018 1:47:22 PM nl.peterbloem.kit.Global info
INFO: 62000 iterations finished.
Dec 09, 2018 1:47:32 PM nl.peterbloem.kit.Global info
INFO: 62500 iterations finished.
Dec 09, 2018 1:47:41 PM nl.peterbloem.kit.Global info
INFO: 63000 iterations finished.
Dec 09, 2018 1:47:54 PM nl.peterbloem.kit.Global info
INFO: 63500 iterations finished.
Dec 09, 2018 1:48:06 PM nl.peterbloem.kit.Global info
INFO: 64000 iterations finished.
Dec 09, 2018 1:48:14 PM nl.peterbloem.kit.Global info
INFO: 64500 iterations finished.
Dec 09, 2018 1:48:20 PM nl.peterbloem.kit.Global info
INFO: 65000 iterations finished.
Dec 09, 2018 1:48:28 PM nl.peterbloem.kit.Global info
INFO: 65500 iterations finished.
Dec 09, 2018 1:48:36 PM nl.peterbloem.kit.Global info
INFO: 66000 iterations finished.
Dec 09, 2018 1:48:46 PM nl.peterbloem.kit.Global info
INFO: 66500 iterations finished.
Dec 09, 2018 1:48:54 PM nl.peterbloem.kit.Global info
INFO: 67000 iterations finished.
Dec 09, 2018 1:49:04 PM nl.peterbloem.kit.Global info
INFO: 67500 iterations finished.
Dec 09, 2018 1:49:16 PM nl.peterbloem.kit.Global info
INFO: 68000 iterations finished.
Dec 09, 2018 1:49:29 PM nl.peterbloem.kit.Global info
INFO: 68500 iterations finished.
Dec 09, 2018 1:49:44 PM nl.peterbloem.kit.Global info
INFO: 69000 iterations finished.
Dec 09, 2018 1:49:55 PM nl.peterbloem.kit.Global info
INFO: 69500 iterations finished.
Dec 09, 2018 1:50:08 PM nl.peterbloem.kit.Global info
INFO: 70000 iterations finished.
Dec 09, 2018 1:50:15 PM nl.peterbloem.kit.Global info
INFO: 70500 iterations finished.
Dec 09, 2018 1:50:26 PM nl.peterbloem.kit.Global info
INFO: 71000 iterations finished.
Dec 09, 2018 1:50:37 PM nl.peterbloem.kit.Global info
INFO: 71500 iterations finished.
Dec 09, 2018 1:50:48 PM nl.peterbloem.kit.Global info
INFO: 72000 iterations finished.
Dec 09, 2018 1:50:55 PM nl.peterbloem.kit.Global info
INFO: 72500 iterations finished.
Dec 09, 2018 1:51:05 PM nl.peterbloem.kit.Global info
INFO: 73000 iterations finished.
Dec 09, 2018 1:51:21 PM nl.peterbloem.kit.Global info
INFO: 73500 iterations finished.
Dec 09, 2018 1:51:29 PM nl.peterbloem.kit.Global info
INFO: 74000 iterations finished.
Dec 09, 2018 1:51:40 PM nl.peterbloem.kit.Global info
INFO: 74500 iterations finished.
Dec 09, 2018 1:51:51 PM nl.peterbloem.kit.Global info
INFO: 75000 iterations finished.
Dec 09, 2018 1:52:00 PM nl.peterbloem.kit.Global info
INFO: 75500 iterations finished.
Dec 09, 2018 1:52:08 PM nl.peterbloem.kit.Global info
INFO: 76000 iterations finished.
Dec 09, 2018 1:52:18 PM nl.peterbloem.kit.Global info
INFO: 76500 iterations finished.
Dec 09, 2018 1:52:29 PM nl.peterbloem.kit.Global info
INFO: 77000 iterations finished.
Dec 09, 2018 1:52:37 PM nl.peterbloem.kit.Global info
INFO: 77500 iterations finished.
Dec 09, 2018 1:52:48 PM nl.peterbloem.kit.Global info
INFO: 78000 iterations finished.
Dec 09, 2018 1:52:57 PM nl.peterbloem.kit.Global info
INFO: Thread finished searching
Dec 09, 2018 1:52:58 PM nl.peterbloem.kit.Global info
INFO: 78500 iterations finished.
Dec 09, 2018 1:53:07 PM nl.peterbloem.kit.Global info
INFO: 79000 iterations finished.
Dec 09, 2018 1:53:21 PM nl.peterbloem.kit.Global info
INFO: 79500 iterations finished.
Dec 09, 2018 1:53:30 PM nl.peterbloem.kit.Global info
INFO: 80000 iterations finished.
Dec 09, 2018 1:53:47 PM nl.peterbloem.kit.Global info
INFO: 80500 iterations finished.
Dec 09, 2018 1:53:57 PM nl.peterbloem.kit.Global info
INFO: 81000 iterations finished.
Dec 09, 2018 1:54:07 PM nl.peterbloem.kit.Global info
INFO: 81500 iterations finished.
Dec 09, 2018 1:54:16 PM nl.peterbloem.kit.Global info
INFO: 82000 iterations finished.
Dec 09, 2018 1:54:27 PM nl.peterbloem.kit.Global info
INFO: 82500 iterations finished.
Dec 09, 2018 1:54:38 PM nl.peterbloem.kit.Global info
INFO: 83000 iterations finished.
Dec 09, 2018 1:54:52 PM nl.peterbloem.kit.Global info
INFO: 83500 iterations finished.
Dec 09, 2018 1:55:04 PM nl.peterbloem.kit.Global info
INFO: 84000 iterations finished.
Dec 09, 2018 1:55:16 PM nl.peterbloem.kit.Global info
INFO: 84500 iterations finished.
Dec 09, 2018 1:55:23 PM nl.peterbloem.kit.Global info
INFO: Thread finished searching
Dec 09, 2018 1:55:27 PM nl.peterbloem.kit.Global info
INFO: 85000 iterations finished.
Dec 09, 2018 1:55:40 PM nl.peterbloem.kit.Global info
INFO: 85500 iterations finished.
Dec 09, 2018 1:55:55 PM nl.peterbloem.kit.Global info
INFO: 86000 iterations finished.
Dec 09, 2018 1:56:06 PM nl.peterbloem.kit.Global info
INFO: 86500 iterations finished.
Dec 09, 2018 1:56:26 PM nl.peterbloem.kit.Global info
INFO: 87000 iterations finished.
Dec 09, 2018 1:56:28 PM nl.peterbloem.kit.Global info
INFO: Thread finished searching
Dec 09, 2018 1:56:34 PM nl.peterbloem.kit.Global info
INFO: Thread finished searching
Dec 09, 2018 1:56:36 PM nl.peterbloem.kit.Global info
INFO: Thread finished searching
Dec 09, 2018 1:56:37 PM nl.peterbloem.kit.Global info
INFO: 87500 iterations finished.
Dec 09, 2018 1:56:50 PM nl.peterbloem.kit.Global info
INFO: Thread finished searching
Dec 09, 2018 1:56:51 PM nl.peterbloem.kit.Global info
INFO: 88000 iterations finished.
Dec 09, 2018 1:57:03 PM nl.peterbloem.kit.Global info
INFO: 88500 iterations finished.
Dec 09, 2018 1:57:16 PM nl.peterbloem.kit.Global info
INFO: 89000 iterations finished.
Dec 09, 2018 1:57:21 PM nl.peterbloem.kit.Global info
INFO: Thread finished searching
Dec 09, 2018 1:57:35 PM nl.peterbloem.kit.Global info
INFO: 89500 iterations finished.
Dec 09, 2018 1:57:37 PM nl.peterbloem.kit.Global info
INFO: Thread finished searching
Dec 09, 2018 1:57:43 PM nl.peterbloem.kit.Global info
INFO: 90000 iterations finished.
Dec 09, 2018 1:57:52 PM nl.peterbloem.kit.Global info
INFO: 90500 iterations finished.
Dec 09, 2018 1:58:02 PM nl.peterbloem.kit.Global info
INFO: 91000 iterations finished.
Dec 09, 2018 1:58:03 PM nl.peterbloem.kit.Global info
INFO: Thread finished searching
Dec 09, 2018 1:58:13 PM nl.peterbloem.kit.Global info
INFO: 91500 iterations finished.
Dec 09, 2018 1:58:24 PM nl.peterbloem.kit.Global info
INFO: Thread finished searching
Dec 09, 2018 1:58:24 PM nl.peterbloem.kit.Global info
INFO: 92000 iterations finished.
Dec 09, 2018 1:58:31 PM nl.peterbloem.kit.Global info
INFO: Thread finished searching
Dec 09, 2018 1:58:37 PM nl.peterbloem.kit.Global info
INFO: 92500 iterations finished.
Dec 09, 2018 1:58:40 PM nl.peterbloem.kit.Global info
INFO: Thread finished searching
Dec 09, 2018 1:58:48 PM nl.peterbloem.kit.Global info
INFO: Thread finished searching
Dec 09, 2018 1:58:58 PM nl.peterbloem.kit.Global info
INFO: 93000 iterations finished.
Dec 09, 2018 1:59:14 PM nl.peterbloem.kit.Global info
INFO: 93500 iterations finished.
Dec 09, 2018 1:59:20 PM nl.peterbloem.kit.Global info
INFO: Thread finished searching
Dec 09, 2018 1:59:35 PM nl.peterbloem.kit.Global info
INFO: 94000 iterations finished.
Dec 09, 2018 1:59:36 PM nl.peterbloem.kit.Global info
INFO: Thread finished searching
Dec 09, 2018 1:59:37 PM nl.peterbloem.kit.Global info
INFO: Thread finished searching
Dec 09, 2018 1:59:45 PM nl.peterbloem.kit.Global info
INFO: Thread finished searching
Dec 09, 2018 1:59:51 PM nl.peterbloem.kit.Global info
INFO: 94500 iterations finished.
Dec 09, 2018 1:59:58 PM nl.peterbloem.kit.Global info
INFO: Thread finished searching
Dec 09, 2018 2:00:20 PM nl.peterbloem.kit.Global info
INFO: 95000 iterations finished.
Dec 09, 2018 2:00:53 PM nl.peterbloem.kit.Global info
INFO: 95500 iterations finished.
Dec 09, 2018 2:01:03 PM nl.peterbloem.kit.Global info
INFO: Thread finished searching
Dec 09, 2018 2:01:18 PM nl.peterbloem.kit.Global info
INFO: 96000 iterations finished.
Dec 09, 2018 2:01:53 PM nl.peterbloem.kit.Global info
INFO: Thread finished searching
Dec 09, 2018 2:01:55 PM nl.peterbloem.kit.Global info
INFO: 96500 iterations finished.
Dec 09, 2018 2:02:07 PM nl.peterbloem.kit.Global info
INFO: Thread finished searching
Dec 09, 2018 2:02:22 PM nl.peterbloem.kit.Global info
INFO: 97000 iterations finished.
Dec 09, 2018 2:02:45 PM nl.peterbloem.kit.Global info
INFO: 97500 iterations finished.
Dec 09, 2018 2:03:25 PM nl.peterbloem.kit.Global info
INFO: 98000 iterations finished.
Dec 09, 2018 2:04:01 PM nl.peterbloem.kit.Global info
INFO: 98500 iterations finished.
Dec 09, 2018 2:04:24 PM nl.peterbloem.kit.Global info
INFO: Thread finished searching
Dec 09, 2018 2:04:30 PM nl.peterbloem.kit.Global info
INFO: 99000 iterations finished.
Dec 09, 2018 2:04:46 PM nl.peterbloem.kit.Global info
INFO: Thread finished searching
Dec 09, 2018 2:04:48 PM nl.peterbloem.kit.Global info
INFO: Thread finished searching
Dec 09, 2018 2:04:52 PM nl.peterbloem.kit.Global info
INFO: Thread finished searching
Dec 09, 2018 2:04:57 PM nl.peterbloem.kit.Global info
INFO: Thread finished searching
Dec 09, 2018 2:05:03 PM nl.peterbloem.kit.Global info
INFO: Thread finished searching
Dec 09, 2018 2:05:04 PM nl.peterbloem.kit.Global info
INFO: 99500 iterations finished.
Dec 09, 2018 2:05:04 PM nl.peterbloem.kit.Global info
INFO: Thread finished searching
Dec 09, 2018 2:05:16 PM nl.peterbloem.kit.Global info
INFO: Thread finished searching
Dec 09, 2018 2:05:34 PM nl.peterbloem.kit.Global info
INFO: Thread finished searching
Dec 09, 2018 2:06:33 PM nl.peterbloem.kit.Global info
INFO: Thread finished searching
Dec 09, 2018 2:06:41 PM nl.peterbloem.kit.Global info
INFO: Thread finished searching
Dec 09, 2018 2:06:41 PM nl.peterbloem.kit.Global info
INFO: Search finished.
Dec 09, 2018 2:06:42 PM nl.peterbloem.kit.Global info
INFO: Finished.
