Sep 06, 2018 1:30:05 AM nl.peterbloem.kit.Global info
INFO: Starting
Sep 06, 2018 1:30:05 AM nl.peterbloem.kit.Global info
INFO: New seed: 1152836007064227857
Sep 06, 2018 1:30:05 AM nl.peterbloem.kit.Global info
INFO: [--experiment, real-world, --iterations, 100000, --topk, 100, --data, mutag, --max-time, 5]
Sep 06, 2018 1:30:07 AM nl.peterbloem.kit.Global info
INFO: Using 32 separate processes.
Sep 06, 2018 1:30:30 AM nl.peterbloem.kit.Global info
INFO: 500 iterations finished.
Sep 06, 2018 1:31:07 AM nl.peterbloem.kit.Global info
INFO: 1000 iterations finished.
Sep 06, 2018 1:31:41 AM nl.peterbloem.kit.Global info
INFO: 1500 iterations finished.
Sep 06, 2018 1:32:21 AM nl.peterbloem.kit.Global info
INFO: 2000 iterations finished.
Sep 06, 2018 1:32:56 AM nl.peterbloem.kit.Global info
INFO: 2500 iterations finished.
Sep 06, 2018 1:33:30 AM nl.peterbloem.kit.Global info
INFO: 3000 iterations finished.
Sep 06, 2018 1:33:59 AM nl.peterbloem.kit.Global info
INFO: 3500 iterations finished.
Sep 06, 2018 1:34:32 AM nl.peterbloem.kit.Global info
INFO: 4000 iterations finished.
Sep 06, 2018 1:34:58 AM nl.peterbloem.kit.Global info
INFO: 4500 iterations finished.
Sep 06, 2018 1:35:33 AM nl.peterbloem.kit.Global info
INFO: 5000 iterations finished.
Sep 06, 2018 1:36:04 AM nl.peterbloem.kit.Global info
INFO: 5500 iterations finished.
Sep 06, 2018 1:36:36 AM nl.peterbloem.kit.Global info
INFO: 6000 iterations finished.
Sep 06, 2018 1:37:07 AM nl.peterbloem.kit.Global info
INFO: 6500 iterations finished.
Sep 06, 2018 1:37:38 AM nl.peterbloem.kit.Global info
INFO: 7000 iterations finished.
Sep 06, 2018 1:38:08 AM nl.peterbloem.kit.Global info
INFO: 7500 iterations finished.
Sep 06, 2018 1:38:44 AM nl.peterbloem.kit.Global info
INFO: 8000 iterations finished.
Sep 06, 2018 1:39:11 AM nl.peterbloem.kit.Global info
INFO: 8500 iterations finished.
Sep 06, 2018 1:39:42 AM nl.peterbloem.kit.Global info
INFO: 9000 iterations finished.
Sep 06, 2018 1:40:16 AM nl.peterbloem.kit.Global info
INFO: 9500 iterations finished.
Sep 06, 2018 1:40:52 AM nl.peterbloem.kit.Global info
INFO: 10000 iterations finished.
Sep 06, 2018 1:41:24 AM nl.peterbloem.kit.Global info
INFO: 10500 iterations finished.
Sep 06, 2018 1:41:57 AM nl.peterbloem.kit.Global info
INFO: 11000 iterations finished.
Sep 06, 2018 1:42:24 AM nl.peterbloem.kit.Global info
INFO: 11500 iterations finished.
Sep 06, 2018 1:42:58 AM nl.peterbloem.kit.Global info
INFO: 12000 iterations finished.
Sep 06, 2018 1:43:33 AM nl.peterbloem.kit.Global info
INFO: 12500 iterations finished.
Sep 06, 2018 1:44:10 AM nl.peterbloem.kit.Global info
INFO: 13000 iterations finished.
Sep 06, 2018 1:44:50 AM nl.peterbloem.kit.Global info
INFO: 13500 iterations finished.
Sep 06, 2018 1:45:22 AM nl.peterbloem.kit.Global info
INFO: 14000 iterations finished.
Sep 06, 2018 1:45:49 AM nl.peterbloem.kit.Global info
INFO: 14500 iterations finished.
Sep 06, 2018 1:46:17 AM nl.peterbloem.kit.Global info
INFO: 15000 iterations finished.
Sep 06, 2018 1:46:47 AM nl.peterbloem.kit.Global info
INFO: 15500 iterations finished.
Sep 06, 2018 1:47:25 AM nl.peterbloem.kit.Global info
INFO: 16000 iterations finished.
Sep 06, 2018 1:47:55 AM nl.peterbloem.kit.Global info
INFO: 16500 iterations finished.
Sep 06, 2018 1:48:24 AM nl.peterbloem.kit.Global info
INFO: 17000 iterations finished.
Sep 06, 2018 1:49:01 AM nl.peterbloem.kit.Global info
INFO: 17500 iterations finished.
Sep 06, 2018 1:49:31 AM nl.peterbloem.kit.Global info
INFO: 18000 iterations finished.
Sep 06, 2018 1:50:10 AM nl.peterbloem.kit.Global info
INFO: 18500 iterations finished.
Sep 06, 2018 1:50:40 AM nl.peterbloem.kit.Global info
INFO: 19000 iterations finished.
Sep 06, 2018 1:51:11 AM nl.peterbloem.kit.Global info
INFO: 19500 iterations finished.
Sep 06, 2018 1:51:41 AM nl.peterbloem.kit.Global info
INFO: 20000 iterations finished.
Sep 06, 2018 1:52:08 AM nl.peterbloem.kit.Global info
INFO: 20500 iterations finished.
Sep 06, 2018 1:52:41 AM nl.peterbloem.kit.Global info
INFO: 21000 iterations finished.
Sep 06, 2018 1:53:14 AM nl.peterbloem.kit.Global info
INFO: 21500 iterations finished.
Sep 06, 2018 1:53:49 AM nl.peterbloem.kit.Global info
INFO: 22000 iterations finished.
Sep 06, 2018 1:54:23 AM nl.peterbloem.kit.Global info
INFO: 22500 iterations finished.
Sep 06, 2018 1:55:01 AM nl.peterbloem.kit.Global info
INFO: 23000 iterations finished.
Sep 06, 2018 1:55:29 AM nl.peterbloem.kit.Global info
INFO: 23500 iterations finished.
Sep 06, 2018 1:56:03 AM nl.peterbloem.kit.Global info
INFO: 24000 iterations finished.
Sep 06, 2018 1:56:32 AM nl.peterbloem.kit.Global info
INFO: 24500 iterations finished.
Sep 06, 2018 1:57:04 AM nl.peterbloem.kit.Global info
INFO: 25000 iterations finished.
Sep 06, 2018 1:57:32 AM nl.peterbloem.kit.Global info
INFO: 25500 iterations finished.
Sep 06, 2018 1:58:06 AM nl.peterbloem.kit.Global info
INFO: 26000 iterations finished.
Sep 06, 2018 1:58:41 AM nl.peterbloem.kit.Global info
INFO: 26500 iterations finished.
Sep 06, 2018 1:59:18 AM nl.peterbloem.kit.Global info
INFO: 27000 iterations finished.
Sep 06, 2018 1:59:52 AM nl.peterbloem.kit.Global info
INFO: 27500 iterations finished.
Sep 06, 2018 2:00:20 AM nl.peterbloem.kit.Global info
INFO: 28000 iterations finished.
Sep 06, 2018 2:01:00 AM nl.peterbloem.kit.Global info
INFO: 28500 iterations finished.
Sep 06, 2018 2:01:37 AM nl.peterbloem.kit.Global info
INFO: 29000 iterations finished.
Sep 06, 2018 2:02:12 AM nl.peterbloem.kit.Global info
INFO: 29500 iterations finished.
Sep 06, 2018 2:02:45 AM nl.peterbloem.kit.Global info
INFO: 30000 iterations finished.
Sep 06, 2018 2:03:19 AM nl.peterbloem.kit.Global info
INFO: 30500 iterations finished.
Sep 06, 2018 2:03:48 AM nl.peterbloem.kit.Global info
INFO: 31000 iterations finished.
Sep 06, 2018 2:04:19 AM nl.peterbloem.kit.Global info
INFO: 31500 iterations finished.
Sep 06, 2018 2:04:46 AM nl.peterbloem.kit.Global info
INFO: 32000 iterations finished.
Sep 06, 2018 2:05:13 AM nl.peterbloem.kit.Global info
INFO: 32500 iterations finished.
Sep 06, 2018 2:05:47 AM nl.peterbloem.kit.Global info
INFO: 33000 iterations finished.
Sep 06, 2018 2:06:19 AM nl.peterbloem.kit.Global info
INFO: 33500 iterations finished.
Sep 06, 2018 2:06:54 AM nl.peterbloem.kit.Global info
INFO: 34000 iterations finished.
Sep 06, 2018 2:07:29 AM nl.peterbloem.kit.Global info
INFO: 34500 iterations finished.
Sep 06, 2018 2:07:55 AM nl.peterbloem.kit.Global info
INFO: 35000 iterations finished.
Sep 06, 2018 2:08:35 AM nl.peterbloem.kit.Global info
INFO: 35500 iterations finished.
Sep 06, 2018 2:09:04 AM nl.peterbloem.kit.Global info
INFO: 36000 iterations finished.
Sep 06, 2018 2:09:35 AM nl.peterbloem.kit.Global info
INFO: 36500 iterations finished.
Sep 06, 2018 2:10:05 AM nl.peterbloem.kit.Global info
INFO: 37000 iterations finished.
Sep 06, 2018 2:10:38 AM nl.peterbloem.kit.Global info
INFO: 37500 iterations finished.
Sep 06, 2018 2:11:09 AM nl.peterbloem.kit.Global info
INFO: 38000 iterations finished.
Sep 06, 2018 2:11:42 AM nl.peterbloem.kit.Global info
INFO: 38500 iterations finished.
Sep 06, 2018 2:12:14 AM nl.peterbloem.kit.Global info
INFO: 39000 iterations finished.
Sep 06, 2018 2:12:47 AM nl.peterbloem.kit.Global info
INFO: 39500 iterations finished.
Sep 06, 2018 2:13:19 AM nl.peterbloem.kit.Global info
INFO: 40000 iterations finished.
Sep 06, 2018 2:13:52 AM nl.peterbloem.kit.Global info
INFO: 40500 iterations finished.
Sep 06, 2018 2:14:20 AM nl.peterbloem.kit.Global info
INFO: 41000 iterations finished.
Sep 06, 2018 2:14:50 AM nl.peterbloem.kit.Global info
INFO: 41500 iterations finished.
Sep 06, 2018 2:15:25 AM nl.peterbloem.kit.Global info
INFO: 42000 iterations finished.
Sep 06, 2018 2:15:59 AM nl.peterbloem.kit.Global info
INFO: 42500 iterations finished.
Sep 06, 2018 2:16:32 AM nl.peterbloem.kit.Global info
INFO: 43000 iterations finished.
Sep 06, 2018 2:16:57 AM nl.peterbloem.kit.Global info
INFO: 43500 iterations finished.
Sep 06, 2018 2:17:31 AM nl.peterbloem.kit.Global info
INFO: 44000 iterations finished.
Sep 06, 2018 2:17:57 AM nl.peterbloem.kit.Global info
INFO: 44500 iterations finished.
Sep 06, 2018 2:18:31 AM nl.peterbloem.kit.Global info
INFO: 45000 iterations finished.
Sep 06, 2018 2:19:05 AM nl.peterbloem.kit.Global info
INFO: 45500 iterations finished.
Sep 06, 2018 2:19:38 AM nl.peterbloem.kit.Global info
INFO: 46000 iterations finished.
Sep 06, 2018 2:20:13 AM nl.peterbloem.kit.Global info
INFO: 46500 iterations finished.
Sep 06, 2018 2:20:48 AM nl.peterbloem.kit.Global info
INFO: 47000 iterations finished.
Sep 06, 2018 2:21:19 AM nl.peterbloem.kit.Global info
INFO: 47500 iterations finished.
Sep 06, 2018 2:21:50 AM nl.peterbloem.kit.Global info
INFO: 48000 iterations finished.
Sep 06, 2018 2:22:20 AM nl.peterbloem.kit.Global info
INFO: 48500 iterations finished.
Sep 06, 2018 2:22:54 AM nl.peterbloem.kit.Global info
INFO: 49000 iterations finished.
Sep 06, 2018 2:23:24 AM nl.peterbloem.kit.Global info
INFO: 49500 iterations finished.
Sep 06, 2018 2:24:01 AM nl.peterbloem.kit.Global info
INFO: 50000 iterations finished.
Sep 06, 2018 2:24:32 AM nl.peterbloem.kit.Global info
INFO: 50500 iterations finished.
Sep 06, 2018 2:25:09 AM nl.peterbloem.kit.Global info
INFO: 51000 iterations finished.
Sep 06, 2018 2:25:45 AM nl.peterbloem.kit.Global info
INFO: 51500 iterations finished.
Sep 06, 2018 2:26:18 AM nl.peterbloem.kit.Global info
INFO: 52000 iterations finished.
Sep 06, 2018 2:26:51 AM nl.peterbloem.kit.Global info
INFO: 52500 iterations finished.
Sep 06, 2018 2:27:26 AM nl.peterbloem.kit.Global info
INFO: 53000 iterations finished.
Sep 06, 2018 2:27:57 AM nl.peterbloem.kit.Global info
INFO: 53500 iterations finished.
Sep 06, 2018 2:28:38 AM nl.peterbloem.kit.Global info
INFO: 54000 iterations finished.
Sep 06, 2018 2:29:11 AM nl.peterbloem.kit.Global info
INFO: 54500 iterations finished.
Sep 06, 2018 2:29:45 AM nl.peterbloem.kit.Global info
INFO: 55000 iterations finished.
Sep 06, 2018 2:30:19 AM nl.peterbloem.kit.Global info
INFO: 55500 iterations finished.
Sep 06, 2018 2:30:46 AM nl.peterbloem.kit.Global info
INFO: 56000 iterations finished.
Sep 06, 2018 2:31:15 AM nl.peterbloem.kit.Global info
INFO: 56500 iterations finished.
Sep 06, 2018 2:31:47 AM nl.peterbloem.kit.Global info
INFO: 57000 iterations finished.
Sep 06, 2018 2:32:19 AM nl.peterbloem.kit.Global info
INFO: 57500 iterations finished.
Sep 06, 2018 2:32:50 AM nl.peterbloem.kit.Global info
INFO: 58000 iterations finished.
Sep 06, 2018 2:33:19 AM nl.peterbloem.kit.Global info
INFO: 58500 iterations finished.
Sep 06, 2018 2:33:59 AM nl.peterbloem.kit.Global info
INFO: 59000 iterations finished.
Sep 06, 2018 2:34:25 AM nl.peterbloem.kit.Global info
INFO: 59500 iterations finished.
Sep 06, 2018 2:34:58 AM nl.peterbloem.kit.Global info
INFO: 60000 iterations finished.
Sep 06, 2018 2:35:31 AM nl.peterbloem.kit.Global info
INFO: 60500 iterations finished.
Sep 06, 2018 2:36:02 AM nl.peterbloem.kit.Global info
INFO: 61000 iterations finished.
Sep 06, 2018 2:36:35 AM nl.peterbloem.kit.Global info
INFO: 61500 iterations finished.
Sep 06, 2018 2:37:11 AM nl.peterbloem.kit.Global info
INFO: 62000 iterations finished.
Sep 06, 2018 2:37:47 AM nl.peterbloem.kit.Global info
INFO: 62500 iterations finished.
Sep 06, 2018 2:38:23 AM nl.peterbloem.kit.Global info
INFO: 63000 iterations finished.
Sep 06, 2018 2:38:55 AM nl.peterbloem.kit.Global info
INFO: 63500 iterations finished.
Sep 06, 2018 2:39:28 AM nl.peterbloem.kit.Global info
INFO: 64000 iterations finished.
Sep 06, 2018 2:39:57 AM nl.peterbloem.kit.Global info
INFO: 64500 iterations finished.
Sep 06, 2018 2:40:28 AM nl.peterbloem.kit.Global info
INFO: 65000 iterations finished.
Sep 06, 2018 2:41:01 AM nl.peterbloem.kit.Global info
INFO: 65500 iterations finished.
Sep 06, 2018 2:41:36 AM nl.peterbloem.kit.Global info
INFO: 66000 iterations finished.
Sep 06, 2018 2:42:07 AM nl.peterbloem.kit.Global info
INFO: 66500 iterations finished.
Sep 06, 2018 2:42:39 AM nl.peterbloem.kit.Global info
INFO: 67000 iterations finished.
Sep 06, 2018 2:43:13 AM nl.peterbloem.kit.Global info
INFO: 67500 iterations finished.
Sep 06, 2018 2:43:43 AM nl.peterbloem.kit.Global info
INFO: 68000 iterations finished.
Sep 06, 2018 2:44:15 AM nl.peterbloem.kit.Global info
INFO: 68500 iterations finished.
Sep 06, 2018 2:44:47 AM nl.peterbloem.kit.Global info
INFO: 69000 iterations finished.
Sep 06, 2018 2:45:15 AM nl.peterbloem.kit.Global info
INFO: 69500 iterations finished.
Sep 06, 2018 2:45:53 AM nl.peterbloem.kit.Global info
INFO: 70000 iterations finished.
Sep 06, 2018 2:46:19 AM nl.peterbloem.kit.Global info
INFO: 70500 iterations finished.
Sep 06, 2018 2:46:46 AM nl.peterbloem.kit.Global info
INFO: 71000 iterations finished.
Sep 06, 2018 2:47:14 AM nl.peterbloem.kit.Global info
INFO: 71500 iterations finished.
Sep 06, 2018 2:47:41 AM nl.peterbloem.kit.Global info
INFO: 72000 iterations finished.
Sep 06, 2018 2:48:15 AM nl.peterbloem.kit.Global info
INFO: 72500 iterations finished.
Sep 06, 2018 2:48:46 AM nl.peterbloem.kit.Global info
INFO: 73000 iterations finished.
Sep 06, 2018 2:49:16 AM nl.peterbloem.kit.Global info
INFO: 73500 iterations finished.
Sep 06, 2018 2:49:49 AM nl.peterbloem.kit.Global info
INFO: 74000 iterations finished.
Sep 06, 2018 2:50:28 AM nl.peterbloem.kit.Global info
INFO: 74500 iterations finished.
Sep 06, 2018 2:50:59 AM nl.peterbloem.kit.Global info
INFO: 75000 iterations finished.
Sep 06, 2018 2:51:31 AM nl.peterbloem.kit.Global info
INFO: 75500 iterations finished.
Sep 06, 2018 2:52:10 AM nl.peterbloem.kit.Global info
INFO: 76000 iterations finished.
Sep 06, 2018 2:52:43 AM nl.peterbloem.kit.Global info
INFO: 76500 iterations finished.
Sep 06, 2018 2:53:19 AM nl.peterbloem.kit.Global info
INFO: 77000 iterations finished.
Sep 06, 2018 2:53:49 AM nl.peterbloem.kit.Global info
INFO: 77500 iterations finished.
Sep 06, 2018 2:54:22 AM nl.peterbloem.kit.Global info
INFO: 78000 iterations finished.
Sep 06, 2018 2:54:54 AM nl.peterbloem.kit.Global info
INFO: 78500 iterations finished.
Sep 06, 2018 2:55:33 AM nl.peterbloem.kit.Global info
INFO: 79000 iterations finished.
Sep 06, 2018 2:56:07 AM nl.peterbloem.kit.Global info
INFO: 79500 iterations finished.
Sep 06, 2018 2:56:36 AM nl.peterbloem.kit.Global info
INFO: 80000 iterations finished.
Sep 06, 2018 2:57:09 AM nl.peterbloem.kit.Global info
INFO: 80500 iterations finished.
Sep 06, 2018 2:57:40 AM nl.peterbloem.kit.Global info
INFO: 81000 iterations finished.
Sep 06, 2018 2:58:15 AM nl.peterbloem.kit.Global info
INFO: 81500 iterations finished.
Sep 06, 2018 2:58:46 AM nl.peterbloem.kit.Global info
INFO: 82000 iterations finished.
Sep 06, 2018 2:59:16 AM nl.peterbloem.kit.Global info
INFO: 82500 iterations finished.
Sep 06, 2018 2:59:45 AM nl.peterbloem.kit.Global info
INFO: 83000 iterations finished.
Sep 06, 2018 3:00:20 AM nl.peterbloem.kit.Global info
INFO: 83500 iterations finished.
Sep 06, 2018 3:00:50 AM nl.peterbloem.kit.Global info
INFO: 84000 iterations finished.
Sep 06, 2018 3:01:22 AM nl.peterbloem.kit.Global info
INFO: 84500 iterations finished.
Sep 06, 2018 3:01:59 AM nl.peterbloem.kit.Global info
INFO: 85000 iterations finished.
Sep 06, 2018 3:02:29 AM nl.peterbloem.kit.Global info
INFO: 85500 iterations finished.
Sep 06, 2018 3:02:38 AM nl.peterbloem.kit.Global info
INFO: Finished searching
Sep 06, 2018 3:03:05 AM nl.peterbloem.kit.Global info
INFO: 86000 iterations finished.
Sep 06, 2018 3:03:40 AM nl.peterbloem.kit.Global info
INFO: 86500 iterations finished.
Sep 06, 2018 3:04:12 AM nl.peterbloem.kit.Global info
INFO: 87000 iterations finished.
Sep 06, 2018 3:04:46 AM nl.peterbloem.kit.Global info
INFO: 87500 iterations finished.
Sep 06, 2018 3:05:19 AM nl.peterbloem.kit.Global info
INFO: 88000 iterations finished.
Sep 06, 2018 3:05:51 AM nl.peterbloem.kit.Global info
INFO: 88500 iterations finished.
Sep 06, 2018 3:06:29 AM nl.peterbloem.kit.Global info
INFO: 89000 iterations finished.
Sep 06, 2018 3:07:00 AM nl.peterbloem.kit.Global info
INFO: 89500 iterations finished.
Sep 06, 2018 3:07:34 AM nl.peterbloem.kit.Global info
INFO: 90000 iterations finished.
Sep 06, 2018 3:08:01 AM nl.peterbloem.kit.Global info
INFO: Finished searching
Sep 06, 2018 3:08:03 AM nl.peterbloem.kit.Global info
INFO: 90500 iterations finished.
Sep 06, 2018 3:08:42 AM nl.peterbloem.kit.Global info
INFO: 91000 iterations finished.
Sep 06, 2018 3:08:49 AM nl.peterbloem.kit.Global info
INFO: Finished searching
Sep 06, 2018 3:09:05 AM nl.peterbloem.kit.Global info
INFO: Finished searching
Sep 06, 2018 3:09:18 AM nl.peterbloem.kit.Global info
INFO: 91500 iterations finished.
Sep 06, 2018 3:09:58 AM nl.peterbloem.kit.Global info
INFO: 92000 iterations finished.
Sep 06, 2018 3:10:05 AM nl.peterbloem.kit.Global info
INFO: Finished searching
Sep 06, 2018 3:10:40 AM nl.peterbloem.kit.Global info
INFO: 92500 iterations finished.
Sep 06, 2018 3:11:20 AM nl.peterbloem.kit.Global info
INFO: 93000 iterations finished.
Sep 06, 2018 3:11:27 AM nl.peterbloem.kit.Global info
INFO: Finished searching
Sep 06, 2018 3:12:00 AM nl.peterbloem.kit.Global info
INFO: 93500 iterations finished.
Sep 06, 2018 3:12:08 AM nl.peterbloem.kit.Global info
INFO: Finished searching
Sep 06, 2018 3:12:40 AM nl.peterbloem.kit.Global info
INFO: 94000 iterations finished.
Sep 06, 2018 3:13:29 AM nl.peterbloem.kit.Global info
INFO: 94500 iterations finished.
Sep 06, 2018 3:14:14 AM nl.peterbloem.kit.Global info
INFO: Finished searching
Sep 06, 2018 3:14:17 AM nl.peterbloem.kit.Global info
INFO: 95000 iterations finished.
Sep 06, 2018 3:15:05 AM nl.peterbloem.kit.Global info
INFO: 95500 iterations finished.
Sep 06, 2018 3:15:36 AM nl.peterbloem.kit.Global info
INFO: Finished searching
Sep 06, 2018 3:15:50 AM nl.peterbloem.kit.Global info
INFO: 96000 iterations finished.
Sep 06, 2018 3:16:30 AM nl.peterbloem.kit.Global info
INFO: Finished searching
Sep 06, 2018 3:16:32 AM nl.peterbloem.kit.Global info
INFO: Finished searching
Sep 06, 2018 3:16:43 AM nl.peterbloem.kit.Global info
INFO: 96500 iterations finished.
Sep 06, 2018 3:17:18 AM nl.peterbloem.kit.Global info
INFO: Finished searching
Sep 06, 2018 3:17:22 AM nl.peterbloem.kit.Global info
INFO: Finished searching
Sep 06, 2018 3:17:44 AM nl.peterbloem.kit.Global info
INFO: 97000 iterations finished.
Sep 06, 2018 3:18:00 AM nl.peterbloem.kit.Global info
INFO: Finished searching
Sep 06, 2018 3:18:02 AM nl.peterbloem.kit.Global info
INFO: Finished searching
Sep 06, 2018 3:18:34 AM nl.peterbloem.kit.Global info
INFO: Finished searching
Sep 06, 2018 3:18:49 AM nl.peterbloem.kit.Global info
INFO: 97500 iterations finished.
Sep 06, 2018 3:18:59 AM nl.peterbloem.kit.Global info
INFO: Finished searching
Sep 06, 2018 3:20:08 AM nl.peterbloem.kit.Global info
INFO: 98000 iterations finished.
Sep 06, 2018 3:21:01 AM nl.peterbloem.kit.Global info
INFO: Finished searching
Sep 06, 2018 3:21:04 AM nl.peterbloem.kit.Global info
INFO: Finished searching
Sep 06, 2018 3:21:32 AM nl.peterbloem.kit.Global info
INFO: 98500 iterations finished.
Sep 06, 2018 3:22:07 AM nl.peterbloem.kit.Global info
INFO: Finished searching
Sep 06, 2018 3:22:55 AM nl.peterbloem.kit.Global info
INFO: Finished searching
Sep 06, 2018 3:23:05 AM nl.peterbloem.kit.Global info
INFO: Finished searching
Sep 06, 2018 3:23:21 AM nl.peterbloem.kit.Global info
INFO: 99000 iterations finished.
Sep 06, 2018 3:25:10 AM nl.peterbloem.kit.Global info
INFO: 99500 iterations finished.
Sep 06, 2018 3:25:18 AM nl.peterbloem.kit.Global info
INFO: Finished searching
Sep 06, 2018 3:25:20 AM nl.peterbloem.kit.Global info
INFO: Finished searching
Sep 06, 2018 3:25:28 AM nl.peterbloem.kit.Global info
INFO: Finished searching
Sep 06, 2018 3:25:45 AM nl.peterbloem.kit.Global info
INFO: Finished searching
Sep 06, 2018 3:26:09 AM nl.peterbloem.kit.Global info
INFO: Finished searching
Sep 06, 2018 3:27:44 AM nl.peterbloem.kit.Global info
INFO: Finished searching
Sep 06, 2018 3:27:56 AM nl.peterbloem.kit.Global info
INFO: Finished searching
Sep 06, 2018 3:28:21 AM nl.peterbloem.kit.Global info
INFO: Finished searching
Sep 06, 2018 3:30:02 AM nl.peterbloem.kit.Global info
INFO: Finished searching
Sep 06, 2018 3:30:13 AM nl.peterbloem.kit.Global info
INFO: Finished searching
Sep 06, 2018 3:30:13 AM nl.peterbloem.kit.Global info
INFO: Search finished.
Sep 06, 2018 3:30:14 AM nl.peterbloem.kit.Global info
INFO: Finished.
