Sep 06, 2018 3:45:17 AM nl.peterbloem.kit.Global info
INFO: Starting
Sep 06, 2018 3:45:17 AM nl.peterbloem.kit.Global info
INFO: New seed: 7882256445473383886
Sep 06, 2018 3:45:17 AM nl.peterbloem.kit.Global info
INFO: [--experiment, real-world, --iterations, 100000, --topk, 100, --data, mutag, --max-time, 5]
Sep 06, 2018 3:45:19 AM nl.peterbloem.kit.Global info
INFO: Using 32 separate processes.
Sep 06, 2018 3:45:32 AM nl.peterbloem.kit.Global info
INFO: 500 iterations finished.
Sep 06, 2018 3:45:48 AM nl.peterbloem.kit.Global info
INFO: 1000 iterations finished.
Sep 06, 2018 3:46:04 AM nl.peterbloem.kit.Global info
INFO: 1500 iterations finished.
Sep 06, 2018 3:46:23 AM nl.peterbloem.kit.Global info
INFO: 2000 iterations finished.
Sep 06, 2018 3:46:47 AM nl.peterbloem.kit.Global info
INFO: 2500 iterations finished.
Sep 06, 2018 3:47:06 AM nl.peterbloem.kit.Global info
INFO: 3000 iterations finished.
Sep 06, 2018 3:47:29 AM nl.peterbloem.kit.Global info
INFO: 3500 iterations finished.
Sep 06, 2018 3:47:59 AM nl.peterbloem.kit.Global info
INFO: 4000 iterations finished.
Sep 06, 2018 3:48:26 AM nl.peterbloem.kit.Global info
INFO: 4500 iterations finished.
Sep 06, 2018 3:48:48 AM nl.peterbloem.kit.Global info
INFO: 5000 iterations finished.
Sep 06, 2018 3:49:08 AM nl.peterbloem.kit.Global info
INFO: 5500 iterations finished.
Sep 06, 2018 3:49:36 AM nl.peterbloem.kit.Global info
INFO: 6000 iterations finished.
Sep 06, 2018 3:50:00 AM nl.peterbloem.kit.Global info
INFO: 6500 iterations finished.
Sep 06, 2018 3:50:18 AM nl.peterbloem.kit.Global info
INFO: 7000 iterations finished.
Sep 06, 2018 3:50:39 AM nl.peterbloem.kit.Global info
INFO: 7500 iterations finished.
Sep 06, 2018 3:51:09 AM nl.peterbloem.kit.Global info
INFO: 8000 iterations finished.
Sep 06, 2018 3:51:27 AM nl.peterbloem.kit.Global info
INFO: 8500 iterations finished.
Sep 06, 2018 3:51:54 AM nl.peterbloem.kit.Global info
INFO: 9000 iterations finished.
Sep 06, 2018 3:52:15 AM nl.peterbloem.kit.Global info
INFO: 9500 iterations finished.
Sep 06, 2018 3:52:39 AM nl.peterbloem.kit.Global info
INFO: 10000 iterations finished.
Sep 06, 2018 3:53:10 AM nl.peterbloem.kit.Global info
INFO: 10500 iterations finished.
Sep 06, 2018 3:53:37 AM nl.peterbloem.kit.Global info
INFO: 11000 iterations finished.
Sep 06, 2018 3:53:59 AM nl.peterbloem.kit.Global info
INFO: 11500 iterations finished.
Sep 06, 2018 3:54:26 AM nl.peterbloem.kit.Global info
INFO: 12000 iterations finished.
Sep 06, 2018 3:54:51 AM nl.peterbloem.kit.Global info
INFO: 12500 iterations finished.
Sep 06, 2018 3:55:12 AM nl.peterbloem.kit.Global info
INFO: 13000 iterations finished.
Sep 06, 2018 3:55:39 AM nl.peterbloem.kit.Global info
INFO: 13500 iterations finished.
Sep 06, 2018 3:55:54 AM nl.peterbloem.kit.Global info
INFO: 14000 iterations finished.
Sep 06, 2018 3:56:16 AM nl.peterbloem.kit.Global info
INFO: 14500 iterations finished.
Sep 06, 2018 3:56:37 AM nl.peterbloem.kit.Global info
INFO: 15000 iterations finished.
Sep 06, 2018 3:57:06 AM nl.peterbloem.kit.Global info
INFO: 15500 iterations finished.
Sep 06, 2018 3:57:29 AM nl.peterbloem.kit.Global info
INFO: 16000 iterations finished.
Sep 06, 2018 3:57:59 AM nl.peterbloem.kit.Global info
INFO: 16500 iterations finished.
Sep 06, 2018 3:58:24 AM nl.peterbloem.kit.Global info
INFO: 17000 iterations finished.
Sep 06, 2018 3:58:46 AM nl.peterbloem.kit.Global info
INFO: 17500 iterations finished.
Sep 06, 2018 3:59:11 AM nl.peterbloem.kit.Global info
INFO: 18000 iterations finished.
Sep 06, 2018 3:59:37 AM nl.peterbloem.kit.Global info
INFO: 18500 iterations finished.
Sep 06, 2018 4:00:02 AM nl.peterbloem.kit.Global info
INFO: 19000 iterations finished.
Sep 06, 2018 4:00:34 AM nl.peterbloem.kit.Global info
INFO: 19500 iterations finished.
Sep 06, 2018 4:00:58 AM nl.peterbloem.kit.Global info
INFO: 20000 iterations finished.
Sep 06, 2018 4:01:28 AM nl.peterbloem.kit.Global info
INFO: 20500 iterations finished.
Sep 06, 2018 4:01:48 AM nl.peterbloem.kit.Global info
INFO: 21000 iterations finished.
Sep 06, 2018 4:02:05 AM nl.peterbloem.kit.Global info
INFO: 21500 iterations finished.
Sep 06, 2018 4:02:23 AM nl.peterbloem.kit.Global info
INFO: 22000 iterations finished.
Sep 06, 2018 4:02:47 AM nl.peterbloem.kit.Global info
INFO: 22500 iterations finished.
Sep 06, 2018 4:03:10 AM nl.peterbloem.kit.Global info
INFO: 23000 iterations finished.
Sep 06, 2018 4:03:31 AM nl.peterbloem.kit.Global info
INFO: 23500 iterations finished.
Sep 06, 2018 4:03:57 AM nl.peterbloem.kit.Global info
INFO: 24000 iterations finished.
Sep 06, 2018 4:04:22 AM nl.peterbloem.kit.Global info
INFO: 24500 iterations finished.
Sep 06, 2018 4:04:45 AM nl.peterbloem.kit.Global info
INFO: 25000 iterations finished.
Sep 06, 2018 4:05:00 AM nl.peterbloem.kit.Global info
INFO: 25500 iterations finished.
Sep 06, 2018 4:05:28 AM nl.peterbloem.kit.Global info
INFO: 26000 iterations finished.
Sep 06, 2018 4:05:56 AM nl.peterbloem.kit.Global info
INFO: 26500 iterations finished.
Sep 06, 2018 4:06:22 AM nl.peterbloem.kit.Global info
INFO: 27000 iterations finished.
Sep 06, 2018 4:06:41 AM nl.peterbloem.kit.Global info
INFO: 27500 iterations finished.
Sep 06, 2018 4:07:02 AM nl.peterbloem.kit.Global info
INFO: 28000 iterations finished.
Sep 06, 2018 4:07:27 AM nl.peterbloem.kit.Global info
INFO: 28500 iterations finished.
Sep 06, 2018 4:07:54 AM nl.peterbloem.kit.Global info
INFO: 29000 iterations finished.
Sep 06, 2018 4:08:20 AM nl.peterbloem.kit.Global info
INFO: 29500 iterations finished.
Sep 06, 2018 4:08:47 AM nl.peterbloem.kit.Global info
INFO: 30000 iterations finished.
Sep 06, 2018 4:09:15 AM nl.peterbloem.kit.Global info
INFO: 30500 iterations finished.
Sep 06, 2018 4:09:42 AM nl.peterbloem.kit.Global info
INFO: 31000 iterations finished.
Sep 06, 2018 4:10:16 AM nl.peterbloem.kit.Global info
INFO: 31500 iterations finished.
Sep 06, 2018 4:10:38 AM nl.peterbloem.kit.Global info
INFO: 32000 iterations finished.
Sep 06, 2018 4:11:01 AM nl.peterbloem.kit.Global info
INFO: 32500 iterations finished.
Sep 06, 2018 4:11:23 AM nl.peterbloem.kit.Global info
INFO: 33000 iterations finished.
Sep 06, 2018 4:11:49 AM nl.peterbloem.kit.Global info
INFO: 33500 iterations finished.
Sep 06, 2018 4:12:11 AM nl.peterbloem.kit.Global info
INFO: 34000 iterations finished.
Sep 06, 2018 4:12:34 AM nl.peterbloem.kit.Global info
INFO: 34500 iterations finished.
Sep 06, 2018 4:12:54 AM nl.peterbloem.kit.Global info
INFO: 35000 iterations finished.
Sep 06, 2018 4:13:19 AM nl.peterbloem.kit.Global info
INFO: 35500 iterations finished.
Sep 06, 2018 4:13:53 AM nl.peterbloem.kit.Global info
INFO: 36000 iterations finished.
Sep 06, 2018 4:14:09 AM nl.peterbloem.kit.Global info
INFO: 36500 iterations finished.
Sep 06, 2018 4:14:24 AM nl.peterbloem.kit.Global info
INFO: 37000 iterations finished.
Sep 06, 2018 4:14:50 AM nl.peterbloem.kit.Global info
INFO: 37500 iterations finished.
Sep 06, 2018 4:15:09 AM nl.peterbloem.kit.Global info
INFO: 38000 iterations finished.
Sep 06, 2018 4:15:35 AM nl.peterbloem.kit.Global info
INFO: 38500 iterations finished.
Sep 06, 2018 4:15:57 AM nl.peterbloem.kit.Global info
INFO: 39000 iterations finished.
Sep 06, 2018 4:16:20 AM nl.peterbloem.kit.Global info
INFO: 39500 iterations finished.
Sep 06, 2018 4:16:41 AM nl.peterbloem.kit.Global info
INFO: 40000 iterations finished.
Sep 06, 2018 4:17:02 AM nl.peterbloem.kit.Global info
INFO: 40500 iterations finished.
Sep 06, 2018 4:17:29 AM nl.peterbloem.kit.Global info
INFO: 41000 iterations finished.
Sep 06, 2018 4:17:50 AM nl.peterbloem.kit.Global info
INFO: 41500 iterations finished.
Sep 06, 2018 4:18:18 AM nl.peterbloem.kit.Global info
INFO: 42000 iterations finished.
Sep 06, 2018 4:18:34 AM nl.peterbloem.kit.Global info
INFO: 42500 iterations finished.
Sep 06, 2018 4:18:54 AM nl.peterbloem.kit.Global info
INFO: 43000 iterations finished.
Sep 06, 2018 4:19:12 AM nl.peterbloem.kit.Global info
INFO: 43500 iterations finished.
Sep 06, 2018 4:19:36 AM nl.peterbloem.kit.Global info
INFO: 44000 iterations finished.
Sep 06, 2018 4:19:59 AM nl.peterbloem.kit.Global info
INFO: 44500 iterations finished.
Sep 06, 2018 4:20:18 AM nl.peterbloem.kit.Global info
INFO: 45000 iterations finished.
Sep 06, 2018 4:20:41 AM nl.peterbloem.kit.Global info
INFO: 45500 iterations finished.
Sep 06, 2018 4:21:05 AM nl.peterbloem.kit.Global info
INFO: 46000 iterations finished.
Sep 06, 2018 4:21:30 AM nl.peterbloem.kit.Global info
INFO: 46500 iterations finished.
Sep 06, 2018 4:21:48 AM nl.peterbloem.kit.Global info
INFO: 47000 iterations finished.
Sep 06, 2018 4:22:09 AM nl.peterbloem.kit.Global info
INFO: 47500 iterations finished.
Sep 06, 2018 4:22:35 AM nl.peterbloem.kit.Global info
INFO: 48000 iterations finished.
Sep 06, 2018 4:22:57 AM nl.peterbloem.kit.Global info
INFO: 48500 iterations finished.
Sep 06, 2018 4:23:21 AM nl.peterbloem.kit.Global info
INFO: 49000 iterations finished.
Sep 06, 2018 4:23:44 AM nl.peterbloem.kit.Global info
INFO: 49500 iterations finished.
Sep 06, 2018 4:24:00 AM nl.peterbloem.kit.Global info
INFO: 50000 iterations finished.
Sep 06, 2018 4:24:29 AM nl.peterbloem.kit.Global info
INFO: 50500 iterations finished.
Sep 06, 2018 4:24:57 AM nl.peterbloem.kit.Global info
INFO: 51000 iterations finished.
Sep 06, 2018 4:25:22 AM nl.peterbloem.kit.Global info
INFO: 51500 iterations finished.
Sep 06, 2018 4:25:46 AM nl.peterbloem.kit.Global info
INFO: 52000 iterations finished.
Sep 06, 2018 4:26:12 AM nl.peterbloem.kit.Global info
INFO: 52500 iterations finished.
Sep 06, 2018 4:26:31 AM nl.peterbloem.kit.Global info
INFO: 53000 iterations finished.
Sep 06, 2018 4:26:55 AM nl.peterbloem.kit.Global info
INFO: 53500 iterations finished.
Sep 06, 2018 4:27:07 AM nl.peterbloem.kit.Global info
INFO: 54000 iterations finished.
Sep 06, 2018 4:27:33 AM nl.peterbloem.kit.Global info
INFO: 54500 iterations finished.
Sep 06, 2018 4:27:58 AM nl.peterbloem.kit.Global info
INFO: 55000 iterations finished.
Sep 06, 2018 4:28:20 AM nl.peterbloem.kit.Global info
INFO: 55500 iterations finished.
Sep 06, 2018 4:28:41 AM nl.peterbloem.kit.Global info
INFO: 56000 iterations finished.
Sep 06, 2018 4:29:08 AM nl.peterbloem.kit.Global info
INFO: 56500 iterations finished.
Sep 06, 2018 4:29:28 AM nl.peterbloem.kit.Global info
INFO: 57000 iterations finished.
Sep 06, 2018 4:29:49 AM nl.peterbloem.kit.Global info
INFO: 57500 iterations finished.
Sep 06, 2018 4:30:10 AM nl.peterbloem.kit.Global info
INFO: 58000 iterations finished.
Sep 06, 2018 4:30:32 AM nl.peterbloem.kit.Global info
INFO: 58500 iterations finished.
Sep 06, 2018 4:30:52 AM nl.peterbloem.kit.Global info
INFO: 59000 iterations finished.
Sep 06, 2018 4:31:16 AM nl.peterbloem.kit.Global info
INFO: 59500 iterations finished.
Sep 06, 2018 4:31:38 AM nl.peterbloem.kit.Global info
INFO: 60000 iterations finished.
Sep 06, 2018 4:32:01 AM nl.peterbloem.kit.Global info
INFO: 60500 iterations finished.
Sep 06, 2018 4:32:19 AM nl.peterbloem.kit.Global info
INFO: 61000 iterations finished.
Sep 06, 2018 4:32:52 AM nl.peterbloem.kit.Global info
INFO: 61500 iterations finished.
Sep 06, 2018 4:33:13 AM nl.peterbloem.kit.Global info
INFO: 62000 iterations finished.
Sep 06, 2018 4:33:36 AM nl.peterbloem.kit.Global info
INFO: 62500 iterations finished.
Sep 06, 2018 4:34:00 AM nl.peterbloem.kit.Global info
INFO: 63000 iterations finished.
Sep 06, 2018 4:34:30 AM nl.peterbloem.kit.Global info
INFO: 63500 iterations finished.
Sep 06, 2018 4:34:49 AM nl.peterbloem.kit.Global info
INFO: 64000 iterations finished.
Sep 06, 2018 4:35:13 AM nl.peterbloem.kit.Global info
INFO: 64500 iterations finished.
Sep 06, 2018 4:35:32 AM nl.peterbloem.kit.Global info
INFO: 65000 iterations finished.
Sep 06, 2018 4:35:50 AM nl.peterbloem.kit.Global info
INFO: 65500 iterations finished.
Sep 06, 2018 4:36:07 AM nl.peterbloem.kit.Global info
INFO: 66000 iterations finished.
Sep 06, 2018 4:36:24 AM nl.peterbloem.kit.Global info
INFO: 66500 iterations finished.
Sep 06, 2018 4:36:55 AM nl.peterbloem.kit.Global info
INFO: 67000 iterations finished.
Sep 06, 2018 4:37:18 AM nl.peterbloem.kit.Global info
INFO: 67500 iterations finished.
Sep 06, 2018 4:37:46 AM nl.peterbloem.kit.Global info
INFO: 68000 iterations finished.
Sep 06, 2018 4:38:16 AM nl.peterbloem.kit.Global info
INFO: 68500 iterations finished.
Sep 06, 2018 4:38:36 AM nl.peterbloem.kit.Global info
INFO: 69000 iterations finished.
Sep 06, 2018 4:39:06 AM nl.peterbloem.kit.Global info
INFO: 69500 iterations finished.
Sep 06, 2018 4:39:31 AM nl.peterbloem.kit.Global info
INFO: 70000 iterations finished.
Sep 06, 2018 4:39:54 AM nl.peterbloem.kit.Global info
INFO: 70500 iterations finished.
Sep 06, 2018 4:40:22 AM nl.peterbloem.kit.Global info
INFO: 71000 iterations finished.
Sep 06, 2018 4:40:50 AM nl.peterbloem.kit.Global info
INFO: 71500 iterations finished.
Sep 06, 2018 4:41:15 AM nl.peterbloem.kit.Global info
INFO: 72000 iterations finished.
Sep 06, 2018 4:41:35 AM nl.peterbloem.kit.Global info
INFO: 72500 iterations finished.
Sep 06, 2018 4:41:53 AM nl.peterbloem.kit.Global info
INFO: 73000 iterations finished.
Sep 06, 2018 4:42:24 AM nl.peterbloem.kit.Global info
INFO: 73500 iterations finished.
Sep 06, 2018 4:42:47 AM nl.peterbloem.kit.Global info
INFO: 74000 iterations finished.
Sep 06, 2018 4:43:10 AM nl.peterbloem.kit.Global info
INFO: 74500 iterations finished.
Sep 06, 2018 4:43:33 AM nl.peterbloem.kit.Global info
INFO: 75000 iterations finished.
Sep 06, 2018 4:43:51 AM nl.peterbloem.kit.Global info
INFO: 75500 iterations finished.
Sep 06, 2018 4:44:11 AM nl.peterbloem.kit.Global info
INFO: 76000 iterations finished.
Sep 06, 2018 4:44:37 AM nl.peterbloem.kit.Global info
INFO: 76500 iterations finished.
Sep 06, 2018 4:45:02 AM nl.peterbloem.kit.Global info
INFO: 77000 iterations finished.
Sep 06, 2018 4:45:27 AM nl.peterbloem.kit.Global info
INFO: 77500 iterations finished.
Sep 06, 2018 4:45:46 AM nl.peterbloem.kit.Global info
INFO: 78000 iterations finished.
Sep 06, 2018 4:46:08 AM nl.peterbloem.kit.Global info
INFO: 78500 iterations finished.
Sep 06, 2018 4:46:32 AM nl.peterbloem.kit.Global info
INFO: 79000 iterations finished.
Sep 06, 2018 4:46:57 AM nl.peterbloem.kit.Global info
INFO: 79500 iterations finished.
Sep 06, 2018 4:47:28 AM nl.peterbloem.kit.Global info
INFO: 80000 iterations finished.
Sep 06, 2018 4:47:51 AM nl.peterbloem.kit.Global info
INFO: 80500 iterations finished.
Sep 06, 2018 4:48:15 AM nl.peterbloem.kit.Global info
INFO: 81000 iterations finished.
Sep 06, 2018 4:48:36 AM nl.peterbloem.kit.Global info
INFO: 81500 iterations finished.
Sep 06, 2018 4:48:59 AM nl.peterbloem.kit.Global info
INFO: 82000 iterations finished.
Sep 06, 2018 4:49:17 AM nl.peterbloem.kit.Global info
INFO: 82500 iterations finished.
Sep 06, 2018 4:49:40 AM nl.peterbloem.kit.Global info
INFO: 83000 iterations finished.
Sep 06, 2018 4:50:00 AM nl.peterbloem.kit.Global info
INFO: 83500 iterations finished.
Sep 06, 2018 4:50:24 AM nl.peterbloem.kit.Global info
INFO: 84000 iterations finished.
Sep 06, 2018 4:50:47 AM nl.peterbloem.kit.Global info
INFO: 84500 iterations finished.
Sep 06, 2018 4:51:10 AM nl.peterbloem.kit.Global info
INFO: 85000 iterations finished.
Sep 06, 2018 4:51:26 AM nl.peterbloem.kit.Global info
INFO: 85500 iterations finished.
Sep 06, 2018 4:51:48 AM nl.peterbloem.kit.Global info
INFO: 86000 iterations finished.
Sep 06, 2018 4:52:14 AM nl.peterbloem.kit.Global info
INFO: 86500 iterations finished.
Sep 06, 2018 4:52:37 AM nl.peterbloem.kit.Global info
INFO: 87000 iterations finished.
Sep 06, 2018 4:53:03 AM nl.peterbloem.kit.Global info
INFO: 87500 iterations finished.
Sep 06, 2018 4:53:29 AM nl.peterbloem.kit.Global info
INFO: 88000 iterations finished.
Sep 06, 2018 4:53:56 AM nl.peterbloem.kit.Global info
INFO: 88500 iterations finished.
Sep 06, 2018 4:54:15 AM nl.peterbloem.kit.Global info
INFO: 89000 iterations finished.
Sep 06, 2018 4:54:37 AM nl.peterbloem.kit.Global info
INFO: 89500 iterations finished.
Sep 06, 2018 4:54:56 AM nl.peterbloem.kit.Global info
INFO: Finished searching
Sep 06, 2018 4:55:02 AM nl.peterbloem.kit.Global info
INFO: 90000 iterations finished.
Sep 06, 2018 4:55:21 AM nl.peterbloem.kit.Global info
INFO: 90500 iterations finished.
Sep 06, 2018 4:55:47 AM nl.peterbloem.kit.Global info
INFO: 91000 iterations finished.
Sep 06, 2018 4:56:14 AM nl.peterbloem.kit.Global info
INFO: 91500 iterations finished.
Sep 06, 2018 4:56:38 AM nl.peterbloem.kit.Global info
INFO: 92000 iterations finished.
Sep 06, 2018 4:57:03 AM nl.peterbloem.kit.Global info
INFO: 92500 iterations finished.
Sep 06, 2018 4:57:15 AM nl.peterbloem.kit.Global info
INFO: Finished searching
Sep 06, 2018 4:57:23 AM nl.peterbloem.kit.Global info
INFO: 93000 iterations finished.
Sep 06, 2018 4:57:27 AM nl.peterbloem.kit.Global info
INFO: Finished searching
Sep 06, 2018 4:57:38 AM nl.peterbloem.kit.Global info
INFO: Finished searching
Sep 06, 2018 4:57:40 AM nl.peterbloem.kit.Global info
INFO: Finished searching
Sep 06, 2018 4:57:46 AM nl.peterbloem.kit.Global info
INFO: 93500 iterations finished.
Sep 06, 2018 4:57:51 AM nl.peterbloem.kit.Global info
INFO: Finished searching
Sep 06, 2018 4:58:11 AM nl.peterbloem.kit.Global info
INFO: 94000 iterations finished.
Sep 06, 2018 4:58:38 AM nl.peterbloem.kit.Global info
INFO: Finished searching
Sep 06, 2018 4:58:40 AM nl.peterbloem.kit.Global info
INFO: 94500 iterations finished.
Sep 06, 2018 4:58:41 AM nl.peterbloem.kit.Global info
INFO: Finished searching
Sep 06, 2018 4:58:52 AM nl.peterbloem.kit.Global info
INFO: Finished searching
Sep 06, 2018 4:59:20 AM nl.peterbloem.kit.Global info
INFO: 95000 iterations finished.
Sep 06, 2018 4:59:25 AM nl.peterbloem.kit.Global info
INFO: Finished searching
Sep 06, 2018 4:59:45 AM nl.peterbloem.kit.Global info
INFO: Finished searching
Sep 06, 2018 4:59:55 AM nl.peterbloem.kit.Global info
INFO: 95500 iterations finished.
Sep 06, 2018 5:00:15 AM nl.peterbloem.kit.Global info
INFO: Finished searching
Sep 06, 2018 5:00:28 AM nl.peterbloem.kit.Global info
INFO: Finished searching
Sep 06, 2018 5:00:37 AM nl.peterbloem.kit.Global info
INFO: 96000 iterations finished.
Sep 06, 2018 5:00:55 AM nl.peterbloem.kit.Global info
INFO: Finished searching
Sep 06, 2018 5:00:58 AM nl.peterbloem.kit.Global info
INFO: Finished searching
Sep 06, 2018 5:01:08 AM nl.peterbloem.kit.Global info
INFO: Finished searching
Sep 06, 2018 5:01:19 AM nl.peterbloem.kit.Global info
INFO: 96500 iterations finished.
Sep 06, 2018 5:02:18 AM nl.peterbloem.kit.Global info
INFO: 97000 iterations finished.
Sep 06, 2018 5:02:19 AM nl.peterbloem.kit.Global info
INFO: Finished searching
Sep 06, 2018 5:02:22 AM nl.peterbloem.kit.Global info
INFO: Finished searching
Sep 06, 2018 5:02:55 AM nl.peterbloem.kit.Global info
INFO: Finished searching
Sep 06, 2018 5:03:26 AM nl.peterbloem.kit.Global info
INFO: Finished searching
Sep 06, 2018 5:03:41 AM nl.peterbloem.kit.Global info
INFO: 97500 iterations finished.
Sep 06, 2018 5:04:44 AM nl.peterbloem.kit.Global info
INFO: Finished searching
Sep 06, 2018 5:04:47 AM nl.peterbloem.kit.Global info
INFO: 98000 iterations finished.
Sep 06, 2018 5:05:10 AM nl.peterbloem.kit.Global info
INFO: Finished searching
Sep 06, 2018 5:05:37 AM nl.peterbloem.kit.Global info
INFO: 98500 iterations finished.
Sep 06, 2018 5:06:15 AM nl.peterbloem.kit.Global info
INFO: Finished searching
Sep 06, 2018 5:06:23 AM nl.peterbloem.kit.Global info
INFO: Finished searching
Sep 06, 2018 5:06:34 AM nl.peterbloem.kit.Global info
INFO: Finished searching
Sep 06, 2018 5:07:15 AM nl.peterbloem.kit.Global info
INFO: 99000 iterations finished.
Sep 06, 2018 5:08:12 AM nl.peterbloem.kit.Global info
INFO: Finished searching
Sep 06, 2018 5:09:10 AM nl.peterbloem.kit.Global info
INFO: Finished searching
Sep 06, 2018 5:09:22 AM nl.peterbloem.kit.Global info
INFO: 99500 iterations finished.
Sep 06, 2018 5:09:23 AM nl.peterbloem.kit.Global info
INFO: Finished searching
Sep 06, 2018 5:10:15 AM nl.peterbloem.kit.Global info
INFO: Finished searching
Sep 06, 2018 5:10:49 AM nl.peterbloem.kit.Global info
INFO: Finished searching
Sep 06, 2018 5:13:47 AM nl.peterbloem.kit.Global info
INFO: Finished searching
Sep 06, 2018 5:14:30 AM nl.peterbloem.kit.Global info
INFO: Finished searching
Sep 06, 2018 5:14:30 AM nl.peterbloem.kit.Global info
INFO: Search finished.
Sep 06, 2018 5:14:31 AM nl.peterbloem.kit.Global info
INFO: Finished.
