Dec 09, 2018 1:25:09 PM nl.peterbloem.kit.Global info
INFO: Starting
Dec 09, 2018 1:25:09 PM nl.peterbloem.kit.Global info
INFO: New seed: -8757594231366152434
Dec 09, 2018 1:25:09 PM nl.peterbloem.kit.Global info
INFO: [--experiment, real-world, --iterations, 100000, --topk, 100, --data, mutag, --max-time, 5]
Dec 09, 2018 1:25:11 PM nl.peterbloem.kit.Global info
INFO: Using 32 separate processes.
Dec 09, 2018 1:25:18 PM nl.peterbloem.kit.Global info
INFO: 500 iterations finished.
Dec 09, 2018 1:25:33 PM nl.peterbloem.kit.Global info
INFO: 1000 iterations finished.
Dec 09, 2018 1:25:41 PM nl.peterbloem.kit.Global info
INFO: 1500 iterations finished.
Dec 09, 2018 1:25:56 PM nl.peterbloem.kit.Global info
INFO: 2000 iterations finished.
Dec 09, 2018 1:26:05 PM nl.peterbloem.kit.Global info
INFO: 2500 iterations finished.
Dec 09, 2018 1:26:16 PM nl.peterbloem.kit.Global info
INFO: 3000 iterations finished.
Dec 09, 2018 1:26:30 PM nl.peterbloem.kit.Global info
INFO: 3500 iterations finished.
Dec 09, 2018 1:26:44 PM nl.peterbloem.kit.Global info
INFO: 4000 iterations finished.
Dec 09, 2018 1:26:58 PM nl.peterbloem.kit.Global info
INFO: 4500 iterations finished.
Dec 09, 2018 1:27:08 PM nl.peterbloem.kit.Global info
INFO: 5000 iterations finished.
Dec 09, 2018 1:27:29 PM nl.peterbloem.kit.Global info
INFO: 5500 iterations finished.
Dec 09, 2018 1:27:42 PM nl.peterbloem.kit.Global info
INFO: 6000 iterations finished.
Dec 09, 2018 1:27:55 PM nl.peterbloem.kit.Global info
INFO: 6500 iterations finished.
Dec 09, 2018 1:28:05 PM nl.peterbloem.kit.Global info
INFO: 7000 iterations finished.
Dec 09, 2018 1:28:18 PM nl.peterbloem.kit.Global info
INFO: 7500 iterations finished.
Dec 09, 2018 1:28:34 PM nl.peterbloem.kit.Global info
INFO: 8000 iterations finished.
Dec 09, 2018 1:28:49 PM nl.peterbloem.kit.Global info
INFO: 8500 iterations finished.
Dec 09, 2018 1:29:05 PM nl.peterbloem.kit.Global info
INFO: 9000 iterations finished.
Dec 09, 2018 1:29:22 PM nl.peterbloem.kit.Global info
INFO: 9500 iterations finished.
Dec 09, 2018 1:29:36 PM nl.peterbloem.kit.Global info
INFO: 10000 iterations finished.
Dec 09, 2018 1:29:54 PM nl.peterbloem.kit.Global info
INFO: 10500 iterations finished.
Dec 09, 2018 1:30:10 PM nl.peterbloem.kit.Global info
INFO: 11000 iterations finished.
Dec 09, 2018 1:30:29 PM nl.peterbloem.kit.Global info
INFO: 11500 iterations finished.
Dec 09, 2018 1:30:39 PM nl.peterbloem.kit.Global info
INFO: 12000 iterations finished.
Dec 09, 2018 1:30:53 PM nl.peterbloem.kit.Global info
INFO: 12500 iterations finished.
Dec 09, 2018 1:31:02 PM nl.peterbloem.kit.Global info
INFO: 13000 iterations finished.
Dec 09, 2018 1:31:15 PM nl.peterbloem.kit.Global info
INFO: 13500 iterations finished.
Dec 09, 2018 1:31:36 PM nl.peterbloem.kit.Global info
INFO: 14000 iterations finished.
Dec 09, 2018 1:31:48 PM nl.peterbloem.kit.Global info
INFO: 14500 iterations finished.
Dec 09, 2018 1:32:06 PM nl.peterbloem.kit.Global info
INFO: 15000 iterations finished.
Dec 09, 2018 1:32:26 PM nl.peterbloem.kit.Global info
INFO: 15500 iterations finished.
Dec 09, 2018 1:32:37 PM nl.peterbloem.kit.Global info
INFO: 16000 iterations finished.
Dec 09, 2018 1:32:49 PM nl.peterbloem.kit.Global info
INFO: 16500 iterations finished.
Dec 09, 2018 1:33:00 PM nl.peterbloem.kit.Global info
INFO: 17000 iterations finished.
Dec 09, 2018 1:33:13 PM nl.peterbloem.kit.Global info
INFO: 17500 iterations finished.
Dec 09, 2018 1:33:24 PM nl.peterbloem.kit.Global info
INFO: 18000 iterations finished.
Dec 09, 2018 1:33:36 PM nl.peterbloem.kit.Global info
INFO: 18500 iterations finished.
Dec 09, 2018 1:33:48 PM nl.peterbloem.kit.Global info
INFO: 19000 iterations finished.
Dec 09, 2018 1:33:58 PM nl.peterbloem.kit.Global info
INFO: 19500 iterations finished.
Dec 09, 2018 1:34:09 PM nl.peterbloem.kit.Global info
INFO: 20000 iterations finished.
Dec 09, 2018 1:34:30 PM nl.peterbloem.kit.Global info
INFO: 20500 iterations finished.
Dec 09, 2018 1:34:42 PM nl.peterbloem.kit.Global info
INFO: 21000 iterations finished.
Dec 09, 2018 1:34:50 PM nl.peterbloem.kit.Global info
INFO: 21500 iterations finished.
Dec 09, 2018 1:35:03 PM nl.peterbloem.kit.Global info
INFO: 22000 iterations finished.
Dec 09, 2018 1:35:21 PM nl.peterbloem.kit.Global info
INFO: 22500 iterations finished.
Dec 09, 2018 1:35:37 PM nl.peterbloem.kit.Global info
INFO: 23000 iterations finished.
Dec 09, 2018 1:35:52 PM nl.peterbloem.kit.Global info
INFO: 23500 iterations finished.
Dec 09, 2018 1:36:06 PM nl.peterbloem.kit.Global info
INFO: 24000 iterations finished.
Dec 09, 2018 1:36:20 PM nl.peterbloem.kit.Global info
INFO: 24500 iterations finished.
Dec 09, 2018 1:36:34 PM nl.peterbloem.kit.Global info
INFO: 25000 iterations finished.
Dec 09, 2018 1:36:43 PM nl.peterbloem.kit.Global info
INFO: 25500 iterations finished.
Dec 09, 2018 1:36:52 PM nl.peterbloem.kit.Global info
INFO: 26000 iterations finished.
Dec 09, 2018 1:37:12 PM nl.peterbloem.kit.Global info
INFO: 26500 iterations finished.
Dec 09, 2018 1:37:30 PM nl.peterbloem.kit.Global info
INFO: 27000 iterations finished.
Dec 09, 2018 1:37:48 PM nl.peterbloem.kit.Global info
INFO: 27500 iterations finished.
Dec 09, 2018 1:38:07 PM nl.peterbloem.kit.Global info
INFO: 28000 iterations finished.
Dec 09, 2018 1:38:23 PM nl.peterbloem.kit.Global info
INFO: 28500 iterations finished.
Dec 09, 2018 1:38:38 PM nl.peterbloem.kit.Global info
INFO: 29000 iterations finished.
Dec 09, 2018 1:38:53 PM nl.peterbloem.kit.Global info
INFO: 29500 iterations finished.
Dec 09, 2018 1:39:04 PM nl.peterbloem.kit.Global info
INFO: 30000 iterations finished.
Dec 09, 2018 1:39:23 PM nl.peterbloem.kit.Global info
INFO: 30500 iterations finished.
Dec 09, 2018 1:39:37 PM nl.peterbloem.kit.Global info
INFO: 31000 iterations finished.
Dec 09, 2018 1:39:50 PM nl.peterbloem.kit.Global info
INFO: 31500 iterations finished.
Dec 09, 2018 1:40:06 PM nl.peterbloem.kit.Global info
INFO: 32000 iterations finished.
Dec 09, 2018 1:40:16 PM nl.peterbloem.kit.Global info
INFO: 32500 iterations finished.
Dec 09, 2018 1:40:27 PM nl.peterbloem.kit.Global info
INFO: 33000 iterations finished.
Dec 09, 2018 1:40:36 PM nl.peterbloem.kit.Global info
INFO: 33500 iterations finished.
Dec 09, 2018 1:40:49 PM nl.peterbloem.kit.Global info
INFO: 34000 iterations finished.
Dec 09, 2018 1:41:00 PM nl.peterbloem.kit.Global info
INFO: 34500 iterations finished.
Dec 09, 2018 1:41:16 PM nl.peterbloem.kit.Global info
INFO: 35000 iterations finished.
Dec 09, 2018 1:41:34 PM nl.peterbloem.kit.Global info
INFO: 35500 iterations finished.
Dec 09, 2018 1:41:48 PM nl.peterbloem.kit.Global info
INFO: 36000 iterations finished.
Dec 09, 2018 1:42:01 PM nl.peterbloem.kit.Global info
INFO: 36500 iterations finished.
Dec 09, 2018 1:42:15 PM nl.peterbloem.kit.Global info
INFO: 37000 iterations finished.
Dec 09, 2018 1:42:26 PM nl.peterbloem.kit.Global info
INFO: 37500 iterations finished.
Dec 09, 2018 1:42:41 PM nl.peterbloem.kit.Global info
INFO: 38000 iterations finished.
Dec 09, 2018 1:42:49 PM nl.peterbloem.kit.Global info
INFO: 38500 iterations finished.
Dec 09, 2018 1:42:59 PM nl.peterbloem.kit.Global info
INFO: 39000 iterations finished.
Dec 09, 2018 1:43:13 PM nl.peterbloem.kit.Global info
INFO: 39500 iterations finished.
Dec 09, 2018 1:43:30 PM nl.peterbloem.kit.Global info
INFO: 40000 iterations finished.
Dec 09, 2018 1:43:38 PM nl.peterbloem.kit.Global info
INFO: 40500 iterations finished.
Dec 09, 2018 1:43:52 PM nl.peterbloem.kit.Global info
INFO: 41000 iterations finished.
Dec 09, 2018 1:44:16 PM nl.peterbloem.kit.Global info
INFO: 41500 iterations finished.
Dec 09, 2018 1:44:29 PM nl.peterbloem.kit.Global info
INFO: 42000 iterations finished.
Dec 09, 2018 1:44:41 PM nl.peterbloem.kit.Global info
INFO: 42500 iterations finished.
Dec 09, 2018 1:44:58 PM nl.peterbloem.kit.Global info
INFO: 43000 iterations finished.
Dec 09, 2018 1:45:13 PM nl.peterbloem.kit.Global info
INFO: 43500 iterations finished.
Dec 09, 2018 1:45:22 PM nl.peterbloem.kit.Global info
INFO: 44000 iterations finished.
Dec 09, 2018 1:45:38 PM nl.peterbloem.kit.Global info
INFO: 44500 iterations finished.
Dec 09, 2018 1:45:54 PM nl.peterbloem.kit.Global info
INFO: 45000 iterations finished.
Dec 09, 2018 1:46:10 PM nl.peterbloem.kit.Global info
INFO: 45500 iterations finished.
Dec 09, 2018 1:46:25 PM nl.peterbloem.kit.Global info
INFO: 46000 iterations finished.
Dec 09, 2018 1:46:40 PM nl.peterbloem.kit.Global info
INFO: 46500 iterations finished.
Dec 09, 2018 1:46:51 PM nl.peterbloem.kit.Global info
INFO: 47000 iterations finished.
Dec 09, 2018 1:47:04 PM nl.peterbloem.kit.Global info
INFO: 47500 iterations finished.
Dec 09, 2018 1:47:21 PM nl.peterbloem.kit.Global info
INFO: 48000 iterations finished.
Dec 09, 2018 1:47:37 PM nl.peterbloem.kit.Global info
INFO: 48500 iterations finished.
Dec 09, 2018 1:47:51 PM nl.peterbloem.kit.Global info
INFO: 49000 iterations finished.
Dec 09, 2018 1:48:09 PM nl.peterbloem.kit.Global info
INFO: 49500 iterations finished.
Dec 09, 2018 1:48:27 PM nl.peterbloem.kit.Global info
INFO: 50000 iterations finished.
Dec 09, 2018 1:48:44 PM nl.peterbloem.kit.Global info
INFO: 50500 iterations finished.
Dec 09, 2018 1:49:00 PM nl.peterbloem.kit.Global info
INFO: 51000 iterations finished.
Dec 09, 2018 1:49:12 PM nl.peterbloem.kit.Global info
INFO: 51500 iterations finished.
Dec 09, 2018 1:49:26 PM nl.peterbloem.kit.Global info
INFO: 52000 iterations finished.
Dec 09, 2018 1:49:38 PM nl.peterbloem.kit.Global info
INFO: 52500 iterations finished.
Dec 09, 2018 1:49:44 PM nl.peterbloem.kit.Global info
INFO: 53000 iterations finished.
Dec 09, 2018 1:50:05 PM nl.peterbloem.kit.Global info
INFO: 53500 iterations finished.
Dec 09, 2018 1:50:20 PM nl.peterbloem.kit.Global info
INFO: 54000 iterations finished.
Dec 09, 2018 1:50:32 PM nl.peterbloem.kit.Global info
INFO: 54500 iterations finished.
Dec 09, 2018 1:50:46 PM nl.peterbloem.kit.Global info
INFO: 55000 iterations finished.
Dec 09, 2018 1:51:02 PM nl.peterbloem.kit.Global info
INFO: 55500 iterations finished.
Dec 09, 2018 1:51:16 PM nl.peterbloem.kit.Global info
INFO: 56000 iterations finished.
Dec 09, 2018 1:51:33 PM nl.peterbloem.kit.Global info
INFO: 56500 iterations finished.
Dec 09, 2018 1:51:48 PM nl.peterbloem.kit.Global info
INFO: 57000 iterations finished.
Dec 09, 2018 1:52:01 PM nl.peterbloem.kit.Global info
INFO: 57500 iterations finished.
Dec 09, 2018 1:52:20 PM nl.peterbloem.kit.Global info
INFO: 58000 iterations finished.
Dec 09, 2018 1:52:26 PM nl.peterbloem.kit.Global info
INFO: 58500 iterations finished.
Dec 09, 2018 1:52:41 PM nl.peterbloem.kit.Global info
INFO: 59000 iterations finished.
Dec 09, 2018 1:53:00 PM nl.peterbloem.kit.Global info
INFO: 59500 iterations finished.
Dec 09, 2018 1:53:12 PM nl.peterbloem.kit.Global info
INFO: 60000 iterations finished.
Dec 09, 2018 1:53:29 PM nl.peterbloem.kit.Global info
INFO: 60500 iterations finished.
Dec 09, 2018 1:53:47 PM nl.peterbloem.kit.Global info
INFO: 61000 iterations finished.
Dec 09, 2018 1:54:06 PM nl.peterbloem.kit.Global info
INFO: 61500 iterations finished.
Dec 09, 2018 1:54:24 PM nl.peterbloem.kit.Global info
INFO: 62000 iterations finished.
Dec 09, 2018 1:54:38 PM nl.peterbloem.kit.Global info
INFO: 62500 iterations finished.
Dec 09, 2018 1:54:52 PM nl.peterbloem.kit.Global info
INFO: 63000 iterations finished.
Dec 09, 2018 1:55:02 PM nl.peterbloem.kit.Global info
INFO: 63500 iterations finished.
Dec 09, 2018 1:55:17 PM nl.peterbloem.kit.Global info
INFO: 64000 iterations finished.
Dec 09, 2018 1:55:33 PM nl.peterbloem.kit.Global info
INFO: 64500 iterations finished.
Dec 09, 2018 1:55:54 PM nl.peterbloem.kit.Global info
INFO: 65000 iterations finished.
Dec 09, 2018 1:56:14 PM nl.peterbloem.kit.Global info
INFO: 65500 iterations finished.
Dec 09, 2018 1:56:26 PM nl.peterbloem.kit.Global info
INFO: 66000 iterations finished.
Dec 09, 2018 1:56:41 PM nl.peterbloem.kit.Global info
INFO: 66500 iterations finished.
Dec 09, 2018 1:56:55 PM nl.peterbloem.kit.Global info
INFO: 67000 iterations finished.
Dec 09, 2018 1:57:09 PM nl.peterbloem.kit.Global info
INFO: 67500 iterations finished.
Dec 09, 2018 1:57:20 PM nl.peterbloem.kit.Global info
INFO: 68000 iterations finished.
Dec 09, 2018 1:57:35 PM nl.peterbloem.kit.Global info
INFO: 68500 iterations finished.
Dec 09, 2018 1:57:46 PM nl.peterbloem.kit.Global info
INFO: 69000 iterations finished.
Dec 09, 2018 1:58:04 PM nl.peterbloem.kit.Global info
INFO: 69500 iterations finished.
Dec 09, 2018 1:58:24 PM nl.peterbloem.kit.Global info
INFO: 70000 iterations finished.
Dec 09, 2018 1:58:38 PM nl.peterbloem.kit.Global info
INFO: 70500 iterations finished.
Dec 09, 2018 1:58:47 PM nl.peterbloem.kit.Global info
INFO: 71000 iterations finished.
Dec 09, 2018 1:59:02 PM nl.peterbloem.kit.Global info
INFO: 71500 iterations finished.
Dec 09, 2018 1:59:15 PM nl.peterbloem.kit.Global info
INFO: 72000 iterations finished.
Dec 09, 2018 1:59:24 PM nl.peterbloem.kit.Global info
INFO: 72500 iterations finished.
Dec 09, 2018 1:59:37 PM nl.peterbloem.kit.Global info
INFO: 73000 iterations finished.
Dec 09, 2018 1:59:52 PM nl.peterbloem.kit.Global info
INFO: 73500 iterations finished.
Dec 09, 2018 2:00:06 PM nl.peterbloem.kit.Global info
INFO: 74000 iterations finished.
Dec 09, 2018 2:00:09 PM nl.peterbloem.kit.Global info
INFO: Thread finished searching
Dec 09, 2018 2:00:24 PM nl.peterbloem.kit.Global info
INFO: 74500 iterations finished.
Dec 09, 2018 2:00:41 PM nl.peterbloem.kit.Global info
INFO: 75000 iterations finished.
Dec 09, 2018 2:00:52 PM nl.peterbloem.kit.Global info
INFO: 75500 iterations finished.
Dec 09, 2018 2:01:08 PM nl.peterbloem.kit.Global info
INFO: 76000 iterations finished.
Dec 09, 2018 2:01:27 PM nl.peterbloem.kit.Global info
INFO: 76500 iterations finished.
Dec 09, 2018 2:01:45 PM nl.peterbloem.kit.Global info
INFO: 77000 iterations finished.
Dec 09, 2018 2:02:06 PM nl.peterbloem.kit.Global info
INFO: 77500 iterations finished.
Dec 09, 2018 2:02:22 PM nl.peterbloem.kit.Global info
INFO: 78000 iterations finished.
Dec 09, 2018 2:02:34 PM nl.peterbloem.kit.Global info
INFO: 78500 iterations finished.
Dec 09, 2018 2:02:49 PM nl.peterbloem.kit.Global info
INFO: 79000 iterations finished.
Dec 09, 2018 2:02:58 PM nl.peterbloem.kit.Global info
INFO: Thread finished searching
Dec 09, 2018 2:03:11 PM nl.peterbloem.kit.Global info
INFO: 79500 iterations finished.
Dec 09, 2018 2:03:22 PM nl.peterbloem.kit.Global info
INFO: 80000 iterations finished.
Dec 09, 2018 2:03:33 PM nl.peterbloem.kit.Global info
INFO: 80500 iterations finished.
Dec 09, 2018 2:03:51 PM nl.peterbloem.kit.Global info
INFO: 81000 iterations finished.
Dec 09, 2018 2:03:59 PM nl.peterbloem.kit.Global info
INFO: Thread finished searching
Dec 09, 2018 2:04:11 PM nl.peterbloem.kit.Global info
INFO: 81500 iterations finished.
Dec 09, 2018 2:04:30 PM nl.peterbloem.kit.Global info
INFO: 82000 iterations finished.
Dec 09, 2018 2:04:44 PM nl.peterbloem.kit.Global info
INFO: 82500 iterations finished.
Dec 09, 2018 2:04:58 PM nl.peterbloem.kit.Global info
INFO: 83000 iterations finished.
Dec 09, 2018 2:05:16 PM nl.peterbloem.kit.Global info
INFO: 83500 iterations finished.
Dec 09, 2018 2:05:30 PM nl.peterbloem.kit.Global info
INFO: 84000 iterations finished.
Dec 09, 2018 2:05:47 PM nl.peterbloem.kit.Global info
INFO: 84500 iterations finished.
Dec 09, 2018 2:06:01 PM nl.peterbloem.kit.Global info
INFO: 85000 iterations finished.
Dec 09, 2018 2:06:16 PM nl.peterbloem.kit.Global info
INFO: 85500 iterations finished.
Dec 09, 2018 2:06:30 PM nl.peterbloem.kit.Global info
INFO: 86000 iterations finished.
Dec 09, 2018 2:06:44 PM nl.peterbloem.kit.Global info
INFO: 86500 iterations finished.
Dec 09, 2018 2:06:59 PM nl.peterbloem.kit.Global info
INFO: 87000 iterations finished.
Dec 09, 2018 2:07:06 PM nl.peterbloem.kit.Global info
INFO: Thread finished searching
Dec 09, 2018 2:07:14 PM nl.peterbloem.kit.Global info
INFO: 87500 iterations finished.
Dec 09, 2018 2:07:28 PM nl.peterbloem.kit.Global info
INFO: 88000 iterations finished.
Dec 09, 2018 2:07:40 PM nl.peterbloem.kit.Global info
INFO: 88500 iterations finished.
Dec 09, 2018 2:07:51 PM nl.peterbloem.kit.Global info
INFO: Thread finished searching
Dec 09, 2018 2:07:55 PM nl.peterbloem.kit.Global info
INFO: 89000 iterations finished.
Dec 09, 2018 2:08:06 PM nl.peterbloem.kit.Global info
INFO: Thread finished searching
Dec 09, 2018 2:08:08 PM nl.peterbloem.kit.Global info
INFO: 89500 iterations finished.
Dec 09, 2018 2:08:31 PM nl.peterbloem.kit.Global info
INFO: 90000 iterations finished.
Dec 09, 2018 2:08:46 PM nl.peterbloem.kit.Global info
INFO: 90500 iterations finished.
Dec 09, 2018 2:09:01 PM nl.peterbloem.kit.Global info
INFO: 91000 iterations finished.
Dec 09, 2018 2:09:11 PM nl.peterbloem.kit.Global info
INFO: Thread finished searching
Dec 09, 2018 2:09:23 PM nl.peterbloem.kit.Global info
INFO: 91500 iterations finished.
Dec 09, 2018 2:09:30 PM nl.peterbloem.kit.Global info
INFO: Thread finished searching
Dec 09, 2018 2:09:48 PM nl.peterbloem.kit.Global info
INFO: 92000 iterations finished.
Dec 09, 2018 2:09:48 PM nl.peterbloem.kit.Global info
INFO: Thread finished searching
Dec 09, 2018 2:10:10 PM nl.peterbloem.kit.Global info
INFO: 92500 iterations finished.
Dec 09, 2018 2:10:11 PM nl.peterbloem.kit.Global info
INFO: Thread finished searching
Dec 09, 2018 2:10:29 PM nl.peterbloem.kit.Global info
INFO: 93000 iterations finished.
Dec 09, 2018 2:10:40 PM nl.peterbloem.kit.Global info
INFO: Thread finished searching
Dec 09, 2018 2:10:42 PM nl.peterbloem.kit.Global info
INFO: Thread finished searching
Dec 09, 2018 2:10:51 PM nl.peterbloem.kit.Global info
INFO: 93500 iterations finished.
Dec 09, 2018 2:11:08 PM nl.peterbloem.kit.Global info
INFO: 94000 iterations finished.
Dec 09, 2018 2:11:29 PM nl.peterbloem.kit.Global info
INFO: Thread finished searching
Dec 09, 2018 2:11:31 PM nl.peterbloem.kit.Global info
INFO: 94500 iterations finished.
Dec 09, 2018 2:11:34 PM nl.peterbloem.kit.Global info
INFO: Thread finished searching
Dec 09, 2018 2:11:52 PM nl.peterbloem.kit.Global info
INFO: 95000 iterations finished.
Dec 09, 2018 2:12:23 PM nl.peterbloem.kit.Global info
INFO: 95500 iterations finished.
Dec 09, 2018 2:12:49 PM nl.peterbloem.kit.Global info
INFO: 96000 iterations finished.
Dec 09, 2018 2:13:05 PM nl.peterbloem.kit.Global info
INFO: Thread finished searching
Dec 09, 2018 2:13:09 PM nl.peterbloem.kit.Global info
INFO: Thread finished searching
Dec 09, 2018 2:13:15 PM nl.peterbloem.kit.Global info
INFO: 96500 iterations finished.
Dec 09, 2018 2:13:22 PM nl.peterbloem.kit.Global info
INFO: Thread finished searching
Dec 09, 2018 2:13:28 PM nl.peterbloem.kit.Global info
INFO: Thread finished searching
Dec 09, 2018 2:13:45 PM nl.peterbloem.kit.Global info
INFO: 97000 iterations finished.
Dec 09, 2018 2:13:58 PM nl.peterbloem.kit.Global info
INFO: Thread finished searching
Dec 09, 2018 2:14:01 PM nl.peterbloem.kit.Global info
INFO: 97500 iterations finished.
Dec 09, 2018 2:14:03 PM nl.peterbloem.kit.Global info
INFO: Thread finished searching
Dec 09, 2018 2:14:05 PM nl.peterbloem.kit.Global info
INFO: Thread finished searching
Dec 09, 2018 2:14:45 PM nl.peterbloem.kit.Global info
INFO: Thread finished searching
Dec 09, 2018 2:14:47 PM nl.peterbloem.kit.Global info
INFO: 98000 iterations finished.
Dec 09, 2018 2:15:07 PM nl.peterbloem.kit.Global info
INFO: Thread finished searching
Dec 09, 2018 2:15:29 PM nl.peterbloem.kit.Global info
INFO: 98500 iterations finished.
Dec 09, 2018 2:16:01 PM nl.peterbloem.kit.Global info
INFO: Thread finished searching
Dec 09, 2018 2:16:29 PM nl.peterbloem.kit.Global info
INFO: Thread finished searching
Dec 09, 2018 2:16:54 PM nl.peterbloem.kit.Global info
INFO: Thread finished searching
Dec 09, 2018 2:16:56 PM nl.peterbloem.kit.Global info
INFO: 99000 iterations finished.
Dec 09, 2018 2:17:14 PM nl.peterbloem.kit.Global info
INFO: Thread finished searching
Dec 09, 2018 2:17:44 PM nl.peterbloem.kit.Global info
INFO: Thread finished searching
Dec 09, 2018 2:18:28 PM nl.peterbloem.kit.Global info
INFO: 99500 iterations finished.
Dec 09, 2018 2:19:32 PM nl.peterbloem.kit.Global info
INFO: Thread finished searching
Dec 09, 2018 2:19:33 PM nl.peterbloem.kit.Global info
INFO: Thread finished searching
Dec 09, 2018 2:20:25 PM nl.peterbloem.kit.Global info
INFO: Thread finished searching
Dec 09, 2018 2:21:31 PM nl.peterbloem.kit.Global info
INFO: Thread finished searching
Dec 09, 2018 2:21:31 PM nl.peterbloem.kit.Global info
INFO: Search finished.
Dec 09, 2018 2:21:32 PM nl.peterbloem.kit.Global info
INFO: Finished.
