Jun 08, 2017 3:32:43 AM nl.peterbloem.fractal.exec.Run main
INFO: Using 16 concurrent threads
...............................................................................................................................................................................................................................................................................................................................................................................................................................................................................................................................................................................................................................................................................................................................................................................................................................
Thread 2: finished init

Thread 6: finished init

Thread 0: finished init
.
Thread 7: finished init

Thread 4: finished init

Thread 5: finished init

Thread 1: finished init

Thread 3: finished init
......................................................................................................................................................................................................................................................................................................................................................................................................................................................................................................................................................................................................................................................................................................................................................................
Thread 7 finished
....
Thread 3 finished
.
Thread 2 finished
.
Thread 6 finished
...................................................
Thread 5 finished

Thread 4 finished
.
Thread 1 finished

Thread 0 finished
All threads finished
Jun 08, 2017 8:50:03 AM nl.peterbloem.kit.FileIO copy
INFO: Copying static files from path null to .
null
Failed to run plot script. java.lang.NullPointerException
Jun 08, 2017 8:50:03 AM nl.peterbloem.fractal.exec.Run main
INFO: Experiment finished. Time taken: 5h 17m 20s.
