Sep 06, 2018 1:29:48 AM nl.peterbloem.kit.Global info
INFO: Starting
Sep 06, 2018 1:29:48 AM nl.peterbloem.kit.Global info
INFO: New seed: 2587271382161518615
Sep 06, 2018 1:29:48 AM nl.peterbloem.kit.Global info
INFO: [--experiment, real-world, --iterations, 100000, --topk, 100, --data, aifb, --max-time, 5]
Sep 06, 2018 1:29:49 AM nl.peterbloem.kit.Global info
INFO: Using 32 separate processes.
Sep 06, 2018 1:30:04 AM nl.peterbloem.kit.Global info
INFO: 500 iterations finished.
Sep 06, 2018 1:30:21 AM nl.peterbloem.kit.Global info
INFO: 1000 iterations finished.
Sep 06, 2018 1:30:41 AM nl.peterbloem.kit.Global info
INFO: 1500 iterations finished.
Sep 06, 2018 1:31:01 AM nl.peterbloem.kit.Global info
INFO: 2000 iterations finished.
Sep 06, 2018 1:31:17 AM nl.peterbloem.kit.Global info
INFO: 2500 iterations finished.
Sep 06, 2018 1:31:31 AM nl.peterbloem.kit.Global info
INFO: 3000 iterations finished.
Sep 06, 2018 1:31:51 AM nl.peterbloem.kit.Global info
INFO: 3500 iterations finished.
Sep 06, 2018 1:32:08 AM nl.peterbloem.kit.Global info
INFO: 4000 iterations finished.
Sep 06, 2018 1:32:26 AM nl.peterbloem.kit.Global info
INFO: 4500 iterations finished.
Sep 06, 2018 1:32:42 AM nl.peterbloem.kit.Global info
INFO: 5000 iterations finished.
Sep 06, 2018 1:33:03 AM nl.peterbloem.kit.Global info
INFO: 5500 iterations finished.
Sep 06, 2018 1:33:17 AM nl.peterbloem.kit.Global info
INFO: 6001 iterations finished.
Sep 06, 2018 1:33:42 AM nl.peterbloem.kit.Global info
INFO: 6500 iterations finished.
Sep 06, 2018 1:34:02 AM nl.peterbloem.kit.Global info
INFO: 7000 iterations finished.
Sep 06, 2018 1:34:22 AM nl.peterbloem.kit.Global info
INFO: 7500 iterations finished.
Sep 06, 2018 1:34:42 AM nl.peterbloem.kit.Global info
INFO: 8000 iterations finished.
Sep 06, 2018 1:35:02 AM nl.peterbloem.kit.Global info
INFO: 8500 iterations finished.
Sep 06, 2018 1:35:25 AM nl.peterbloem.kit.Global info
INFO: 9000 iterations finished.
Sep 06, 2018 1:35:45 AM nl.peterbloem.kit.Global info
INFO: 9500 iterations finished.
Sep 06, 2018 1:36:04 AM nl.peterbloem.kit.Global info
INFO: 10000 iterations finished.
Sep 06, 2018 1:36:23 AM nl.peterbloem.kit.Global info
INFO: 10500 iterations finished.
Sep 06, 2018 1:36:42 AM nl.peterbloem.kit.Global info
INFO: 11000 iterations finished.
Sep 06, 2018 1:37:02 AM nl.peterbloem.kit.Global info
INFO: 11500 iterations finished.
Sep 06, 2018 1:37:23 AM nl.peterbloem.kit.Global info
INFO: 12000 iterations finished.
Sep 06, 2018 1:37:39 AM nl.peterbloem.kit.Global info
INFO: 12500 iterations finished.
Sep 06, 2018 1:37:58 AM nl.peterbloem.kit.Global info
INFO: 13000 iterations finished.
Sep 06, 2018 1:38:18 AM nl.peterbloem.kit.Global info
INFO: 13500 iterations finished.
Sep 06, 2018 1:38:34 AM nl.peterbloem.kit.Global info
INFO: 14000 iterations finished.
Sep 06, 2018 1:38:53 AM nl.peterbloem.kit.Global info
INFO: 14500 iterations finished.
Sep 06, 2018 1:39:13 AM nl.peterbloem.kit.Global info
INFO: 15000 iterations finished.
Sep 06, 2018 1:39:29 AM nl.peterbloem.kit.Global info
INFO: 15500 iterations finished.
Sep 06, 2018 1:39:52 AM nl.peterbloem.kit.Global info
INFO: 16000 iterations finished.
Sep 06, 2018 1:40:09 AM nl.peterbloem.kit.Global info
INFO: 16500 iterations finished.
Sep 06, 2018 1:40:27 AM nl.peterbloem.kit.Global info
INFO: 17000 iterations finished.
Sep 06, 2018 1:40:46 AM nl.peterbloem.kit.Global info
INFO: 17500 iterations finished.
Sep 06, 2018 1:41:01 AM nl.peterbloem.kit.Global info
INFO: 18000 iterations finished.
Sep 06, 2018 1:41:17 AM nl.peterbloem.kit.Global info
INFO: 18500 iterations finished.
Sep 06, 2018 1:41:37 AM nl.peterbloem.kit.Global info
INFO: 19000 iterations finished.
Sep 06, 2018 1:41:55 AM nl.peterbloem.kit.Global info
INFO: 19500 iterations finished.
Sep 06, 2018 1:42:13 AM nl.peterbloem.kit.Global info
INFO: 20000 iterations finished.
Sep 06, 2018 1:42:35 AM nl.peterbloem.kit.Global info
INFO: 20500 iterations finished.
Sep 06, 2018 1:42:53 AM nl.peterbloem.kit.Global info
INFO: 21000 iterations finished.
Sep 06, 2018 1:43:11 AM nl.peterbloem.kit.Global info
INFO: 21500 iterations finished.
Sep 06, 2018 1:43:26 AM nl.peterbloem.kit.Global info
INFO: 22000 iterations finished.
Sep 06, 2018 1:43:42 AM nl.peterbloem.kit.Global info
INFO: 22500 iterations finished.
Sep 06, 2018 1:44:01 AM nl.peterbloem.kit.Global info
INFO: 23000 iterations finished.
Sep 06, 2018 1:44:19 AM nl.peterbloem.kit.Global info
INFO: 23500 iterations finished.
Sep 06, 2018 1:44:38 AM nl.peterbloem.kit.Global info
INFO: 24000 iterations finished.
Sep 06, 2018 1:44:56 AM nl.peterbloem.kit.Global info
INFO: 24500 iterations finished.
Sep 06, 2018 1:45:14 AM nl.peterbloem.kit.Global info
INFO: 25000 iterations finished.
Sep 06, 2018 1:45:32 AM nl.peterbloem.kit.Global info
INFO: 25500 iterations finished.
Sep 06, 2018 1:45:52 AM nl.peterbloem.kit.Global info
INFO: 26000 iterations finished.
Sep 06, 2018 1:46:07 AM nl.peterbloem.kit.Global info
INFO: 26500 iterations finished.
Sep 06, 2018 1:46:25 AM nl.peterbloem.kit.Global info
INFO: 27000 iterations finished.
Sep 06, 2018 1:46:45 AM nl.peterbloem.kit.Global info
INFO: 27500 iterations finished.
Sep 06, 2018 1:47:06 AM nl.peterbloem.kit.Global info
INFO: 28000 iterations finished.
Sep 06, 2018 1:47:19 AM nl.peterbloem.kit.Global info
INFO: 28500 iterations finished.
Sep 06, 2018 1:47:37 AM nl.peterbloem.kit.Global info
INFO: 29000 iterations finished.
Sep 06, 2018 1:47:55 AM nl.peterbloem.kit.Global info
INFO: 29500 iterations finished.
Sep 06, 2018 1:48:12 AM nl.peterbloem.kit.Global info
INFO: 30000 iterations finished.
Sep 06, 2018 1:48:32 AM nl.peterbloem.kit.Global info
INFO: 30500 iterations finished.
Sep 06, 2018 1:48:50 AM nl.peterbloem.kit.Global info
INFO: 31000 iterations finished.
Sep 06, 2018 1:49:07 AM nl.peterbloem.kit.Global info
INFO: 31500 iterations finished.
Sep 06, 2018 1:49:28 AM nl.peterbloem.kit.Global info
INFO: 32000 iterations finished.
Sep 06, 2018 1:49:47 AM nl.peterbloem.kit.Global info
INFO: 32500 iterations finished.
Sep 06, 2018 1:50:00 AM nl.peterbloem.kit.Global info
INFO: 33000 iterations finished.
Sep 06, 2018 1:50:16 AM nl.peterbloem.kit.Global info
INFO: 33500 iterations finished.
Sep 06, 2018 1:50:34 AM nl.peterbloem.kit.Global info
INFO: 34000 iterations finished.
Sep 06, 2018 1:50:52 AM nl.peterbloem.kit.Global info
INFO: 34500 iterations finished.
Sep 06, 2018 1:51:09 AM nl.peterbloem.kit.Global info
INFO: 35000 iterations finished.
Sep 06, 2018 1:51:26 AM nl.peterbloem.kit.Global info
INFO: 35500 iterations finished.
Sep 06, 2018 1:51:43 AM nl.peterbloem.kit.Global info
INFO: 36000 iterations finished.
Sep 06, 2018 1:52:06 AM nl.peterbloem.kit.Global info
INFO: 36500 iterations finished.
Sep 06, 2018 1:52:27 AM nl.peterbloem.kit.Global info
INFO: 37000 iterations finished.
Sep 06, 2018 1:52:48 AM nl.peterbloem.kit.Global info
INFO: 37500 iterations finished.
Sep 06, 2018 1:53:09 AM nl.peterbloem.kit.Global info
INFO: 38000 iterations finished.
Sep 06, 2018 1:53:27 AM nl.peterbloem.kit.Global info
INFO: 38500 iterations finished.
Sep 06, 2018 1:53:44 AM nl.peterbloem.kit.Global info
INFO: 39000 iterations finished.
Sep 06, 2018 1:54:04 AM nl.peterbloem.kit.Global info
INFO: 39500 iterations finished.
Sep 06, 2018 1:54:26 AM nl.peterbloem.kit.Global info
INFO: 40000 iterations finished.
Sep 06, 2018 1:54:42 AM nl.peterbloem.kit.Global info
INFO: 40500 iterations finished.
Sep 06, 2018 1:54:59 AM nl.peterbloem.kit.Global info
INFO: 41000 iterations finished.
Sep 06, 2018 1:55:15 AM nl.peterbloem.kit.Global info
INFO: 41500 iterations finished.
Sep 06, 2018 1:55:34 AM nl.peterbloem.kit.Global info
INFO: 42000 iterations finished.
Sep 06, 2018 1:55:52 AM nl.peterbloem.kit.Global info
INFO: 42500 iterations finished.
Sep 06, 2018 1:56:09 AM nl.peterbloem.kit.Global info
INFO: 43000 iterations finished.
Sep 06, 2018 1:56:27 AM nl.peterbloem.kit.Global info
INFO: 43500 iterations finished.
Sep 06, 2018 1:56:44 AM nl.peterbloem.kit.Global info
INFO: 44000 iterations finished.
Sep 06, 2018 1:57:01 AM nl.peterbloem.kit.Global info
INFO: 44500 iterations finished.
Sep 06, 2018 1:57:20 AM nl.peterbloem.kit.Global info
INFO: 45000 iterations finished.
Sep 06, 2018 1:57:41 AM nl.peterbloem.kit.Global info
INFO: 45500 iterations finished.
Sep 06, 2018 1:58:05 AM nl.peterbloem.kit.Global info
INFO: 46000 iterations finished.
Sep 06, 2018 1:58:22 AM nl.peterbloem.kit.Global info
INFO: 46500 iterations finished.
Sep 06, 2018 1:58:40 AM nl.peterbloem.kit.Global info
INFO: 47000 iterations finished.
Sep 06, 2018 1:58:59 AM nl.peterbloem.kit.Global info
INFO: 47500 iterations finished.
Sep 06, 2018 1:59:19 AM nl.peterbloem.kit.Global info
INFO: 48000 iterations finished.
Sep 06, 2018 1:59:37 AM nl.peterbloem.kit.Global info
INFO: 48500 iterations finished.
Sep 06, 2018 1:59:56 AM nl.peterbloem.kit.Global info
INFO: 49000 iterations finished.
Sep 06, 2018 2:00:11 AM nl.peterbloem.kit.Global info
INFO: 49500 iterations finished.
Sep 06, 2018 2:00:31 AM nl.peterbloem.kit.Global info
INFO: 50000 iterations finished.
Sep 06, 2018 2:00:47 AM nl.peterbloem.kit.Global info
INFO: 50500 iterations finished.
Sep 06, 2018 2:01:06 AM nl.peterbloem.kit.Global info
INFO: 51000 iterations finished.
Sep 06, 2018 2:01:28 AM nl.peterbloem.kit.Global info
INFO: 51500 iterations finished.
Sep 06, 2018 2:01:46 AM nl.peterbloem.kit.Global info
INFO: 52000 iterations finished.
Sep 06, 2018 2:02:02 AM nl.peterbloem.kit.Global info
INFO: 52500 iterations finished.
Sep 06, 2018 2:02:24 AM nl.peterbloem.kit.Global info
INFO: 53000 iterations finished.
Sep 06, 2018 2:02:46 AM nl.peterbloem.kit.Global info
INFO: 53500 iterations finished.
Sep 06, 2018 2:03:04 AM nl.peterbloem.kit.Global info
INFO: 54000 iterations finished.
Sep 06, 2018 2:03:17 AM nl.peterbloem.kit.Global info
INFO: 54500 iterations finished.
Sep 06, 2018 2:03:35 AM nl.peterbloem.kit.Global info
INFO: 55000 iterations finished.
Sep 06, 2018 2:03:54 AM nl.peterbloem.kit.Global info
INFO: 55500 iterations finished.
Sep 06, 2018 2:04:15 AM nl.peterbloem.kit.Global info
INFO: 56000 iterations finished.
Sep 06, 2018 2:04:36 AM nl.peterbloem.kit.Global info
INFO: 56500 iterations finished.
Sep 06, 2018 2:05:03 AM nl.peterbloem.kit.Global info
INFO: 57000 iterations finished.
Sep 06, 2018 2:05:23 AM nl.peterbloem.kit.Global info
INFO: 57500 iterations finished.
Sep 06, 2018 2:05:44 AM nl.peterbloem.kit.Global info
INFO: 58000 iterations finished.
Sep 06, 2018 2:06:01 AM nl.peterbloem.kit.Global info
INFO: 58500 iterations finished.
Sep 06, 2018 2:06:19 AM nl.peterbloem.kit.Global info
INFO: 59000 iterations finished.
Sep 06, 2018 2:06:37 AM nl.peterbloem.kit.Global info
INFO: 59501 iterations finished.
Sep 06, 2018 2:06:56 AM nl.peterbloem.kit.Global info
INFO: 60000 iterations finished.
Sep 06, 2018 2:07:10 AM nl.peterbloem.kit.Global info
INFO: 60500 iterations finished.
Sep 06, 2018 2:07:25 AM nl.peterbloem.kit.Global info
INFO: 61000 iterations finished.
Sep 06, 2018 2:07:44 AM nl.peterbloem.kit.Global info
INFO: 61500 iterations finished.
Sep 06, 2018 2:07:59 AM nl.peterbloem.kit.Global info
INFO: 62000 iterations finished.
Sep 06, 2018 2:08:15 AM nl.peterbloem.kit.Global info
INFO: 62500 iterations finished.
Sep 06, 2018 2:08:31 AM nl.peterbloem.kit.Global info
INFO: 63000 iterations finished.
Sep 06, 2018 2:08:47 AM nl.peterbloem.kit.Global info
INFO: 63500 iterations finished.
Sep 06, 2018 2:09:05 AM nl.peterbloem.kit.Global info
INFO: 64000 iterations finished.
Sep 06, 2018 2:09:19 AM nl.peterbloem.kit.Global info
INFO: 64500 iterations finished.
Sep 06, 2018 2:09:33 AM nl.peterbloem.kit.Global info
INFO: 65000 iterations finished.
Sep 06, 2018 2:09:50 AM nl.peterbloem.kit.Global info
INFO: 65500 iterations finished.
Sep 06, 2018 2:10:12 AM nl.peterbloem.kit.Global info
INFO: 66000 iterations finished.
Sep 06, 2018 2:10:30 AM nl.peterbloem.kit.Global info
INFO: 66500 iterations finished.
Sep 06, 2018 2:10:48 AM nl.peterbloem.kit.Global info
INFO: 67000 iterations finished.
Sep 06, 2018 2:11:07 AM nl.peterbloem.kit.Global info
INFO: 67500 iterations finished.
Sep 06, 2018 2:11:27 AM nl.peterbloem.kit.Global info
INFO: 68000 iterations finished.
Sep 06, 2018 2:11:43 AM nl.peterbloem.kit.Global info
INFO: 68500 iterations finished.
Sep 06, 2018 2:11:59 AM nl.peterbloem.kit.Global info
INFO: 69000 iterations finished.
Sep 06, 2018 2:12:18 AM nl.peterbloem.kit.Global info
INFO: 69500 iterations finished.
Sep 06, 2018 2:12:40 AM nl.peterbloem.kit.Global info
INFO: 70000 iterations finished.
Sep 06, 2018 2:12:58 AM nl.peterbloem.kit.Global info
INFO: 70500 iterations finished.
Sep 06, 2018 2:13:14 AM nl.peterbloem.kit.Global info
INFO: 71000 iterations finished.
Sep 06, 2018 2:13:30 AM nl.peterbloem.kit.Global info
INFO: 71500 iterations finished.
Sep 06, 2018 2:13:47 AM nl.peterbloem.kit.Global info
INFO: 72000 iterations finished.
Sep 06, 2018 2:14:04 AM nl.peterbloem.kit.Global info
INFO: 72500 iterations finished.
Sep 06, 2018 2:14:22 AM nl.peterbloem.kit.Global info
INFO: 73000 iterations finished.
Sep 06, 2018 2:14:43 AM nl.peterbloem.kit.Global info
INFO: 73500 iterations finished.
Sep 06, 2018 2:14:59 AM nl.peterbloem.kit.Global info
INFO: 74000 iterations finished.
Sep 06, 2018 2:15:18 AM nl.peterbloem.kit.Global info
INFO: 74500 iterations finished.
Sep 06, 2018 2:15:33 AM nl.peterbloem.kit.Global info
INFO: 75000 iterations finished.
Sep 06, 2018 2:15:48 AM nl.peterbloem.kit.Global info
INFO: 75500 iterations finished.
Sep 06, 2018 2:16:07 AM nl.peterbloem.kit.Global info
INFO: 76000 iterations finished.
Sep 06, 2018 2:16:23 AM nl.peterbloem.kit.Global info
INFO: 76500 iterations finished.
Sep 06, 2018 2:16:44 AM nl.peterbloem.kit.Global info
INFO: 77000 iterations finished.
Sep 06, 2018 2:17:01 AM nl.peterbloem.kit.Global info
INFO: 77500 iterations finished.
Sep 06, 2018 2:17:21 AM nl.peterbloem.kit.Global info
INFO: 78000 iterations finished.
Sep 06, 2018 2:17:40 AM nl.peterbloem.kit.Global info
INFO: 78500 iterations finished.
Sep 06, 2018 2:18:02 AM nl.peterbloem.kit.Global info
INFO: 79000 iterations finished.
Sep 06, 2018 2:18:25 AM nl.peterbloem.kit.Global info
INFO: 79500 iterations finished.
Sep 06, 2018 2:18:46 AM nl.peterbloem.kit.Global info
INFO: 80000 iterations finished.
Sep 06, 2018 2:19:06 AM nl.peterbloem.kit.Global info
INFO: 80500 iterations finished.
Sep 06, 2018 2:19:26 AM nl.peterbloem.kit.Global info
INFO: 81000 iterations finished.
Sep 06, 2018 2:19:42 AM nl.peterbloem.kit.Global info
INFO: 81500 iterations finished.
Sep 06, 2018 2:20:02 AM nl.peterbloem.kit.Global info
INFO: 82000 iterations finished.
Sep 06, 2018 2:20:21 AM nl.peterbloem.kit.Global info
INFO: 82500 iterations finished.
Sep 06, 2018 2:20:35 AM nl.peterbloem.kit.Global info
INFO: 83000 iterations finished.
Sep 06, 2018 2:20:51 AM nl.peterbloem.kit.Global info
INFO: 83500 iterations finished.
Sep 06, 2018 2:21:12 AM nl.peterbloem.kit.Global info
INFO: 84000 iterations finished.
Sep 06, 2018 2:21:36 AM nl.peterbloem.kit.Global info
INFO: 84500 iterations finished.
Sep 06, 2018 2:21:52 AM nl.peterbloem.kit.Global info
INFO: 85000 iterations finished.
Sep 06, 2018 2:22:08 AM nl.peterbloem.kit.Global info
INFO: 85500 iterations finished.
Sep 06, 2018 2:22:27 AM nl.peterbloem.kit.Global info
INFO: 86000 iterations finished.
Sep 06, 2018 2:22:44 AM nl.peterbloem.kit.Global info
INFO: 86500 iterations finished.
Sep 06, 2018 2:23:04 AM nl.peterbloem.kit.Global info
INFO: 87000 iterations finished.
Sep 06, 2018 2:23:23 AM nl.peterbloem.kit.Global info
INFO: 87500 iterations finished.
Sep 06, 2018 2:23:43 AM nl.peterbloem.kit.Global info
INFO: 88000 iterations finished.
Sep 06, 2018 2:24:03 AM nl.peterbloem.kit.Global info
INFO: 88500 iterations finished.
Sep 06, 2018 2:24:22 AM nl.peterbloem.kit.Global info
INFO: 89000 iterations finished.
Sep 06, 2018 2:24:42 AM nl.peterbloem.kit.Global info
INFO: 89500 iterations finished.
Sep 06, 2018 2:25:01 AM nl.peterbloem.kit.Global info
INFO: 90000 iterations finished.
Sep 06, 2018 2:25:15 AM nl.peterbloem.kit.Global info
INFO: Finished searching
Sep 06, 2018 2:25:22 AM nl.peterbloem.kit.Global info
INFO: 90500 iterations finished.
Sep 06, 2018 2:25:39 AM nl.peterbloem.kit.Global info
INFO: 91000 iterations finished.
Sep 06, 2018 2:25:54 AM nl.peterbloem.kit.Global info
INFO: 91500 iterations finished.
Sep 06, 2018 2:26:14 AM nl.peterbloem.kit.Global info
INFO: 92000 iterations finished.
Sep 06, 2018 2:26:24 AM nl.peterbloem.kit.Global info
INFO: Finished searching
Sep 06, 2018 2:26:34 AM nl.peterbloem.kit.Global info
INFO: 92500 iterations finished.
Sep 06, 2018 2:26:51 AM nl.peterbloem.kit.Global info
INFO: Finished searching
Sep 06, 2018 2:26:52 AM nl.peterbloem.kit.Global info
INFO: 93000 iterations finished.
Sep 06, 2018 2:27:11 AM nl.peterbloem.kit.Global info
INFO: 93500 iterations finished.
Sep 06, 2018 2:27:27 AM nl.peterbloem.kit.Global info
INFO: 94000 iterations finished.
Sep 06, 2018 2:27:35 AM nl.peterbloem.kit.Global info
INFO: Finished searching
Sep 06, 2018 2:27:49 AM nl.peterbloem.kit.Global info
INFO: 94500 iterations finished.
Sep 06, 2018 2:28:08 AM nl.peterbloem.kit.Global info
INFO: Finished searching
Sep 06, 2018 2:28:11 AM nl.peterbloem.kit.Global info
INFO: 95000 iterations finished.
Sep 06, 2018 2:28:16 AM nl.peterbloem.kit.Global info
INFO: Finished searching
Sep 06, 2018 2:28:32 AM nl.peterbloem.kit.Global info
INFO: 95500 iterations finished.
Sep 06, 2018 2:28:59 AM nl.peterbloem.kit.Global info
INFO: 96000 iterations finished.
Sep 06, 2018 2:29:13 AM nl.peterbloem.kit.Global info
INFO: Finished searching
Sep 06, 2018 2:29:18 AM nl.peterbloem.kit.Global info
INFO: Finished searching
Sep 06, 2018 2:29:21 AM nl.peterbloem.kit.Global info
INFO: 96500 iterations finished.
Sep 06, 2018 2:29:29 AM nl.peterbloem.kit.Global info
INFO: Finished searching
Sep 06, 2018 2:29:39 AM nl.peterbloem.kit.Global info
INFO: 97000 iterations finished.
Sep 06, 2018 2:29:55 AM nl.peterbloem.kit.Global info
INFO: Finished searching
Sep 06, 2018 2:30:05 AM nl.peterbloem.kit.Global info
INFO: 97500 iterations finished.
Sep 06, 2018 2:30:09 AM nl.peterbloem.kit.Global info
INFO: Finished searching
Sep 06, 2018 2:30:16 AM nl.peterbloem.kit.Global info
INFO: Finished searching
Sep 06, 2018 2:30:19 AM nl.peterbloem.kit.Global info
INFO: Finished searching
Sep 06, 2018 2:30:31 AM nl.peterbloem.kit.Global info
INFO: Finished searching
Sep 06, 2018 2:30:32 AM nl.peterbloem.kit.Global info
INFO: Finished searching
Sep 06, 2018 2:30:35 AM nl.peterbloem.kit.Global info
INFO: 98000 iterations finished.
Sep 06, 2018 2:31:02 AM nl.peterbloem.kit.Global info
INFO: Finished searching
Sep 06, 2018 2:31:10 AM nl.peterbloem.kit.Global info
INFO: Finished searching
Sep 06, 2018 2:31:11 AM nl.peterbloem.kit.Global info
INFO: 98500 iterations finished.
Sep 06, 2018 2:31:17 AM nl.peterbloem.kit.Global info
INFO: Finished searching
Sep 06, 2018 2:31:18 AM nl.peterbloem.kit.Global info
INFO: Finished searching
Sep 06, 2018 2:31:25 AM nl.peterbloem.kit.Global info
INFO: Finished searching
Sep 06, 2018 2:31:27 AM nl.peterbloem.kit.Global info
INFO: Finished searching
Sep 06, 2018 2:31:53 AM nl.peterbloem.kit.Global info
INFO: 99000 iterations finished.
Sep 06, 2018 2:32:01 AM nl.peterbloem.kit.Global info
INFO: Finished searching
Sep 06, 2018 2:32:21 AM nl.peterbloem.kit.Global info
INFO: Finished searching
Sep 06, 2018 2:32:23 AM nl.peterbloem.kit.Global info
INFO: Finished searching
Sep 06, 2018 2:32:35 AM nl.peterbloem.kit.Global info
INFO: Finished searching
Sep 06, 2018 2:32:44 AM nl.peterbloem.kit.Global info
INFO: Finished searching
Sep 06, 2018 2:32:49 AM nl.peterbloem.kit.Global info
INFO: Finished searching
Sep 06, 2018 2:32:49 AM nl.peterbloem.kit.Global info
INFO: Finished searching
Sep 06, 2018 2:32:55 AM nl.peterbloem.kit.Global info
INFO: 99500 iterations finished.
Sep 06, 2018 2:34:16 AM nl.peterbloem.kit.Global info
INFO: Finished searching
Sep 06, 2018 2:34:40 AM nl.peterbloem.kit.Global info
INFO: Finished searching
Sep 06, 2018 2:35:04 AM nl.peterbloem.kit.Global info
INFO: Finished searching
Sep 06, 2018 2:36:48 AM nl.peterbloem.kit.Global info
INFO: Finished searching
Sep 06, 2018 2:36:48 AM nl.peterbloem.kit.Global info
INFO: Search finished.
Sep 06, 2018 2:36:49 AM nl.peterbloem.kit.Global info
INFO: Finished.
