\BOOKMARK [0][-]{chapter.1}{\376\377\000A\000\040\000f\000r\000i\000e\000n\000d\000l\000y\000\040\000i\000n\000t\000r\000o\000d\000u\000c\000t\000i\000o\000n\000\040\000t\000o\000\040\000P\000C\000A}{}% 1
\BOOKMARK [1][-]{section.1.1}{\376\377\000T\000h\000e\000\040\000b\000a\000s\000i\000c\000s}{chapter.1}% 2
\BOOKMARK [1][-]{section.1.2}{\376\377\000O\000n\000e\000-\000d\000i\000m\000e\000n\000s\000i\000o\000n\000a\000l\000\040\000P\000C\000A}{chapter.1}% 3
\BOOKMARK [1][-]{section.1.3}{\376\377\000n\000-\000D\000i\000m\000e\000n\000s\000i\000o\000n\000a\000l\000\040\000P\000C\000A}{chapter.1}% 4
\BOOKMARK [1][-]{section.1.4}{\376\377\000A\000p\000p\000l\000i\000c\000a\000t\000i\000o\000n\000s\000\040\000o\000f\000\040\000P\000C\000A}{chapter.1}% 5
\BOOKMARK [0][-]{chapter.2}{\376\377\000E\000i\000g\000e\000n\000v\000e\000c\000t\000o\000r\000s\000\040\000a\000n\000d\000\040\000e\000i\000g\000e\000n\000v\000a\000l\000u\000e\000s}{}% 6
\BOOKMARK [1][-]{section.2.1}{\376\377\000M\000i\000n\000.\000\040\000r\000e\000c\000o\000n\000s\000t\000r\000u\000c\000t\000i\000o\000n\000\040\000i\000s\000\040\000m\000a\000x\000.\000\040\000v\000a\000r\000i\000a\000n\000c\000e}{chapter.2}% 7
\BOOKMARK [1][-]{section.2.2}{\376\377\000E\000i\000g\000e\000n\000v\000e\000c\000t\000o\000r\000s}{chapter.2}% 8
\BOOKMARK [2][-]{subsection.2.2.1}{\376\377\000W\000h\000a\000t\000\040\000a\000r\000e\000\040\000e\000i\000g\000e\000n\000v\000e\000c\000t\000o\000r\000s\000?}{section.2.2}% 9
\BOOKMARK [2][-]{subsection.2.2.2}{\376\377\000T\000h\000e\000\040\000s\000p\000e\000c\000t\000r\000a\000l\000\040\000t\000h\000e\000o\000r\000e\000m}{section.2.2}% 10
\BOOKMARK [2][-]{subsection.2.2.3}{\376\377\000T\000h\000e\000\040\000e\000i\000g\000e\000n\000v\000e\000c\000t\000o\000r\000s\000\040\000o\000f\000\040\000w\000h\000i\000c\000h\000\040\000m\000a\000t\000r\000i\000x\000?}{section.2.2}% 11
\BOOKMARK [1][-]{section.2.3}{\376\377\000D\000a\000t\000a\000\040\000n\000o\000r\000m\000a\000l\000i\000z\000a\000t\000i\000o\000n\000\040\000a\000n\000d\000\040\000b\000a\000s\000i\000s\000\040\000t\000r\000a\000n\000s\000f\000o\000r\000m\000a\000t\000i\000o\000n\000s}{chapter.2}% 12
\BOOKMARK [1][-]{section.2.4}{\376\377\000Q\000u\000a\000d\000r\000a\000t\000i\000c\000\040\000f\000o\000r\000m\000s}{chapter.2}% 13
\BOOKMARK [1][-]{section.2.5}{\376\377\000W\000h\000y\000\040\000i\000s\000\040\000P\000C\000A\000\040\000o\000p\000t\000i\000m\000a\000l\000?}{chapter.2}% 14
\BOOKMARK [2][-]{subsection.2.5.1}{\376\377\000C\000h\000a\000r\000a\000c\000t\000e\000r\000i\000z\000i\000n\000g\000\040\000t\000h\000e\000\040\000P\000C\000A\000\040\000s\000o\000l\000u\000t\000i\000o\000n}{section.2.5}% 15
\BOOKMARK [0][-]{chapter.3}{\376\377\000P\000r\000o\000v\000i\000n\000g\000\040\000t\000h\000e\000\040\000s\000p\000e\000c\000t\000r\000a\000l\000\040\000t\000h\000e\000o\000r\000e\000m}{}% 16
\BOOKMARK [1][-]{section.3.1}{\376\377\000R\000e\000s\000t\000a\000t\000i\000n\000g\000\040\000t\000h\000e\000\040\000s\000p\000e\000c\000t\000r\000a\000l\000\040\000t\000h\000e\000o\000r\000e\000m}{chapter.3}% 17
\BOOKMARK [1][-]{section.3.2}{\376\377\000D\000e\000t\000e\000r\000m\000i\000n\000a\000n\000t\000s}{chapter.3}% 18
\BOOKMARK [2][-]{subsection.3.2.1}{\376\377\000C\000o\000m\000p\000u\000t\000i\000n\000g\000\040\000t\000h\000e\000\040\0002\0002\000\040\000d\000e\000t\000e\000r\000m\000i\000n\000a\000n\000t}{section.3.2}% 19
\BOOKMARK [2][-]{subsection.3.2.2}{\376\377\000N\000e\000g\000a\000t\000i\000v\000e\000\040\000d\000e\000t\000e\000r\000m\000i\000n\000a\000n\000t\000s}{section.3.2}% 20
\BOOKMARK [2][-]{subsection.3.2.3}{\376\377\000T\000o\000w\000a\000r\000d\000s\000\040\000n\000\040\000n\000\040\000d\000e\000t\000e\000r\000m\000i\000n\000a\000n\000t\000s}{section.3.2}% 21
\BOOKMARK [2][-]{subsection.3.2.4}{\376\377\000D\000e\000t\000e\000r\000m\000i\000n\000a\000n\000t\000s\000\040\000f\000o\000r\000\040\000n\000n\000\040\000m\000a\000t\000r\000i\000c\000e\000s}{section.3.2}% 22
\BOOKMARK [1][-]{section.3.3}{\376\377\000T\000h\000e\000\040\000c\000h\000a\000r\000a\000c\000t\000e\000r\000i\000s\000t\000i\000c\000\040\000p\000o\000l\000y\000n\000o\000m\000i\000a\000l}{chapter.3}% 23
\BOOKMARK [1][-]{section.3.4}{\376\377\000C\000o\000m\000p\000l\000e\000x\000\040\000n\000u\000m\000b\000e\000r\000s}{chapter.3}% 24
\BOOKMARK [1][-]{section.3.5}{\376\377\000T\000h\000e\000\040\000f\000u\000n\000d\000a\000m\000e\000n\000t\000a\000l\000\040\000t\000h\000e\000o\000r\000e\000m\000\040\000o\000f\000\040\000a\000l\000g\000e\000b\000r\000a}{chapter.3}% 25
\BOOKMARK [2][-]{subsection.3.5.1}{\376\377\000F\000r\000o\000m\000\040\000o\000n\000e\000\040\000r\000o\000o\000t\000\040\000t\000o\000\040\000n\000\040\000r\000o\000o\000t\000s}{section.3.5}% 26
\BOOKMARK [2][-]{subsection.3.5.2}{\376\377\000B\000a\000c\000k\000\040\000t\000o\000\040\000e\000i\000g\000e\000n\000v\000a\000l\000u\000e\000s}{section.3.5}% 27
\BOOKMARK [1][-]{section.3.6}{\376\377\000T\000h\000e\000\040\000s\000p\000e\000c\000t\000r\000a\000l\000\040\000t\000h\000e\000o\000r\000e\000m}{chapter.3}% 28
\BOOKMARK [2][-]{subsection.3.6.1}{\376\377\000T\000h\000e\000\040\000S\000c\000h\000u\000r\000\040\000d\000e\000c\000o\000m\000p\000o\000s\000i\000t\000i\000o\000n}{section.3.6}% 29
\BOOKMARK [2][-]{subsection.3.6.2}{\376\377\000P\000r\000o\000o\000f\000\040\000o\000f\000\040\000t\000h\000e\000\040\000s\000p\000e\000c\000t\000r\000a\000l\000\040\000t\000h\000e\000o\000r\000e\000m}{section.3.6}% 30
\BOOKMARK [0][-]{chapter.4}{\376\377\000T\000h\000e\000\040\000s\000i\000n\000g\000u\000l\000a\000r\000\040\000v\000a\000l\000u\000e\000\040\000d\000e\000c\000o\000m\000p\000o\000s\000i\000t\000i\000o\000n}{}% 31
\BOOKMARK [1][-]{section.4.1}{\376\377\000E\000i\000g\000e\000n\000v\000a\000l\000u\000e\000s\000\040\000a\000n\000d\000\040\000s\000i\000n\000g\000u\000l\000a\000r\000\040\000v\000a\000l\000u\000e\000s}{chapter.4}% 32
\BOOKMARK [2][-]{subsection.4.1.1}{\376\377\000S\000i\000n\000g\000u\000l\000a\000r\000\040\000v\000e\000c\000t\000o\000r\000s\000\040\000a\000n\000d\000\040\000p\000r\000i\000n\000c\000i\000p\000a\000l\000\040\000c\000o\000m\000p\000o\000n\000e\000n\000t\000s}{section.4.1}% 33
\BOOKMARK [2][-]{subsection.4.1.2}{\376\377\000T\000h\000e\000\040\000s\000i\000n\000g\000u\000l\000a\000r\000\040\000v\000a\000l\000u\000e\000\040\000d\000e\000c\000o\000m\000p\000o\000s\000i\000t\000i\000o\000n}{section.4.1}% 34
\BOOKMARK [2][-]{subsection.4.1.3}{\376\377\000P\000r\000i\000n\000c\000i\000p\000a\000l\000\040\000C\000o\000m\000p\000o\000n\000e\000n\000t\000\040\000A\000n\000a\000l\000y\000s\000i\000s\000\040\000b\000y\000\040\000S\000V\000D}{section.4.1}% 35
\BOOKMARK [1][-]{section.4.2}{\376\377\000R\000a\000n\000k}{chapter.4}% 36
\BOOKMARK [2][-]{subsection.4.2.1}{\376\377\000C\000o\000m\000p\000u\000t\000i\000n\000g\000\040\000r\000a\000n\000k}{section.4.2}% 37
\BOOKMARK [1][-]{section.4.3}{\376\377\000T\000h\000e\000\040\000p\000s\000e\000u\000d\000o\000-\000i\000n\000v\000e\000r\000s\000e}{chapter.4}% 38
\BOOKMARK [1][-]{section.4.4}{\376\377\000M\000a\000k\000i\000n\000g\000\040\000u\000s\000e\000\040\000o\000f\000\040\000t\000h\000e\000\040\000S\000V\000D}{chapter.4}% 39
\BOOKMARK [2][-]{subsection.4.4.1}{\376\377\000C\000o\000m\000p\000r\000e\000s\000s\000i\000o\000n\000\040\000a\000n\000d\000\040\000n\000o\000i\000s\000e\000\040\000r\000e\000m\000o\000v\000a\000l}{section.4.4}% 40
\BOOKMARK [2][-]{subsection.4.4.2}{\376\377\000C\000o\000m\000p\000r\000e\000s\000s\000i\000n\000g\000\040\000s\000i\000n\000g\000l\000e\000\040\000i\000m\000a\000g\000e\000s}{section.4.4}% 41
\BOOKMARK [2][-]{subsection.4.4.3}{\376\377\000C\000o\000m\000p\000u\000t\000i\000n\000g\000\040\000r\000a\000n\000k\000\040\000d\000e\000c\000o\000m\000p\000o\000s\000i\000t\000i\000o\000n\000s}{section.4.4}% 42
\BOOKMARK [2][-]{subsection.4.4.4}{\376\377\000R\000e\000c\000o\000m\000m\000e\000n\000d\000a\000t\000i\000o\000n}{section.4.4}% 43
\BOOKMARK [2][-]{subsection.4.4.5}{\376\377\000P\000C\000A\000\040\000a\000s\000\040\000m\000a\000t\000r\000i\000x\000\040\000d\000e\000c\000o\000m\000p\000o\000s\000i\000t\000i\000o\000n}{section.4.4}% 44
\BOOKMARK [0][-]{chapter.5}{\376\377\000C\000o\000m\000p\000u\000t\000i\000n\000g\000\040\000t\000h\000e\000\040\000E\000D\000\040\000a\000n\000d\000\040\000S\000V\000D}{}% 45
\BOOKMARK [1][-]{section.5.1}{\376\377\000C\000o\000m\000p\000u\000t\000i\000n\000g\000\040\000e\000i\000g\000e\000n\000v\000e\000c\000t\000o\000r\000s}{chapter.5}% 46
\BOOKMARK [2][-]{subsection.5.1.1}{\376\377\000P\000o\000w\000e\000r\000\040\000i\000t\000e\000r\000a\000t\000i\000o\000n\000:\000\040\000c\000o\000m\000p\000u\000t\000i\000n\000g\000\040\0001\000\040\000e\000i\000g\000e\000n\000v\000e\000c\000t\000o\000r}{section.5.1}% 47
\BOOKMARK [2][-]{subsection.5.1.2}{\376\377\000O\000r\000t\000h\000o\000g\000o\000n\000a\000l\000\040\000i\000t\000e\000r\000a\000t\000i\000o\000n\000:\000\040\000a\000d\000d\000i\000n\000g\000\040\000a\000n\000o\000t\000h\000e\000r\000\040\000e\000i\000g\000e\000n\000v\000e\000c\000t\000o\000r}{section.5.1}% 48
\BOOKMARK [2][-]{subsection.5.1.3}{\376\377\000A\000d\000d\000i\000n\000g\000\040\000e\000v\000e\000n\000\040\000m\000o\000r\000e\000\040\000e\000i\000g\000e\000n\000v\000e\000c\000t\000o\000r\000s}{section.5.1}% 49
\BOOKMARK [2][-]{subsection.5.1.4}{\376\377\000Q\000R\000\040\000i\000t\000e\000r\000a\000t\000i\000o\000n}{section.5.1}% 50
\BOOKMARK [1][-]{section.5.2}{\376\377\000C\000o\000m\000p\000u\000t\000i\000n\000g\000\040\000t\000h\000e\000\040\000S\000V\000D}{chapter.5}% 51
\BOOKMARK [2][-]{subsection.5.2.1}{\376\377\000P\000o\000w\000e\000r\000\040\000i\000t\000e\000r\000a\000t\000i\000o\000n\000\040\000f\000o\000r\000\040\000t\000h\000e\000\040\000S\000V\000D}{section.5.2}% 52
\BOOKMARK [2][-]{subsection.5.2.2}{\376\377\000O\000r\000t\000h\000o\000g\000o\000n\000a\000l\000\040\000i\000t\000e\000r\000a\000t\000i\000o\000n\000\040\000f\000o\000r\000\040\000t\000h\000e\000\040\000S\000V\000D}{section.5.2}% 53
\BOOKMARK [2][-]{subsection.5.2.3}{\376\377\000T\000h\000e\000\040\000Q\000R\000\040\000a\000l\000g\000o\000r\000i\000t\000h\000m\000\040\000f\000o\000r\000\040\000t\000h\000e\000\040\000S\000V\000D}{section.5.2}% 54
\BOOKMARK [0][-]{appendix.A}{\376\377\000S\000o\000m\000e\000\040\000h\000e\000l\000p\000f\000u\000l\000\040\000l\000i\000n\000e\000a\000r\000\040\000a\000l\000g\000e\000b\000r\000a\000\040\000p\000r\000o\000p\000e\000r\000t\000i\000e\000s}{}% 55
\BOOKMARK [0][-]{appendix.B}{\376\377\000P\000r\000o\000o\000f\000s}{}% 56
\BOOKMARK [1][-]{section.B.2}{\376\377\000F\000o\000r\000\040\000C\000h\000a\000p\000t\000e\000r\000\040\0002}{appendix.B}% 57
\BOOKMARK [1][-]{section.B.3}{\376\377\000F\000o\000r\000\040\000C\000h\000a\000p\000t\000e\000r\000\040\0003}{appendix.B}% 58
\BOOKMARK [1][-]{section.B.4}{\376\377\000F\000o\000r\000\040\000C\000h\000a\000p\000t\000e\000r\000\040\0004}{appendix.B}% 59
\BOOKMARK [1][-]{section.B.5}{\376\377\000F\000o\000r\000\040\000C\000h\000a\000p\000t\000e\000r\000\040\0005}{appendix.B}% 60
