\BOOKMARK [0][-]{chapter.1}{A friendly introduction to PCA}{}% 1
\BOOKMARK [1][-]{section.1.1}{The basics}{chapter.1}% 2
\BOOKMARK [1][-]{section.1.2}{One-dimensional PCA}{chapter.1}% 3
\BOOKMARK [1][-]{section.1.3}{n-Dimensional PCA}{chapter.1}% 4
\BOOKMARK [1][-]{section.1.4}{Conclusion}{chapter.1}% 5
\BOOKMARK [0][-]{chapter.2}{Eigenvectors and eigenvalues}{}% 6
\BOOKMARK [1][-]{section.2.1}{Min. reconstruction is max. variance}{chapter.2}% 7
\BOOKMARK [1][-]{section.2.2}{Eigenvectors}{chapter.2}% 8
\BOOKMARK [1][-]{section.2.3}{Data normalization and basis transformations}{chapter.2}% 9
\BOOKMARK [1][-]{section.2.4}{Quadratic forms}{chapter.2}% 10
\BOOKMARK [1][-]{section.2.5}{Why is PCA optimal?}{chapter.2}% 11
\BOOKMARK [1][-]{section.2.6}{Conclusion}{chapter.2}% 12
\BOOKMARK [0][-]{chapter.3}{Proving the spectral theorem}{}% 13
\BOOKMARK [1][-]{section.3.1}{Restating the spectral theorem}{chapter.3}% 14
\BOOKMARK [1][-]{section.3.2}{Determinants}{chapter.3}% 15
\BOOKMARK [1][-]{section.3.3}{The characteristic polynomial}{chapter.3}% 16
\BOOKMARK [1][-]{section.3.4}{Complex numbers}{chapter.3}% 17
\BOOKMARK [0][-]{chapter.4}{The singular value decomposition}{}% 18
\BOOKMARK [0][-]{chapter.5}{Computing the eigendecomposition and the singular value decomposition}{}% 19
\BOOKMARK [0][-]{appendix.A}{Some helpful linear algebra properties}{}% 20
\BOOKMARK [0][-]{appendix.B}{Proofs}{}% 21
