Jun 05, 2017 2:17:58 PM nl.peterbloem.fractal.exec.Run main
INFO: Using 16 concurrent threads
.............................................................................................................................................................................................................................................................................................................................................................................................................................................................................................................................................................................................................................................................................................................................................................................................................................
Thread 2: finished init
.
Thread 3: finished init

Thread 4: finished init
.
Thread 6: finished init

Thread 1: finished init
.
Thread 0: finished init

Thread 7: finished init

Thread 5: finished init
........................................................................................................................................................................................................................................................................................................................................................................................................................................................................................................................................................................................................................................................................................................................................................................................................................
Thread 0 finished

Thread 4 finished

Thread 1 finished
..
Thread 2 finished
...
Thread 7 finished
..
Thread 5 finished

Thread 6 finished
.
Thread 3 finished
All threads finished
Jun 05, 2017 7:24:31 PM nl.peterbloem.kit.FileIO copy
INFO: Copying static files from path null to .
null
Failed to run plot script. java.lang.NullPointerException
Jun 05, 2017 7:24:31 PM nl.peterbloem.fractal.exec.Run main
INFO: Experiment finished. Time taken: 5h 6m 32s.
