Dec 08, 2018 7:10:27 PM nl.peterbloem.kit.Global info
INFO: Starting
Dec 08, 2018 7:10:27 PM nl.peterbloem.kit.Global info
INFO: New seed: 1710137223311700173
Dec 08, 2018 7:10:27 PM nl.peterbloem.kit.Global info
INFO: [--experiment, real-world, --iterations, 100000, --topk, 100, --data, aifb, --max-time, 5]
Dec 08, 2018 7:10:28 PM nl.peterbloem.kit.Global info
INFO: Using 32 separate processes.
Dec 08, 2018 7:10:31 PM nl.peterbloem.kit.Global info
INFO: 500 iterations finished.
Dec 08, 2018 7:10:37 PM nl.peterbloem.kit.Global info
INFO: 1000 iterations finished.
Dec 08, 2018 7:10:43 PM nl.peterbloem.kit.Global info
INFO: 1500 iterations finished.
Dec 08, 2018 7:10:49 PM nl.peterbloem.kit.Global info
INFO: 2000 iterations finished.
Dec 08, 2018 7:10:56 PM nl.peterbloem.kit.Global info
INFO: 2500 iterations finished.
Dec 08, 2018 7:11:02 PM nl.peterbloem.kit.Global info
INFO: 3000 iterations finished.
Dec 08, 2018 7:11:09 PM nl.peterbloem.kit.Global info
INFO: 3500 iterations finished.
Dec 08, 2018 7:11:16 PM nl.peterbloem.kit.Global info
INFO: 4000 iterations finished.
Dec 08, 2018 7:11:24 PM nl.peterbloem.kit.Global info
INFO: 4500 iterations finished.
Dec 08, 2018 7:11:32 PM nl.peterbloem.kit.Global info
INFO: 5000 iterations finished.
Dec 08, 2018 7:11:41 PM nl.peterbloem.kit.Global info
INFO: 5500 iterations finished.
Dec 08, 2018 7:11:46 PM nl.peterbloem.kit.Global info
INFO: 6000 iterations finished.
Dec 08, 2018 7:11:53 PM nl.peterbloem.kit.Global info
INFO: 6500 iterations finished.
Dec 08, 2018 7:12:01 PM nl.peterbloem.kit.Global info
INFO: 7000 iterations finished.
Dec 08, 2018 7:12:09 PM nl.peterbloem.kit.Global info
INFO: 7500 iterations finished.
Dec 08, 2018 7:12:15 PM nl.peterbloem.kit.Global info
INFO: 8000 iterations finished.
Dec 08, 2018 7:12:28 PM nl.peterbloem.kit.Global info
INFO: 8500 iterations finished.
Dec 08, 2018 7:12:41 PM nl.peterbloem.kit.Global info
INFO: 9000 iterations finished.
Dec 08, 2018 7:12:47 PM nl.peterbloem.kit.Global info
INFO: 9500 iterations finished.
Dec 08, 2018 7:12:52 PM nl.peterbloem.kit.Global info
INFO: 10000 iterations finished.
Dec 08, 2018 7:12:58 PM nl.peterbloem.kit.Global info
INFO: 10500 iterations finished.
Dec 08, 2018 7:13:03 PM nl.peterbloem.kit.Global info
INFO: 11000 iterations finished.
Dec 08, 2018 7:13:10 PM nl.peterbloem.kit.Global info
INFO: 11500 iterations finished.
Dec 08, 2018 7:13:16 PM nl.peterbloem.kit.Global info
INFO: 12000 iterations finished.
Dec 08, 2018 7:13:21 PM nl.peterbloem.kit.Global info
INFO: 12500 iterations finished.
Dec 08, 2018 7:13:31 PM nl.peterbloem.kit.Global info
INFO: 13000 iterations finished.
Dec 08, 2018 7:13:41 PM nl.peterbloem.kit.Global info
INFO: 13500 iterations finished.
Dec 08, 2018 7:13:48 PM nl.peterbloem.kit.Global info
INFO: 14000 iterations finished.
Dec 08, 2018 7:14:00 PM nl.peterbloem.kit.Global info
INFO: 14500 iterations finished.
Dec 08, 2018 7:14:09 PM nl.peterbloem.kit.Global info
INFO: 15000 iterations finished.
Dec 08, 2018 7:14:19 PM nl.peterbloem.kit.Global info
INFO: 15500 iterations finished.
Dec 08, 2018 7:14:27 PM nl.peterbloem.kit.Global info
INFO: 16000 iterations finished.
Dec 08, 2018 7:14:34 PM nl.peterbloem.kit.Global info
INFO: 16500 iterations finished.
Dec 08, 2018 7:14:41 PM nl.peterbloem.kit.Global info
INFO: 17000 iterations finished.
Dec 08, 2018 7:14:48 PM nl.peterbloem.kit.Global info
INFO: 17500 iterations finished.
Dec 08, 2018 7:14:57 PM nl.peterbloem.kit.Global info
INFO: 18000 iterations finished.
Dec 08, 2018 7:15:08 PM nl.peterbloem.kit.Global info
INFO: 18500 iterations finished.
Dec 08, 2018 7:15:16 PM nl.peterbloem.kit.Global info
INFO: 19000 iterations finished.
Dec 08, 2018 7:15:25 PM nl.peterbloem.kit.Global info
INFO: 19500 iterations finished.
Dec 08, 2018 7:15:32 PM nl.peterbloem.kit.Global info
INFO: 20000 iterations finished.
Dec 08, 2018 7:15:41 PM nl.peterbloem.kit.Global info
INFO: 20500 iterations finished.
Dec 08, 2018 7:15:48 PM nl.peterbloem.kit.Global info
INFO: 21000 iterations finished.
Dec 08, 2018 7:15:54 PM nl.peterbloem.kit.Global info
INFO: 21500 iterations finished.
Dec 08, 2018 7:16:03 PM nl.peterbloem.kit.Global info
INFO: 22000 iterations finished.
Dec 08, 2018 7:16:11 PM nl.peterbloem.kit.Global info
INFO: 22500 iterations finished.
Dec 08, 2018 7:16:21 PM nl.peterbloem.kit.Global info
INFO: 23000 iterations finished.
Dec 08, 2018 7:16:26 PM nl.peterbloem.kit.Global info
INFO: 23500 iterations finished.
Dec 08, 2018 7:16:32 PM nl.peterbloem.kit.Global info
INFO: 24000 iterations finished.
Dec 08, 2018 7:16:42 PM nl.peterbloem.kit.Global info
INFO: 24500 iterations finished.
Dec 08, 2018 7:16:47 PM nl.peterbloem.kit.Global info
INFO: 25000 iterations finished.
Dec 08, 2018 7:16:50 PM nl.peterbloem.kit.Global info
INFO: 25500 iterations finished.
Dec 08, 2018 7:17:01 PM nl.peterbloem.kit.Global info
INFO: 26000 iterations finished.
Dec 08, 2018 7:17:10 PM nl.peterbloem.kit.Global info
INFO: 26500 iterations finished.
Dec 08, 2018 7:17:18 PM nl.peterbloem.kit.Global info
INFO: 27000 iterations finished.
Dec 08, 2018 7:17:23 PM nl.peterbloem.kit.Global info
INFO: 27500 iterations finished.
Dec 08, 2018 7:17:29 PM nl.peterbloem.kit.Global info
INFO: 28000 iterations finished.
Dec 08, 2018 7:17:38 PM nl.peterbloem.kit.Global info
INFO: 28500 iterations finished.
Dec 08, 2018 7:17:47 PM nl.peterbloem.kit.Global info
INFO: 29000 iterations finished.
Dec 08, 2018 7:17:56 PM nl.peterbloem.kit.Global info
INFO: 29500 iterations finished.
Dec 08, 2018 7:18:01 PM nl.peterbloem.kit.Global info
INFO: 30000 iterations finished.
Dec 08, 2018 7:18:11 PM nl.peterbloem.kit.Global info
INFO: 30500 iterations finished.
Dec 08, 2018 7:18:19 PM nl.peterbloem.kit.Global info
INFO: 31000 iterations finished.
Dec 08, 2018 7:18:30 PM nl.peterbloem.kit.Global info
INFO: 31500 iterations finished.
Dec 08, 2018 7:18:35 PM nl.peterbloem.kit.Global info
INFO: 32000 iterations finished.
Dec 08, 2018 7:18:45 PM nl.peterbloem.kit.Global info
INFO: 32500 iterations finished.
Dec 08, 2018 7:18:51 PM nl.peterbloem.kit.Global info
INFO: 33000 iterations finished.
Dec 08, 2018 7:19:03 PM nl.peterbloem.kit.Global info
INFO: 33500 iterations finished.
Dec 08, 2018 7:19:06 PM nl.peterbloem.kit.Global info
INFO: 34000 iterations finished.
Dec 08, 2018 7:19:16 PM nl.peterbloem.kit.Global info
INFO: 34500 iterations finished.
Dec 08, 2018 7:19:24 PM nl.peterbloem.kit.Global info
INFO: 35000 iterations finished.
Dec 08, 2018 7:19:32 PM nl.peterbloem.kit.Global info
INFO: 35500 iterations finished.
Dec 08, 2018 7:19:40 PM nl.peterbloem.kit.Global info
INFO: 36000 iterations finished.
Dec 08, 2018 7:19:46 PM nl.peterbloem.kit.Global info
INFO: 36500 iterations finished.
Dec 08, 2018 7:19:53 PM nl.peterbloem.kit.Global info
INFO: 37000 iterations finished.
Dec 08, 2018 7:19:59 PM nl.peterbloem.kit.Global info
INFO: 37500 iterations finished.
Dec 08, 2018 7:20:06 PM nl.peterbloem.kit.Global info
INFO: 38000 iterations finished.
Dec 08, 2018 7:20:11 PM nl.peterbloem.kit.Global info
INFO: 38500 iterations finished.
Dec 08, 2018 7:20:19 PM nl.peterbloem.kit.Global info
INFO: 39000 iterations finished.
Dec 08, 2018 7:20:26 PM nl.peterbloem.kit.Global info
INFO: 39500 iterations finished.
Dec 08, 2018 7:20:31 PM nl.peterbloem.kit.Global info
INFO: 40000 iterations finished.
Dec 08, 2018 7:20:38 PM nl.peterbloem.kit.Global info
INFO: 40500 iterations finished.
Dec 08, 2018 7:20:45 PM nl.peterbloem.kit.Global info
INFO: 41000 iterations finished.
Dec 08, 2018 7:20:52 PM nl.peterbloem.kit.Global info
INFO: 41500 iterations finished.
Dec 08, 2018 7:20:58 PM nl.peterbloem.kit.Global info
INFO: 42000 iterations finished.
Dec 08, 2018 7:21:01 PM nl.peterbloem.kit.Global info
INFO: 42500 iterations finished.
Dec 08, 2018 7:21:06 PM nl.peterbloem.kit.Global info
INFO: 43000 iterations finished.
Dec 08, 2018 7:21:15 PM nl.peterbloem.kit.Global info
INFO: 43500 iterations finished.
Dec 08, 2018 7:21:24 PM nl.peterbloem.kit.Global info
INFO: 44000 iterations finished.
Dec 08, 2018 7:21:32 PM nl.peterbloem.kit.Global info
INFO: 44501 iterations finished.
Dec 08, 2018 7:21:41 PM nl.peterbloem.kit.Global info
INFO: 45000 iterations finished.
Dec 08, 2018 7:21:46 PM nl.peterbloem.kit.Global info
INFO: 45500 iterations finished.
Dec 08, 2018 7:21:54 PM nl.peterbloem.kit.Global info
INFO: 46000 iterations finished.
Dec 08, 2018 7:22:02 PM nl.peterbloem.kit.Global info
INFO: 46500 iterations finished.
Dec 08, 2018 7:22:11 PM nl.peterbloem.kit.Global info
INFO: 47000 iterations finished.
Dec 08, 2018 7:22:23 PM nl.peterbloem.kit.Global info
INFO: 47500 iterations finished.
Dec 08, 2018 7:22:27 PM nl.peterbloem.kit.Global info
INFO: 48000 iterations finished.
Dec 08, 2018 7:22:36 PM nl.peterbloem.kit.Global info
INFO: 48500 iterations finished.
Dec 08, 2018 7:22:41 PM nl.peterbloem.kit.Global info
INFO: 49000 iterations finished.
Dec 08, 2018 7:22:49 PM nl.peterbloem.kit.Global info
INFO: 49500 iterations finished.
Dec 08, 2018 7:23:01 PM nl.peterbloem.kit.Global info
INFO: 50000 iterations finished.
Dec 08, 2018 7:23:06 PM nl.peterbloem.kit.Global info
INFO: 50500 iterations finished.
Dec 08, 2018 7:23:17 PM nl.peterbloem.kit.Global info
INFO: 51000 iterations finished.
Dec 08, 2018 7:23:26 PM nl.peterbloem.kit.Global info
INFO: 51500 iterations finished.
Dec 08, 2018 7:23:36 PM nl.peterbloem.kit.Global info
INFO: 52000 iterations finished.
Dec 08, 2018 7:23:44 PM nl.peterbloem.kit.Global info
INFO: 52500 iterations finished.
Dec 08, 2018 7:23:55 PM nl.peterbloem.kit.Global info
INFO: 53000 iterations finished.
Dec 08, 2018 7:24:03 PM nl.peterbloem.kit.Global info
INFO: 53500 iterations finished.
Dec 08, 2018 7:24:10 PM nl.peterbloem.kit.Global info
INFO: 54000 iterations finished.
Dec 08, 2018 7:24:16 PM nl.peterbloem.kit.Global info
INFO: 54500 iterations finished.
Dec 08, 2018 7:24:24 PM nl.peterbloem.kit.Global info
INFO: 55000 iterations finished.
Dec 08, 2018 7:24:32 PM nl.peterbloem.kit.Global info
INFO: 55500 iterations finished.
Dec 08, 2018 7:24:39 PM nl.peterbloem.kit.Global info
INFO: 56000 iterations finished.
Dec 08, 2018 7:24:44 PM nl.peterbloem.kit.Global info
INFO: 56500 iterations finished.
Dec 08, 2018 7:24:51 PM nl.peterbloem.kit.Global info
INFO: 57000 iterations finished.
Dec 08, 2018 7:24:58 PM nl.peterbloem.kit.Global info
INFO: 57500 iterations finished.
Dec 08, 2018 7:25:03 PM nl.peterbloem.kit.Global info
INFO: 58000 iterations finished.
Dec 08, 2018 7:25:09 PM nl.peterbloem.kit.Global info
INFO: 58500 iterations finished.
Dec 08, 2018 7:25:19 PM nl.peterbloem.kit.Global info
INFO: 59000 iterations finished.
Dec 08, 2018 7:25:22 PM nl.peterbloem.kit.Global info
INFO: Thread finished searching
Dec 08, 2018 7:25:25 PM nl.peterbloem.kit.Global info
INFO: 59500 iterations finished.
Dec 08, 2018 7:25:31 PM nl.peterbloem.kit.Global info
INFO: 60000 iterations finished.
Dec 08, 2018 7:25:38 PM nl.peterbloem.kit.Global info
INFO: 60500 iterations finished.
Dec 08, 2018 7:25:45 PM nl.peterbloem.kit.Global info
INFO: 61000 iterations finished.
Dec 08, 2018 7:25:50 PM nl.peterbloem.kit.Global info
INFO: 61500 iterations finished.
Dec 08, 2018 7:25:58 PM nl.peterbloem.kit.Global info
INFO: 62000 iterations finished.
Dec 08, 2018 7:26:05 PM nl.peterbloem.kit.Global info
INFO: 62500 iterations finished.
Dec 08, 2018 7:26:10 PM nl.peterbloem.kit.Global info
INFO: 63000 iterations finished.
Dec 08, 2018 7:26:17 PM nl.peterbloem.kit.Global info
INFO: 63500 iterations finished.
Dec 08, 2018 7:26:25 PM nl.peterbloem.kit.Global info
INFO: 64000 iterations finished.
Dec 08, 2018 7:26:33 PM nl.peterbloem.kit.Global info
INFO: 64500 iterations finished.
Dec 08, 2018 7:26:40 PM nl.peterbloem.kit.Global info
INFO: 65000 iterations finished.
Dec 08, 2018 7:26:49 PM nl.peterbloem.kit.Global info
INFO: 65500 iterations finished.
Dec 08, 2018 7:26:55 PM nl.peterbloem.kit.Global info
INFO: 66000 iterations finished.
Dec 08, 2018 7:27:03 PM nl.peterbloem.kit.Global info
INFO: 66500 iterations finished.
Dec 08, 2018 7:27:12 PM nl.peterbloem.kit.Global info
INFO: 67000 iterations finished.
Dec 08, 2018 7:27:18 PM nl.peterbloem.kit.Global info
INFO: 67500 iterations finished.
Dec 08, 2018 7:27:22 PM nl.peterbloem.kit.Global info
INFO: 68000 iterations finished.
Dec 08, 2018 7:27:31 PM nl.peterbloem.kit.Global info
INFO: 68500 iterations finished.
Dec 08, 2018 7:27:38 PM nl.peterbloem.kit.Global info
INFO: 69000 iterations finished.
Dec 08, 2018 7:27:44 PM nl.peterbloem.kit.Global info
INFO: 69500 iterations finished.
Dec 08, 2018 7:27:52 PM nl.peterbloem.kit.Global info
INFO: 70000 iterations finished.
Dec 08, 2018 7:28:01 PM nl.peterbloem.kit.Global info
INFO: 70500 iterations finished.
Dec 08, 2018 7:28:06 PM nl.peterbloem.kit.Global info
INFO: 71000 iterations finished.
Dec 08, 2018 7:28:15 PM nl.peterbloem.kit.Global info
INFO: 71500 iterations finished.
Dec 08, 2018 7:28:23 PM nl.peterbloem.kit.Global info
INFO: 72000 iterations finished.
Dec 08, 2018 7:28:33 PM nl.peterbloem.kit.Global info
INFO: 72500 iterations finished.
Dec 08, 2018 7:28:41 PM nl.peterbloem.kit.Global info
INFO: 73000 iterations finished.
Dec 08, 2018 7:28:48 PM nl.peterbloem.kit.Global info
INFO: 73500 iterations finished.
Dec 08, 2018 7:28:51 PM nl.peterbloem.kit.Global info
INFO: 74000 iterations finished.
Dec 08, 2018 7:28:58 PM nl.peterbloem.kit.Global info
INFO: 74500 iterations finished.
Dec 08, 2018 7:29:06 PM nl.peterbloem.kit.Global info
INFO: 75000 iterations finished.
Dec 08, 2018 7:29:10 PM nl.peterbloem.kit.Global info
INFO: 75500 iterations finished.
Dec 08, 2018 7:29:17 PM nl.peterbloem.kit.Global info
INFO: 76000 iterations finished.
Dec 08, 2018 7:29:27 PM nl.peterbloem.kit.Global info
INFO: 76500 iterations finished.
Dec 08, 2018 7:29:34 PM nl.peterbloem.kit.Global info
INFO: 77000 iterations finished.
Dec 08, 2018 7:29:42 PM nl.peterbloem.kit.Global info
INFO: 77500 iterations finished.
Dec 08, 2018 7:29:51 PM nl.peterbloem.kit.Global info
INFO: 78000 iterations finished.
Dec 08, 2018 7:29:59 PM nl.peterbloem.kit.Global info
INFO: 78500 iterations finished.
Dec 08, 2018 7:30:05 PM nl.peterbloem.kit.Global info
INFO: 79000 iterations finished.
Dec 08, 2018 7:30:15 PM nl.peterbloem.kit.Global info
INFO: 79500 iterations finished.
Dec 08, 2018 7:30:21 PM nl.peterbloem.kit.Global info
INFO: 80000 iterations finished.
Dec 08, 2018 7:30:31 PM nl.peterbloem.kit.Global info
INFO: 80500 iterations finished.
Dec 08, 2018 7:30:37 PM nl.peterbloem.kit.Global info
INFO: 81000 iterations finished.
Dec 08, 2018 7:30:47 PM nl.peterbloem.kit.Global info
INFO: 81500 iterations finished.
Dec 08, 2018 7:30:56 PM nl.peterbloem.kit.Global info
INFO: 82000 iterations finished.
Dec 08, 2018 7:31:03 PM nl.peterbloem.kit.Global info
INFO: Thread finished searching
Dec 08, 2018 7:31:07 PM nl.peterbloem.kit.Global info
INFO: 82500 iterations finished.
Dec 08, 2018 7:31:15 PM nl.peterbloem.kit.Global info
INFO: 83000 iterations finished.
Dec 08, 2018 7:31:24 PM nl.peterbloem.kit.Global info
INFO: 83500 iterations finished.
Dec 08, 2018 7:31:31 PM nl.peterbloem.kit.Global info
INFO: 84000 iterations finished.
Dec 08, 2018 7:31:34 PM nl.peterbloem.kit.Global info
INFO: Thread finished searching
Dec 08, 2018 7:31:35 PM nl.peterbloem.kit.Global info
INFO: Thread finished searching
Dec 08, 2018 7:31:38 PM nl.peterbloem.kit.Global info
INFO: 84500 iterations finished.
Dec 08, 2018 7:31:43 PM nl.peterbloem.kit.Global info
INFO: 85000 iterations finished.
Dec 08, 2018 7:31:52 PM nl.peterbloem.kit.Global info
INFO: 85500 iterations finished.
Dec 08, 2018 7:31:58 PM nl.peterbloem.kit.Global info
INFO: Thread finished searching
Dec 08, 2018 7:32:00 PM nl.peterbloem.kit.Global info
INFO: 86000 iterations finished.
Dec 08, 2018 7:32:07 PM nl.peterbloem.kit.Global info
INFO: 86500 iterations finished.
Dec 08, 2018 7:32:17 PM nl.peterbloem.kit.Global info
INFO: 87000 iterations finished.
Dec 08, 2018 7:32:28 PM nl.peterbloem.kit.Global info
INFO: 87500 iterations finished.
Dec 08, 2018 7:32:34 PM nl.peterbloem.kit.Global info
INFO: 88000 iterations finished.
Dec 08, 2018 7:32:35 PM nl.peterbloem.kit.Global info
INFO: Thread finished searching
Dec 08, 2018 7:32:38 PM nl.peterbloem.kit.Global info
INFO: Thread finished searching
Dec 08, 2018 7:32:42 PM nl.peterbloem.kit.Global info
INFO: 88500 iterations finished.
Dec 08, 2018 7:32:51 PM nl.peterbloem.kit.Global info
INFO: 89000 iterations finished.
Dec 08, 2018 7:32:52 PM nl.peterbloem.kit.Global info
INFO: Thread finished searching
Dec 08, 2018 7:32:59 PM nl.peterbloem.kit.Global info
INFO: 89500 iterations finished.
Dec 08, 2018 7:33:00 PM nl.peterbloem.kit.Global info
INFO: Thread finished searching
Dec 08, 2018 7:33:05 PM nl.peterbloem.kit.Global info
INFO: 90000 iterations finished.
Dec 08, 2018 7:33:14 PM nl.peterbloem.kit.Global info
INFO: 90500 iterations finished.
Dec 08, 2018 7:33:26 PM nl.peterbloem.kit.Global info
INFO: 91000 iterations finished.
Dec 08, 2018 7:33:40 PM nl.peterbloem.kit.Global info
INFO: 91500 iterations finished.
Dec 08, 2018 7:33:43 PM nl.peterbloem.kit.Global info
INFO: Thread finished searching
Dec 08, 2018 7:33:47 PM nl.peterbloem.kit.Global info
INFO: 92000 iterations finished.
Dec 08, 2018 7:33:47 PM nl.peterbloem.kit.Global info
INFO: Thread finished searching
Dec 08, 2018 7:34:02 PM nl.peterbloem.kit.Global info
INFO: 92500 iterations finished.
Dec 08, 2018 7:34:07 PM nl.peterbloem.kit.Global info
INFO: 93000 iterations finished.
Dec 08, 2018 7:34:12 PM nl.peterbloem.kit.Global info
INFO: Thread finished searching
Dec 08, 2018 7:34:16 PM nl.peterbloem.kit.Global info
INFO: Thread finished searching
Dec 08, 2018 7:34:19 PM nl.peterbloem.kit.Global info
INFO: 93500 iterations finished.
Dec 08, 2018 7:34:21 PM nl.peterbloem.kit.Global info
INFO: Thread finished searching
Dec 08, 2018 7:34:24 PM nl.peterbloem.kit.Global info
INFO: 94000 iterations finished.
Dec 08, 2018 7:34:31 PM nl.peterbloem.kit.Global info
INFO: 94500 iterations finished.
Dec 08, 2018 7:34:32 PM nl.peterbloem.kit.Global info
INFO: Thread finished searching
Dec 08, 2018 7:34:42 PM nl.peterbloem.kit.Global info
INFO: 95000 iterations finished.
Dec 08, 2018 7:35:03 PM nl.peterbloem.kit.Global info
INFO: 95500 iterations finished.
Dec 08, 2018 7:35:04 PM nl.peterbloem.kit.Global info
INFO: Thread finished searching
Dec 08, 2018 7:35:06 PM nl.peterbloem.kit.Global info
INFO: Thread finished searching
Dec 08, 2018 7:35:20 PM nl.peterbloem.kit.Global info
INFO: 96000 iterations finished.
Dec 08, 2018 7:35:23 PM nl.peterbloem.kit.Global info
INFO: Thread finished searching
Dec 08, 2018 7:35:29 PM nl.peterbloem.kit.Global info
INFO: 96500 iterations finished.
Dec 08, 2018 7:35:48 PM nl.peterbloem.kit.Global info
INFO: Thread finished searching
Dec 08, 2018 7:35:51 PM nl.peterbloem.kit.Global info
INFO: 97000 iterations finished.
Dec 08, 2018 7:36:16 PM nl.peterbloem.kit.Global info
INFO: 97500 iterations finished.
Dec 08, 2018 7:36:30 PM nl.peterbloem.kit.Global info
INFO: 98000 iterations finished.
Dec 08, 2018 7:36:32 PM nl.peterbloem.kit.Global info
INFO: Thread finished searching
Dec 08, 2018 7:36:53 PM nl.peterbloem.kit.Global info
INFO: 98500 iterations finished.
Dec 08, 2018 7:37:00 PM nl.peterbloem.kit.Global info
INFO: Thread finished searching
Dec 08, 2018 7:37:11 PM nl.peterbloem.kit.Global info
INFO: Thread finished searching
Dec 08, 2018 7:37:14 PM nl.peterbloem.kit.Global info
INFO: 99000 iterations finished.
Dec 08, 2018 7:37:14 PM nl.peterbloem.kit.Global info
INFO: Thread finished searching
Dec 08, 2018 7:37:17 PM nl.peterbloem.kit.Global info
INFO: Thread finished searching
Dec 08, 2018 7:37:21 PM nl.peterbloem.kit.Global info
INFO: Thread finished searching
Dec 08, 2018 7:37:30 PM nl.peterbloem.kit.Global info
INFO: Thread finished searching
Dec 08, 2018 7:37:30 PM nl.peterbloem.kit.Global info
INFO: Thread finished searching
Dec 08, 2018 7:37:52 PM nl.peterbloem.kit.Global info
INFO: Thread finished searching
Dec 08, 2018 7:37:59 PM nl.peterbloem.kit.Global info
INFO: 99500 iterations finished.
Dec 08, 2018 7:38:05 PM nl.peterbloem.kit.Global info
INFO: Thread finished searching
Dec 08, 2018 7:38:14 PM nl.peterbloem.kit.Global info
INFO: Thread finished searching
Dec 08, 2018 7:38:31 PM nl.peterbloem.kit.Global info
INFO: Thread finished searching
Dec 08, 2018 7:40:04 PM nl.peterbloem.kit.Global info
INFO: Thread finished searching
Dec 08, 2018 7:40:04 PM nl.peterbloem.kit.Global info
INFO: Search finished.
Dec 08, 2018 7:40:05 PM nl.peterbloem.kit.Global info
INFO: Finished.
