Jun 03, 2017 1:18:35 PM nl.peterbloem.fractal.exec.Run main
INFO: Using 16 concurrent threads
................................................................................................................................................................................................................................................................................................................................................................................................................................................................................................................................................................................................................................................................................................................................................................................................................
Thread 5: finished init
..........
Thread 4: finished init
...
Thread 2: finished init
..
Thread 1: finished init

Thread 0: finished init
.
Thread 6: finished init

Thread 3: finished init

Thread 7: finished init
..............................................................................................................................................................................................................................................................................................................................................................................................................................................................................................................................................................................................................................................................................................................................................................................................................................
Thread 2 finished

Thread 7 finished

Thread 3 finished

Thread 1 finished

Thread 0 finished

Thread 4 finished

Thread 6 finished
..
Thread 5 finished
All threads finished
Jun 04, 2017 11:17:39 AM nl.peterbloem.kit.FileIO copy
INFO: Copying static files from path null to .
null
Failed to run plot script. java.lang.NullPointerException
Jun 04, 2017 11:17:39 AM nl.peterbloem.fractal.exec.Run main
INFO: Experiment finished. Time taken: 21h 59m 4s.
.........................................................................................................................................
Thread 2 finished

Thread 3 finished

Thread 0 finished
.
Thread 5 finished
.....
Thread 7 finished
.
Thread 4 finished

Thread 1 finished
All threads finished
Jun 03, 2017 6:31:44 PM nl.peterbloem.kit.FileIO copy
INFO: Copying static files from path null to .
null
Failed to run plot script. java.lang.NullPointerException
Jun 03, 2017 6:31:44 PM nl.peterbloem.fractal.exec.Run main
INFO: Experiment finished. Time taken: 5h 13m 8s.
