This is pdfTeX, Version 3.14159265-2.6-1.40.17 (TeX Live 2016) (preloaded format=pdflatex 2016.7.7)  6 SEP 2018 01:39
entering extended mode
 restricted \write18 enabled.
 file:line:error style messages enabled.
 %&-line parsing enabled.
**supplement.tex
(./supplement.tex
LaTeX2e <2016/03/31>
Babel <3.9r> and hyphenation patterns for 83 language(s) loaded.
(/usr/local/texlive/2016/texmf-dist/tex/latex/base/article.cls
Document Class: article 2014/09/29 v1.4h Standard LaTeX document class
(/usr/local/texlive/2016/texmf-dist/tex/latex/base/size10.clo
File: size10.clo 2014/09/29 v1.4h Standard LaTeX file (size option)
)
\c@part=\count79
\c@section=\count80
\c@subsection=\count81
\c@subsubsection=\count82
\c@paragraph=\count83
\c@subparagraph=\count84
\c@figure=\count85
\c@table=\count86
\abovecaptionskip=\skip41
\belowcaptionskip=\skip42
\bibindent=\dimen102
) (/usr/local/texlive/2016/texmf-dist/tex/latex/oberdiek/pdflscape.sty
Package: pdflscape 2016/05/14 v0.11 Display of landscape pages in PDF (HO)
 (/usr/local/texlive/2016/texmf-dist/tex/latex/graphics/lscape.sty
Package: lscape 2000/10/22 v3.01 Landscape Pages (DPC)
 (/usr/local/texlive/2016/texmf-dist/tex/latex/graphics/graphics.sty
Package: graphics 2016/05/09 v1.0r Standard LaTeX Graphics (DPC,SPQR)
 (/usr/local/texlive/2016/texmf-dist/tex/latex/graphics/trig.sty
Package: trig 2016/01/03 v1.10 sin cos tan (DPC)
) (/usr/local/texlive/2016/texmf-dist/tex/latex/graphics-cfg/graphics.cfg
File: graphics.cfg 2016/01/02 v1.10 sample graphics configuration
)
Package graphics Info: Driver file: pdftex.def on input line 96.
 (/usr/local/texlive/2016/texmf-dist/tex/latex/pdftex-def/pdftex.def
File: pdftex.def 2011/05/27 v0.06d Graphics/color for pdfTeX
 (/usr/local/texlive/2016/texmf-dist/tex/generic/oberdiek/infwarerr.sty
Package: infwarerr 2016/05/16 v1.4 Providing info/warning/error messages (HO)
) (/usr/local/texlive/2016/texmf-dist/tex/generic/oberdiek/ltxcmds.sty
Package: ltxcmds 2016/05/16 v1.23 LaTeX kernel commands for general use (HO)
)
\Gread@gobject=\count87
))) (/usr/local/texlive/2016/texmf-dist/tex/generic/oberdiek/ifpdf.sty
Package: ifpdf 2016/05/14 v3.1 Provides the ifpdf switch
)
Package pdflscape Info: Auto-detected driver: pdftex on input line 81.
 (/usr/local/texlive/2016/texmf-dist/tex/generic/ifxetex/ifxetex.sty
Package: ifxetex 2010/09/12 v0.6 Provides ifxetex conditional
)) (/usr/local/texlive/2016/texmf-dist/tex/latex/psnfss/times.sty
Package: times 2005/04/12 PSNFSS-v9.2a (SPQR) 
) (/usr/local/texlive/2016/texmf-dist/tex/latex/psnfss/helvet.sty
Package: helvet 2005/04/12 PSNFSS-v9.2a (WaS) 
 (/usr/local/texlive/2016/texmf-dist/tex/latex/graphics/keyval.sty
Package: keyval 2014/10/28 v1.15 key=value parser (DPC)
\KV@toks@=\toks14
)) (/usr/local/texlive/2016/texmf-dist/tex/latex/psnfss/courier.sty
Package: courier 2005/04/12 PSNFSS-v9.2a (WaS) 
) (/usr/local/texlive/2016/texmf-dist/tex/latex/url/url.sty
\Urlmuskip=\muskip10
Package: url 2013/09/16  ver 3.4  Verb mode for urls, etc.
) (/usr/local/texlive/2016/texmf-dist/tex/latex/graphics/graphicx.sty
Package: graphicx 2014/10/28 v1.0g Enhanced LaTeX Graphics (DPC,SPQR)
\Gin@req@height=\dimen103
\Gin@req@width=\dimen104
) (/usr/local/texlive/2016/texmf-dist/tex/latex/tools/longtable.sty
Package: longtable 2014/10/28 v4.11 Multi-page Table package (DPC)
\LTleft=\skip43
\LTright=\skip44
\LTpre=\skip45
\LTpost=\skip46
\LTchunksize=\count88
\LTcapwidth=\dimen105
\LT@head=\box26
\LT@firsthead=\box27
\LT@foot=\box28
\LT@lastfoot=\box29
\LT@cols=\count89
\LT@rows=\count90
\c@LT@tables=\count91
\c@LT@chunks=\count92
\LT@p@ftn=\toks15
) (/usr/local/texlive/2016/texmf-dist/tex/latex/makecell/makecell.sty
Package: makecell 2009/08/03 V0.1e Managing of Tab Column Heads and Cells
 (/usr/local/texlive/2016/texmf-dist/tex/latex/tools/array.sty
Package: array 2014/10/28 v2.4c Tabular extension package (FMi)
\col@sep=\dimen106
\extrarowheight=\dimen107
\NC@list=\toks16
\extratabsurround=\skip47
\backup@length=\skip48
)
\rotheadsize=\dimen108
\c@nlinenum=\count93
\TeXr@lab=\toks17
) (/usr/local/texlive/2016/texmf-dist/tex/latex/amsmath/amsmath.sty
Package: amsmath 2016/03/10 v2.15b AMS math features
\@mathmargin=\skip49

For additional information on amsmath, use the `?' option.
(/usr/local/texlive/2016/texmf-dist/tex/latex/amsmath/amstext.sty
Package: amstext 2000/06/29 v2.01 AMS text
 (/usr/local/texlive/2016/texmf-dist/tex/latex/amsmath/amsgen.sty
File: amsgen.sty 1999/11/30 v2.0 generic functions
\@emptytoks=\toks18
\ex@=\dimen109
)) (/usr/local/texlive/2016/texmf-dist/tex/latex/amsmath/amsbsy.sty
Package: amsbsy 1999/11/29 v1.2d Bold Symbols
\pmbraise@=\dimen110
) (/usr/local/texlive/2016/texmf-dist/tex/latex/amsmath/amsopn.sty
Package: amsopn 2016/03/08 v2.02 operator names
)
\inf@bad=\count94
LaTeX Info: Redefining \frac on input line 199.
\uproot@=\count95
\leftroot@=\count96
LaTeX Info: Redefining \overline on input line 297.
\classnum@=\count97
\DOTSCASE@=\count98
LaTeX Info: Redefining \ldots on input line 394.
LaTeX Info: Redefining \dots on input line 397.
LaTeX Info: Redefining \cdots on input line 518.
\Mathstrutbox@=\box30
\strutbox@=\box31
\big@size=\dimen111
LaTeX Font Info:    Redeclaring font encoding OML on input line 634.
LaTeX Font Info:    Redeclaring font encoding OMS on input line 635.
\macc@depth=\count99
\c@MaxMatrixCols=\count100
\dotsspace@=\muskip11
\c@parentequation=\count101
\dspbrk@lvl=\count102
\tag@help=\toks19
\row@=\count103
\column@=\count104
\maxfields@=\count105
\andhelp@=\toks20
\eqnshift@=\dimen112
\alignsep@=\dimen113
\tagshift@=\dimen114
\tagwidth@=\dimen115
\totwidth@=\dimen116
\lineht@=\dimen117
\@envbody=\toks21
\multlinegap=\skip50
\multlinetaggap=\skip51
\mathdisplay@stack=\toks22
LaTeX Info: Redefining \[ on input line 2739.
LaTeX Info: Redefining \] on input line 2740.
) (/usr/local/texlive/2016/texmf-dist/tex/latex/amsfonts/amssymb.sty
Package: amssymb 2013/01/14 v3.01 AMS font symbols
 (/usr/local/texlive/2016/texmf-dist/tex/latex/amsfonts/amsfonts.sty
Package: amsfonts 2013/01/14 v3.01 Basic AMSFonts support
\symAMSa=\mathgroup4
\symAMSb=\mathgroup5
LaTeX Font Info:    Overwriting math alphabet `\mathfrak' in version `bold'
(Font)                  U/euf/m/n --> U/euf/b/n on input line 106.
)) (/usr/local/texlive/2016/texmf-dist/tex/latex/float/float.sty
Package: float 2001/11/08 v1.3d Float enhancements (AL)
\c@float@type=\count106
\float@exts=\toks23
\float@box=\box32
\@float@everytoks=\toks24
\@floatcapt=\box33
) (/usr/local/texlive/2016/texmf-dist/tex/latex/easylist/easylist.sty
Package: easylist 2014/01/11 v.1.4 Numbered items with a single command.
\el@CounterTotal=\count107
\el@Scratch=\count108
\el@ControlCounter=\count109
\el@CounterLevel=\count110
\c@List1=\count111
\c@List2=\count112
\c@List3=\count113
\c@List4=\count114
\c@List5=\count115
\c@List6=\count116
\c@List7=\count117
\c@List8=\count118
\c@List9=\count119
\c@List10=\count120
\el@ProgressiveDimension=\dimen118
\el@CounterBox=\box34
\el@ControlBox=\box35
\el@TotalMargin=\dimen119
\el@LeftMove=\dimen120
) (/usr/local/texlive/2016/texmf-dist/tex/latex/soul/soul.sty
Package: soul 2003/11/17 v2.4 letterspacing/underlining (mf)
\SOUL@word=\toks25
\SOUL@lasttoken=\toks26
\SOUL@cmds=\toks27
\SOUL@buffer=\toks28
\SOUL@token=\toks29
\SOUL@spaceskip=\skip52
\SOUL@ttwidth=\dimen121
\SOUL@uldp=\dimen122
\SOUL@ulht=\dimen123
)
\@float@every@pseudo=\toks30
\c@pseudo=\count121
 (/Users/Peter/git/Publications/kgmotifs/.texpadtmp/supplement.aux)
\openout1 = `supplement.aux'.

LaTeX Font Info:    Checking defaults for OML/cmm/m/it on input line 51.
LaTeX Font Info:    ... okay on input line 51.
LaTeX Font Info:    Checking defaults for T1/cmr/m/n on input line 51.
LaTeX Font Info:    ... okay on input line 51.
LaTeX Font Info:    Checking defaults for OT1/cmr/m/n on input line 51.
LaTeX Font Info:    ... okay on input line 51.
LaTeX Font Info:    Checking defaults for OMS/cmsy/m/n on input line 51.
LaTeX Font Info:    ... okay on input line 51.
LaTeX Font Info:    Checking defaults for OMX/cmex/m/n on input line 51.
LaTeX Font Info:    ... okay on input line 51.
LaTeX Font Info:    Checking defaults for U/cmr/m/n on input line 51.
LaTeX Font Info:    ... okay on input line 51.
LaTeX Font Info:    Try loading font information for OT1+ptm on input line 51.
 (/usr/local/texlive/2016/texmf-dist/tex/latex/psnfss/ot1ptm.fd
File: ot1ptm.fd 2001/06/04 font definitions for OT1/ptm.
) (/usr/local/texlive/2016/texmf-dist/tex/context/base/mkii/supp-pdf.mkii
[Loading MPS to PDF converter (version 2006.09.02).]
\scratchcounter=\count122
\scratchdimen=\dimen124
\scratchbox=\box36
\nofMPsegments=\count123
\nofMParguments=\count124
\everyMPshowfont=\toks31
\MPscratchCnt=\count125
\MPscratchDim=\dimen125
\MPnumerator=\count126
\makeMPintoPDFobject=\count127
\everyMPtoPDFconversion=\toks32
) (/usr/local/texlive/2016/texmf-dist/tex/generic/oberdiek/pdftexcmds.sty
Package: pdftexcmds 2016/05/10 v0.21 Utility functions of pdfTeX for LuaTeX (HO)
 (/usr/local/texlive/2016/texmf-dist/tex/generic/oberdiek/ifluatex.sty
Package: ifluatex 2016/05/16 v1.4 Provides the ifluatex switch (HO)
Package ifluatex Info: LuaTeX not detected.
)
Package pdftexcmds Info: LuaTeX not detected.
Package pdftexcmds Info: \pdf@primitive is available.
Package pdftexcmds Info: \pdf@ifprimitive is available.
Package pdftexcmds Info: \pdfdraftmode found.
) (/usr/local/texlive/2016/texmf-dist/tex/latex/oberdiek/epstopdf-base.sty
Package: epstopdf-base 2016/05/15 v2.6 Base part for package epstopdf
 (/usr/local/texlive/2016/texmf-dist/tex/latex/oberdiek/grfext.sty
Package: grfext 2016/05/16 v1.2 Manage graphics extensions (HO)
 (/usr/local/texlive/2016/texmf-dist/tex/generic/oberdiek/kvdefinekeys.sty
Package: kvdefinekeys 2016/05/16 v1.4 Define keys (HO)
)) (/usr/local/texlive/2016/texmf-dist/tex/latex/oberdiek/kvoptions.sty
Package: kvoptions 2016/05/16 v3.12 Key value format for package options (HO)
 (/usr/local/texlive/2016/texmf-dist/tex/generic/oberdiek/kvsetkeys.sty
Package: kvsetkeys 2016/05/16 v1.17 Key value parser (HO)
 (/usr/local/texlive/2016/texmf-dist/tex/generic/oberdiek/etexcmds.sty
Package: etexcmds 2016/05/16 v1.6 Avoid name clashes with e-TeX commands (HO)
Package etexcmds Info: Could not find \expanded.
(etexcmds)             That can mean that you are not using pdfTeX 1.50 or
(etexcmds)             that some package has redefined \expanded.
(etexcmds)             In the latter case, load this package earlier.
)))
Package grfext Info: Graphics extension search list:
(grfext)             [.png,.pdf,.jpg,.mps,.jpeg,.jbig2,.jb2,.PNG,.PDF,.JPG,.JPEG,.JBIG2,.JB2,.eps]
(grfext)             \AppendGraphicsExtensions on input line 456.
 (/usr/local/texlive/2016/texmf-dist/tex/latex/latexconfig/epstopdf-sys.cfg
File: epstopdf-sys.cfg 2010/07/13 v1.3 Configuration of (r)epstopdf for TeX Live
))
LaTeX Font Info:    Try loading font information for U+msa on input line 52.
 (/usr/local/texlive/2016/texmf-dist/tex/latex/amsfonts/umsa.fd
File: umsa.fd 2013/01/14 v3.01 AMS symbols A
)
LaTeX Font Info:    Try loading font information for U+msb on input line 52.
 (/usr/local/texlive/2016/texmf-dist/tex/latex/amsfonts/umsb.fd
File: umsb.fd 2013/01/14 v3.01 AMS symbols B
)

LaTeX Warning: No \author given.

LaTeX Font Info:    Font shape `OT1/ptm/bx/n' in size <14.4> not available
(Font)              Font shape `OT1/ptm/b/n' tried instead on input line 53.
[1

{/usr/local/texlive/2016/texmf-var/fonts/map/pdftex/updmap/pdftex.map}]
Missing character: There is no Â in font ptmr7t!
Missing character: There is no Â in font ptmr7t!
Missing character: There is no Â in font ptmr7t!
 [2]
LaTeX Font Info:    Font shape `OT1/ptm/bx/n' in size <12> not available
(Font)              Font shape `OT1/ptm/b/n' tried instead on input line 78.

Overfull \hbox (76.47905pt too wide) in alignment at lines 80--82
 [] [] [] 
 []

LaTeX Font Info:    Try loading font information for OT1+pcr on input line 83.
(/usr/local/texlive/2016/texmf-dist/tex/latex/psnfss/ot1pcr.fd
File: ot1pcr.fd 2001/06/04 font definitions for OT1/pcr.
)
Underfull \hbox (badness 10000) in paragraph at lines 86--86
[]\OT1/pcr/m/n/10 ?n1
 []


Overfull \hbox (174.6945pt too wide) in paragraph at lines 86--86
\OT1/pcr/m/n/10 http://www.w3.org/2002/12/cal/ical[]tzid
 []


Overfull \hbox (76.47905pt too wide) in alignment at lines 82--103
 [] [] [] 
 []


Overfull \hbox (1.45042pt too wide) in paragraph at lines 106--107
[]|[][]
 []


Overfull \hbox (3.85042pt too wide) in paragraph at lines 117--118
[]|[][]
 []


Overfull \hbox (81.85042pt too wide) in paragraph at lines 120--121
[]|[][]
 []


Overfull \hbox (76.47905pt too wide) in alignment at lines 103--123
 [] [] [] 
 []


Overfull \hbox (69.85042pt too wide) in paragraph at lines 125--126
[]|[][]
 []


Overfull \hbox (81.85042pt too wide) in paragraph at lines 128--129
[]|[][]
 []


Overfull \hbox (27.85042pt too wide) in paragraph at lines 129--130
[]|[][]
 []


Overfull \hbox (76.47905pt too wide) in alignment at lines 123--143
 [] [] [] 
 []

[3

]
Overfull \hbox (76.47905pt too wide) in alignment at lines 143--163
 [] [] [] 
 []

[4]
Overfull \hbox (9.85042pt too wide) in paragraph at lines 166--167
[]|[][]
 []


Overfull \hbox (51.85042pt too wide) in paragraph at lines 176--177
[]|[][]
 []


Overfull \hbox (27.85042pt too wide) in paragraph at lines 182--183
[]|[][]
 []


Overfull \hbox (76.47905pt too wide) in alignment at lines 163--183
 [] [] [] 
 []

[5]
Overfull \hbox (90.25044pt too wide) in paragraph at lines 194--195
[]|[][]
 []


Overfull \hbox (76.47905pt too wide) in alignment at lines 183--203
 [] [] [] 
 []

[6]
Overfull \hbox (76.47905pt too wide) in alignment at lines 203--223
 [] [] [] 
 []

[7]
Overfull \hbox (76.47905pt too wide) in alignment at lines 223--243
 [] [] [] 
 []


Overfull \hbox (76.47905pt too wide) in alignment at lines 243--263
 [] [] [] 
 []

[8]
Overfull \hbox (56.65044pt too wide) in paragraph at lines 276--277
[]|[][]
 []


Overfull \hbox (76.47905pt too wide) in alignment at lines 263--283
 [] [] [] 
 []

[9]
Overfull \hbox (155.05043pt too wide) in paragraph at lines 296--297
[]|[][]
 []


Overfull \hbox (76.47905pt too wide) in alignment at lines 283--303
 [] [] [] 
 []

[10]
Overfull \hbox (76.47905pt too wide) in alignment at lines 303--323
 [] [] [] 
 []

[11]
Overfull \hbox (76.47905pt too wide) in alignment at lines 323--324
 [] [] [] 
 []


Overfull \hbox (104.93181pt too wide) in alignment at lines 328--330
 [] [] [] 
 []


Overfull \hbox (104.93181pt too wide) in alignment at lines 330--351
 [] [] [] 
 []

[12]
Overfull \hbox (104.93181pt too wide) in alignment at lines 351--371
 [] [] [] 
 []

[13]
Overfull \hbox (104.93181pt too wide) in alignment at lines 371--391
 [] [] [] 
 []

[14]
Overfull \hbox (104.93181pt too wide) in alignment at lines 391--411
 [] [] [] 
 []

[15]
Overfull \hbox (104.93181pt too wide) in alignment at lines 411--431
 [] [] [] 
 []

[16]
Overfull \hbox (104.93181pt too wide) in alignment at lines 431--451
 [] [] [] 
 []

[17]
Overfull \hbox (104.93181pt too wide) in alignment at lines 451--471
 [] [] [] 
 []


Overfull \hbox (104.93181pt too wide) in alignment at lines 471--491
 [] [] [] 
 []

[18]
Overfull \hbox (29.39766pt too wide) in paragraph at lines 497--498
[]|[][]
 []


Overfull \hbox (5.39766pt too wide) in paragraph at lines 502--503
[]|[][]
 []


Overfull \hbox (104.93181pt too wide) in alignment at lines 491--511
 [] [] [] 
 []

[19]
Overfull \hbox (125.39766pt too wide) in paragraph at lines 515--516
[]|[][]
 []


Overfull \hbox (161.39766pt too wide) in paragraph at lines 518--519
[]|[][]
 []


Overfull \hbox (38.99767pt too wide) in paragraph at lines 521--522
[]|[][]
 []


Overfull \hbox (23.39766pt too wide) in paragraph at lines 522--523
[]|[][]
 []


Overfull \hbox (11.39766pt too wide) in paragraph at lines 528--529
[]|[][]
 []


Overfull \hbox (11.39766pt too wide) in paragraph at lines 529--530
[]|[][]
 []


Overfull \hbox (95.39766pt too wide) in paragraph at lines 530--531
[]|[][]
 []


Overfull \hbox (104.93181pt too wide) in alignment at lines 511--531
 [] [] [] 
 []

[20]
Overfull \hbox (317.39766pt too wide) in paragraph at lines 532--533
[]|[][]
 []


Overfull \hbox (59.39766pt too wide) in paragraph at lines 533--534
[]|[][]
 []


Overfull \hbox (2.99767pt too wide) in paragraph at lines 542--543
[]|[][]
 []


Overfull \hbox (23.39766pt too wide) in paragraph at lines 545--546
[]|[][]
 []


Overfull \hbox (38.99767pt too wide) in paragraph at lines 546--547
[]|[][]
 []


Overfull \hbox (104.93181pt too wide) in alignment at lines 531--551
 [] [] [] 
 []

[21]
Overfull \hbox (104.93181pt too wide) in alignment at lines 551--571
 [] [] [] 
 []

[22]
Overfull \hbox (104.93181pt too wide) in alignment at lines 571--591
 [] [] [] 
 []

[23]
Overfull \hbox (104.93181pt too wide) in alignment at lines 591--592
 [] [] [] 
 []

[24]
Overfull \hbox (104.93181pt too wide) in alignment at lines 597--599
 [] [] [] 
 []


Overfull \hbox (89.39766pt too wide) in paragraph at lines 619--620
[]|[][]
 []


Overfull \hbox (104.93181pt too wide) in alignment at lines 599--620
 [] [] [] 
 []


Overfull \hbox (35.39766pt too wide) in paragraph at lines 623--624
[]|[][]
 []


Overfull \hbox (551.39766pt too wide) in paragraph at lines 624--625
[]|[][]
 []


Overfull \hbox (473.39766pt too wide) in paragraph at lines 625--626
[]|[][]
 []


Overfull \hbox (155.39766pt too wide) in paragraph at lines 626--627
[]|[][]
 []


Overfull \hbox (338.99767pt too wide) in paragraph at lines 627--628
[]|[][]
 []


Overfull \hbox (71.39766pt too wide) in paragraph at lines 628--629
[]|[][]
 []


Overfull \hbox (77.39766pt too wide) in paragraph at lines 629--630
[]|[][]
 []


Overfull \hbox (77.39766pt too wide) in paragraph at lines 630--631
[]|[][]
 []


Overfull \hbox (77.39766pt too wide) in paragraph at lines 632--633
[]|[][]
 []


Overfull \hbox (77.39766pt too wide) in paragraph at lines 633--634
[]|[][]
 []


Overfull \hbox (107.39766pt too wide) in paragraph at lines 634--635
[]|[][]
 []


Overfull \hbox (107.39766pt too wide) in paragraph at lines 635--636
[]|[][]
 []


Overfull \hbox (107.39766pt too wide) in paragraph at lines 636--637
[]|[][]
 []


Overfull \hbox (107.39766pt too wide) in paragraph at lines 637--638
[]|[][]
 []


Overfull \hbox (11.39766pt too wide) in paragraph at lines 638--639
[]|[][]
 []


Overfull \hbox (95.39766pt too wide) in paragraph at lines 639--640
[]|[][]
 []


Overfull \hbox (104.93181pt too wide) in alignment at lines 620--640
 [] [] [] 
 []

[25]
Overfull \hbox (107.39766pt too wide) in paragraph at lines 640--641
[]|[][]
 []


Overfull \hbox (11.39766pt too wide) in paragraph at lines 641--642
[]|[][]
 []


Overfull \hbox (95.39766pt too wide) in paragraph at lines 642--643
[]|[][]
 []


Overfull \hbox (11.39766pt too wide) in paragraph at lines 643--644
[]|[][]
 []


Overfull \hbox (95.39766pt too wide) in paragraph at lines 644--645
[]|[][]
 []


Overfull \hbox (77.39766pt too wide) in paragraph at lines 646--647
[]|[][]
 []


Overfull \hbox (77.39766pt too wide) in paragraph at lines 647--648
[]|[][]
 []


Overfull \hbox (77.39766pt too wide) in paragraph at lines 648--649
[]|[][]
 []


Overfull \hbox (77.39766pt too wide) in paragraph at lines 649--650
[]|[][]
 []


Overfull \hbox (77.39766pt too wide) in paragraph at lines 650--651
[]|[][]
 []


Overfull \hbox (497.39766pt too wide) in paragraph at lines 652--653
[]|[][]
 []


Overfull \hbox (497.39766pt too wide) in paragraph at lines 653--654
[]|[][]
 []


Overfull \hbox (395.39766pt too wide) in paragraph at lines 654--655
[]|[][]
 []


Overfull \hbox (125.39766pt too wide) in paragraph at lines 655--656
[]|[][]
 []


Overfull \hbox (302.99767pt too wide) in paragraph at lines 656--657
[]|[][]
 []


Overfull \hbox (455.39766pt too wide) in paragraph at lines 657--658
[]|[][]
 []


Overfull \hbox (125.39766pt too wide) in paragraph at lines 659--660
[]|[][]
 []


Overfull \hbox (104.93181pt too wide) in alignment at lines 640--660
 [] [] [] 
 []

[26]
Overfull \hbox (47.39766pt too wide) in paragraph at lines 662--663
[]|[][]
 []


Overfull \hbox (47.39766pt too wide) in paragraph at lines 663--664
[]|[][]
 []


Overfull \hbox (47.39766pt too wide) in paragraph at lines 664--665
[]|[][]
 []


Overfull \hbox (47.39766pt too wide) in paragraph at lines 666--667
[]|[][]
 []


Overfull \hbox (47.39766pt too wide) in paragraph at lines 667--668
[]|[][]
 []


Overfull \hbox (47.39766pt too wide) in paragraph at lines 668--669
[]|[][]
 []


Overfull \hbox (77.39766pt too wide) in paragraph at lines 669--670
[]|[][]
 []


Overfull \hbox (77.39766pt too wide) in paragraph at lines 670--671
[]|[][]
 []


Overfull \hbox (77.39766pt too wide) in paragraph at lines 671--672
[]|[][]
 []


Overfull \hbox (65.39766pt too wide) in paragraph at lines 673--674
[]|[][]
 []


Overfull \hbox (77.39766pt too wide) in paragraph at lines 674--675
[]|[][]
 []


Overfull \hbox (65.39766pt too wide) in paragraph at lines 676--677
[]|[][]
 []


Overfull \hbox (65.39766pt too wide) in paragraph at lines 677--678
[]|[][]
 []


Overfull \hbox (65.39766pt too wide) in paragraph at lines 678--679
[]|[][]
 []


Overfull \hbox (104.93181pt too wide) in alignment at lines 660--680
 [] [] [] 
 []

[27]
Overfull \hbox (65.39766pt too wide) in paragraph at lines 680--681
[]|[][]
 []


Overfull \hbox (11.39766pt too wide) in paragraph at lines 681--682
[]|[][]
 []


Overfull \hbox (47.39766pt too wide) in paragraph at lines 682--683
[]|[][]
 []


Overfull \hbox (47.39766pt too wide) in paragraph at lines 683--684
[]|[][]
 []


Overfull \hbox (47.39766pt too wide) in paragraph at lines 684--685
[]|[][]
 []


Overfull \hbox (47.39766pt too wide) in paragraph at lines 685--686
[]|[][]
 []


Overfull \hbox (47.39766pt too wide) in paragraph at lines 686--687
[]|[][]
 []


Overfull \hbox (47.39766pt too wide) in paragraph at lines 687--688
[]|[][]
 []


Overfull \hbox (35.39766pt too wide) in paragraph at lines 689--690
[]|[][]
 []


Overfull \hbox (29.39766pt too wide) in paragraph at lines 690--691
[]|[][]
 []


Overfull \hbox (26.99767pt too wide) in paragraph at lines 691--692
[]|[][]
 []


Overfull \hbox (65.39766pt too wide) in paragraph at lines 692--693
[]|[][]
 []


Overfull \hbox (35.39766pt too wide) in paragraph at lines 693--694
[]|[][]
 []


Overfull \hbox (71.39766pt too wide) in paragraph at lines 697--698
[]|[][]
 []


Overfull \hbox (104.93181pt too wide) in alignment at lines 680--700
 [] [] [] 
 []

[28] [29]
Overfull \hbox (23.39766pt too wide) in paragraph at lines 700--701
[]|[][]
 []


Overfull \hbox (29.39766pt too wide) in paragraph at lines 701--702
[]|[][]
 []


Overfull \hbox (65.39766pt too wide) in paragraph at lines 702--703
[]|[][]
 []


Overfull \hbox (29.39766pt too wide) in paragraph at lines 707--708
[]|[][]
 []


Overfull \hbox (29.39766pt too wide) in paragraph at lines 708--709
[]|[][]
 []


Overfull \hbox (29.39766pt too wide) in paragraph at lines 709--710
[]|[][]
 []


Overfull \hbox (29.39766pt too wide) in paragraph at lines 710--711
[]|[][]
 []


Overfull \hbox (29.39766pt too wide) in paragraph at lines 711--712
[]|[][]
 []


Overfull \hbox (29.39766pt too wide) in paragraph at lines 712--713
[]|[][]
 []


Overfull \hbox (29.39766pt too wide) in paragraph at lines 713--714
[]|[][]
 []


Overfull \hbox (29.39766pt too wide) in paragraph at lines 714--715
[]|[][]
 []


Overfull \hbox (104.93181pt too wide) in alignment at lines 700--720
 [] [] [] 
 []

[30]
Overfull \hbox (11.39766pt too wide) in paragraph at lines 720--721
[]|[][]
 []


Overfull \hbox (17.39766pt too wide) in paragraph at lines 721--722
[]|[][]
 []


Overfull \hbox (23.39766pt too wide) in paragraph at lines 722--723
[]|[][]
 []


Overfull \hbox (23.39766pt too wide) in paragraph at lines 723--724
[]|[][]
 []


Overfull \hbox (35.39766pt too wide) in paragraph at lines 724--725
[]|[][]
 []


Overfull \hbox (17.39766pt too wide) in paragraph at lines 726--727
[]|[][]
 []


Overfull \hbox (17.39766pt too wide) in paragraph at lines 727--728
[]|[][]
 []


Overfull \hbox (17.39766pt too wide) in paragraph at lines 728--729
[]|[][]
 []


Overfull \hbox (17.39766pt too wide) in paragraph at lines 729--730
[]|[][]
 []


Overfull \hbox (23.39766pt too wide) in paragraph at lines 730--731
[]|[][]
 []


Overfull \hbox (17.39766pt too wide) in paragraph at lines 731--732
[]|[][]
 []


Overfull \hbox (17.39766pt too wide) in paragraph at lines 732--733
[]|[][]
 []


Overfull \hbox (17.39766pt too wide) in paragraph at lines 733--734
[]|[][]
 []


Overfull \hbox (11.39766pt too wide) in paragraph at lines 734--735
[]|[][]
 []


Overfull \hbox (17.39766pt too wide) in paragraph at lines 735--736
[]|[][]
 []


Overfull \hbox (23.39766pt too wide) in paragraph at lines 736--737
[]|[][]
 []


Overfull \hbox (17.39766pt too wide) in paragraph at lines 737--738
[]|[][]
 []


Overfull \hbox (23.39766pt too wide) in paragraph at lines 738--739
[]|[][]
 []


Overfull \hbox (104.93181pt too wide) in alignment at lines 720--740
 [] [] [] 
 []

[31]
Overfull \hbox (47.39766pt too wide) in paragraph at lines 741--742
[]|[][]
 []


Overfull \hbox (35.39766pt too wide) in paragraph at lines 747--748
[]|[][]
 []


Overfull \hbox (104.93181pt too wide) in alignment at lines 740--760
 [] [] [] 
 []

[32]
Overfull \hbox (17.39766pt too wide) in paragraph at lines 760--761
[]|[][]
 []


Overfull \hbox (104.93181pt too wide) in alignment at lines 760--780
 [] [] [] 
 []

[33] [34]
Overfull \hbox (104.93181pt too wide) in alignment at lines 784--786
 [] [] [] 
 []


Overfull \hbox (17.39766pt too wide) in paragraph at lines 792--793
[]|[][]
 []


Overfull \hbox (104.93181pt too wide) in alignment at lines 786--807
 [] [] [] 
 []


Overfull \hbox (35.39766pt too wide) in paragraph at lines 814--815
[]|[][]
 []


Overfull \hbox (89.39766pt too wide) in paragraph at lines 815--816
[]|[][]
 []


Overfull \hbox (104.93181pt too wide) in alignment at lines 807--827
 [] [] [] 
 []

[35]
Overfull \hbox (47.39766pt too wide) in paragraph at lines 833--834
[]|[][]
 []


Overfull \hbox (11.39766pt too wide) in paragraph at lines 839--840
[]|[][]
 []


Overfull \hbox (35.39766pt too wide) in paragraph at lines 841--842
[]|[][]
 []


Overfull \hbox (35.39766pt too wide) in paragraph at lines 843--844
[]|[][]
 []


Overfull \hbox (104.93181pt too wide) in alignment at lines 827--847
 [] [] [] 
 []

[36]
Overfull \hbox (29.39766pt too wide) in paragraph at lines 857--858
[]|[][]
 []


Overfull \hbox (23.39766pt too wide) in paragraph at lines 859--860
[]|[][]
 []


Overfull \hbox (17.39766pt too wide) in paragraph at lines 860--861
[]|[][]
 []


Overfull \hbox (23.39766pt too wide) in paragraph at lines 861--862
[]|[][]
 []


Overfull \hbox (17.39766pt too wide) in paragraph at lines 862--863
[]|[][]
 []


Overfull \hbox (17.39766pt too wide) in paragraph at lines 863--864
[]|[][]
 []


Overfull \hbox (17.39766pt too wide) in paragraph at lines 864--865
[]|[][]
 []


Overfull \hbox (11.39766pt too wide) in paragraph at lines 865--866
[]|[][]
 []


Overfull \hbox (17.39766pt too wide) in paragraph at lines 866--867
[]|[][]
 []


Overfull \hbox (104.93181pt too wide) in alignment at lines 847--867
 [] [] [] 
 []

[37]
Overfull \hbox (17.39766pt too wide) in paragraph at lines 867--868
[]|[][]
 []


Overfull \hbox (17.39766pt too wide) in paragraph at lines 868--869
[]|[][]
 []


Overfull \hbox (23.39766pt too wide) in paragraph at lines 869--870
[]|[][]
 []


Overfull \hbox (23.39766pt too wide) in paragraph at lines 870--871
[]|[][]
 []


Overfull \hbox (17.39766pt too wide) in paragraph at lines 871--872
[]|[][]
 []


Overfull \hbox (11.39766pt too wide) in paragraph at lines 872--873
[]|[][]
 []


Overfull \hbox (17.39766pt too wide) in paragraph at lines 873--874
[]|[][]
 []


Overfull \hbox (23.39766pt too wide) in paragraph at lines 874--875
[]|[][]
 []


Overfull \hbox (17.39766pt too wide) in paragraph at lines 875--876
[]|[][]
 []


Overfull \hbox (395.39766pt too wide) in paragraph at lines 876--877
[]|[][]
 []


Overfull \hbox (473.39766pt too wide) in paragraph at lines 877--878
[]|[][]
 []


Overfull \hbox (125.39766pt too wide) in paragraph at lines 881--882
[]|[][]
 []


Overfull \hbox (155.39766pt too wide) in paragraph at lines 882--883
[]|[][]
 []


Overfull \hbox (65.39766pt too wide) in paragraph at lines 883--884
[]|[][]
 []


Overfull \hbox (125.39766pt too wide) in paragraph at lines 884--885
[]|[][]
 []


Overfull \hbox (47.39766pt too wide) in paragraph at lines 885--886
[]|[][]
 []


Overfull \hbox (77.39766pt too wide) in paragraph at lines 886--887
[]|[][]
 []


Overfull \hbox (104.93181pt too wide) in alignment at lines 867--887
 [] [] [] 
 []

[38]
Overfull \hbox (11.39766pt too wide) in paragraph at lines 887--888
[]|[][]
 []


Overfull \hbox (497.39766pt too wide) in paragraph at lines 889--890
[]|[][]
 []


Overfull \hbox (551.39766pt too wide) in paragraph at lines 890--891
[]|[][]
 []


Overfull \hbox (497.39766pt too wide) in paragraph at lines 891--892
[]|[][]
 []


Overfull \hbox (107.39766pt too wide) in paragraph at lines 893--894
[]|[][]
 []


Overfull \hbox (77.39766pt too wide) in paragraph at lines 894--895
[]|[][]
 []


Overfull \hbox (77.39766pt too wide) in paragraph at lines 895--896
[]|[][]
 []


Overfull \hbox (77.39766pt too wide) in paragraph at lines 896--897
[]|[][]
 []


Overfull \hbox (47.39766pt too wide) in paragraph at lines 897--898
[]|[][]
 []


Overfull \hbox (47.39766pt too wide) in paragraph at lines 898--899
[]|[][]
 []


Overfull \hbox (47.39766pt too wide) in paragraph at lines 900--901
[]|[][]
 []


Overfull \hbox (77.39766pt too wide) in paragraph at lines 901--902
[]|[][]
 []


Overfull \hbox (29.39766pt too wide) in paragraph at lines 902--903
[]|[][]
 []


Overfull \hbox (47.39766pt too wide) in paragraph at lines 903--904
[]|[][]
 []


Overfull \hbox (47.39766pt too wide) in paragraph at lines 904--905
[]|[][]
 []


Overfull \hbox (77.39766pt too wide) in paragraph at lines 905--906
[]|[][]
 []


Overfull \hbox (29.39766pt too wide) in paragraph at lines 906--907
[]|[][]
 []


Overfull \hbox (104.93181pt too wide) in alignment at lines 887--907
 [] [] [] 
 []

[39]
Overfull \hbox (77.39766pt too wide) in paragraph at lines 907--908
[]|[][]
 []


Overfull \hbox (107.39766pt too wide) in paragraph at lines 908--909
[]|[][]
 []


Overfull \hbox (47.39766pt too wide) in paragraph at lines 909--910
[]|[][]
 []


Overfull \hbox (47.39766pt too wide) in paragraph at lines 911--912
[]|[][]
 []


Overfull \hbox (107.39766pt too wide) in paragraph at lines 912--913
[]|[][]
 []


Overfull \hbox (77.39766pt too wide) in paragraph at lines 913--914
[]|[][]
 []


Overfull \hbox (107.39766pt too wide) in paragraph at lines 914--915
[]|[][]
 []


Overfull \hbox (71.39766pt too wide) in paragraph at lines 915--916
[]|[][]
 []


Overfull \hbox (95.39766pt too wide) in paragraph at lines 916--917
[]|[][]
 []


Overfull \hbox (65.39766pt too wide) in paragraph at lines 917--918
[]|[][]
 []


Overfull \hbox (65.39766pt too wide) in paragraph at lines 918--919
[]|[][]
 []


Overfull \hbox (65.39766pt too wide) in paragraph at lines 919--920
[]|[][]
 []


Overfull \hbox (65.39766pt too wide) in paragraph at lines 920--921
[]|[][]
 []


Overfull \hbox (47.39766pt too wide) in paragraph at lines 921--922
[]|[][]
 []


Overfull \hbox (47.39766pt too wide) in paragraph at lines 922--923
[]|[][]
 []


Overfull \hbox (77.39766pt too wide) in paragraph at lines 923--924
[]|[][]
 []


Overfull \hbox (47.39766pt too wide) in paragraph at lines 924--925
[]|[][]
 []


Overfull \hbox (29.39766pt too wide) in paragraph at lines 925--926
[]|[][]
 []


Overfull \hbox (77.39766pt too wide) in paragraph at lines 926--927
[]|[][]
 []


Overfull \hbox (104.93181pt too wide) in alignment at lines 907--927
 [] [] [] 
 []

[40]
Overfull \hbox (29.39766pt too wide) in paragraph at lines 928--929
[]|[][]
 []


Overfull \hbox (29.39766pt too wide) in paragraph at lines 931--932
[]|[][]
 []


Overfull \hbox (455.39766pt too wide) in paragraph at lines 932--933
[]|[][]
 []


Overfull \hbox (35.39766pt too wide) in paragraph at lines 933--934
[]|[][]
 []


Overfull \hbox (338.99767pt too wide) in paragraph at lines 934--935
[]|[][]
 []


Overfull \hbox (302.99767pt too wide) in paragraph at lines 935--936
[]|[][]
 []


Overfull \hbox (71.39766pt too wide) in paragraph at lines 938--939
[]|[][]
 []


Overfull \hbox (26.99767pt too wide) in paragraph at lines 939--940
[]|[][]
 []


Overfull \hbox (35.39766pt too wide) in paragraph at lines 941--942
[]|[][]
 []


Overfull \hbox (23.39766pt too wide) in paragraph at lines 943--944
[]|[][]
 []


Overfull \hbox (95.39766pt too wide) in paragraph at lines 944--945
[]|[][]
 []


Overfull \hbox (65.39766pt too wide) in paragraph at lines 945--946
[]|[][]
 []


Overfull \hbox (29.39766pt too wide) in paragraph at lines 946--947
[]|[][]
 []


Overfull \hbox (104.93181pt too wide) in alignment at lines 927--947
 [] [] [] 
 []

[41] [42]
Overfull \hbox (107.39766pt too wide) in paragraph at lines 947--948
[]|[][]
 []


Overfull \hbox (77.39766pt too wide) in paragraph at lines 948--949
[]|[][]
 []


Overfull \hbox (11.39766pt too wide) in paragraph at lines 950--951
[]|[][]
 []


Overfull \hbox (29.39766pt too wide) in paragraph at lines 952--953
[]|[][]
 []


Overfull \hbox (29.39766pt too wide) in paragraph at lines 953--954
[]|[][]
 []


Overfull \hbox (77.39766pt too wide) in paragraph at lines 954--955
[]|[][]
 []


Overfull \hbox (77.39766pt too wide) in paragraph at lines 955--956
[]|[][]
 []


Overfull \hbox (11.39766pt too wide) in paragraph at lines 956--957
[]|[][]
 []


Overfull \hbox (29.39766pt too wide) in paragraph at lines 958--959
[]|[][]
 []


Overfull \hbox (47.39766pt too wide) in paragraph at lines 960--961
[]|[][]
 []


Overfull \hbox (95.39766pt too wide) in paragraph at lines 964--965
[]|[][]
 []


Overfull \hbox (65.39766pt too wide) in paragraph at lines 965--966
[]|[][]
 []


Overfull \hbox (104.93181pt too wide) in alignment at lines 947--967
 [] [] [] 
 []

[43] [44]
Overfull \hbox (104.93181pt too wide) in alignment at lines 972--974
 [] [] [] 
 []


Overfull \hbox (0.59767pt too wide) in paragraph at lines 993--994
[]|[][]
 []


Overfull \hbox (104.93181pt too wide) in alignment at lines 974--995
 [] [] [] 
 []


Overfull \hbox (0.59767pt too wide) in paragraph at lines 995--996
[]|[][]
 []


Overfull \hbox (24.59767pt too wide) in paragraph at lines 996--997
[]|[][]
 []


Overfull \hbox (259.79768pt too wide) in paragraph at lines 997--998
[]|[][]
 []


Overfull \hbox (90.59767pt too wide) in paragraph at lines 998--999
[]|[][]
 []


Overfull \hbox (82.19768pt too wide) in paragraph at lines 999--1000
[]|[][]
 []


Overfull \hbox (241.79768pt too wide) in paragraph at lines 1000--1001
[]|[][]
 []


Overfull \hbox (82.19768pt too wide) in paragraph at lines 1001--1002
[]|[][]
 []


Overfull \hbox (247.79768pt too wide) in paragraph at lines 1002--1003
[]|[][]
 []


Overfull \hbox (241.79768pt too wide) in paragraph at lines 1003--1004
[]|[][]
 []


Overfull \hbox (241.79768pt too wide) in paragraph at lines 1004--1005
[]|[][]
 []


Overfull \hbox (247.79768pt too wide) in paragraph at lines 1005--1006
[]|[][]
 []


Overfull \hbox (247.79768pt too wide) in paragraph at lines 1006--1007
[]|[][]
 []


Overfull \hbox (54.59767pt too wide) in paragraph at lines 1007--1008
[]|[][]
 []


Overfull \hbox (133.79768pt too wide) in paragraph at lines 1008--1009
[]|[][]
 []


Overfull \hbox (133.79768pt too wide) in paragraph at lines 1009--1010
[]|[][]
 []


Overfull \hbox (133.79768pt too wide) in paragraph at lines 1010--1011
[]|[][]
 []


Overfull \hbox (127.79768pt too wide) in paragraph at lines 1011--1012
[]|[][]
 []


Overfull \hbox (78.59767pt too wide) in paragraph at lines 1012--1013
[]|[][]
 []


Overfull \hbox (78.59767pt too wide) in paragraph at lines 1013--1014
[]|[][]
 []


Overfull \hbox (78.59767pt too wide) in paragraph at lines 1014--1015
[]|[][]
 []


Overfull \hbox (104.93181pt too wide) in alignment at lines 995--1015
 [] [] [] 
 []

[45]
Overfull \hbox (241.79768pt too wide) in paragraph at lines 1015--1016
[]|[][]
 []


Overfull \hbox (54.59767pt too wide) in paragraph at lines 1016--1017
[]|[][]
 []


Overfull \hbox (235.79768pt too wide) in paragraph at lines 1019--1020
[]|[][]
 []


Overfull \hbox (235.79768pt too wide) in paragraph at lines 1020--1021
[]|[][]
 []


Overfull \hbox (42.59767pt too wide) in paragraph at lines 1021--1022
[]|[][]
 []


Overfull \hbox (48.59767pt too wide) in paragraph at lines 1022--1023
[]|[][]
 []


Overfull \hbox (48.59767pt too wide) in paragraph at lines 1023--1024
[]|[][]
 []


Overfull \hbox (48.59767pt too wide) in paragraph at lines 1024--1025
[]|[][]
 []


Overfull \hbox (36.59767pt too wide) in paragraph at lines 1025--1026
[]|[][]
 []


Overfull \hbox (36.59767pt too wide) in paragraph at lines 1026--1027
[]|[][]
 []


Overfull \hbox (48.59767pt too wide) in paragraph at lines 1027--1028
[]|[][]
 []


Overfull \hbox (18.59767pt too wide) in paragraph at lines 1028--1029
[]|[][]
 []


Overfull \hbox (52.19768pt too wide) in paragraph at lines 1029--1030
[]|[][]
 []


Overfull \hbox (22.19768pt too wide) in paragraph at lines 1030--1031
[]|[][]
 []


Overfull \hbox (0.59767pt too wide) in paragraph at lines 1031--1032
[]|[][]
 []


Overfull \hbox (10.19768pt too wide) in paragraph at lines 1032--1033
[]|[][]
 []


Overfull \hbox (4.19768pt too wide) in paragraph at lines 1033--1034
[]|[][]
 []


Overfull \hbox (4.19768pt too wide) in paragraph at lines 1034--1035
[]|[][]
 []


Overfull \hbox (104.93181pt too wide) in alignment at lines 1015--1035
 [] [] [] 
 []

[46] [47]
Overfull \hbox (10.19768pt too wide) in paragraph at lines 1035--1036
[]|[][]
 []


Overfull \hbox (24.59767pt too wide) in paragraph at lines 1036--1037
[]|[][]
 []


Overfull \hbox (24.59767pt too wide) in paragraph at lines 1037--1038
[]|[][]
 []


Overfull \hbox (82.19768pt too wide) in paragraph at lines 1038--1039
[]|[][]
 []


Overfull \hbox (127.79768pt too wide) in paragraph at lines 1039--1040
[]|[][]
 []


Overfull \hbox (103.79768pt too wide) in paragraph at lines 1040--1041
[]|[][]
 []


Overfull \hbox (127.79768pt too wide) in paragraph at lines 1041--1042
[]|[][]
 []


Overfull \hbox (97.79768pt too wide) in paragraph at lines 1042--1043
[]|[][]
 []


Overfull \hbox (103.79768pt too wide) in paragraph at lines 1043--1044
[]|[][]
 []


Overfull \hbox (97.79768pt too wide) in paragraph at lines 1044--1045
[]|[][]
 []


Overfull \hbox (42.59767pt too wide) in paragraph at lines 1045--1046
[]|[][]
 []


Overfull \hbox (48.59767pt too wide) in paragraph at lines 1046--1047
[]|[][]
 []


Overfull \hbox (48.59767pt too wide) in paragraph at lines 1047--1048
[]|[][]
 []


Overfull \hbox (42.59767pt too wide) in paragraph at lines 1048--1049
[]|[][]
 []


Overfull \hbox (48.59767pt too wide) in paragraph at lines 1049--1050
[]|[][]
 []


Overfull \hbox (235.79768pt too wide) in paragraph at lines 1050--1051
[]|[][]
 []


Overfull \hbox (24.59767pt too wide) in paragraph at lines 1051--1052
[]|[][]
 []


Overfull \hbox (24.59767pt too wide) in paragraph at lines 1052--1053
[]|[][]
 []


Overfull \hbox (18.59767pt too wide) in paragraph at lines 1053--1054
[]|[][]
 []


Overfull \hbox (24.59767pt too wide) in paragraph at lines 1054--1055
[]|[][]
 []


Overfull \hbox (104.93181pt too wide) in alignment at lines 1035--1055
 [] [] [] 
 []

[48]
Overfull \hbox (24.59767pt too wide) in paragraph at lines 1055--1056
[]|[][]
 []


Overfull \hbox (18.59767pt too wide) in paragraph at lines 1056--1057
[]|[][]
 []


Overfull \hbox (24.59767pt too wide) in paragraph at lines 1057--1058
[]|[][]
 []


Overfull \hbox (4.19768pt too wide) in paragraph at lines 1062--1063
[]|[][]
 []


Overfull \hbox (12.59767pt too wide) in paragraph at lines 1063--1064
[]|[][]
 []


Overfull \hbox (18.59767pt too wide) in paragraph at lines 1064--1065
[]|[][]
 []


Overfull \hbox (18.59767pt too wide) in paragraph at lines 1065--1066
[]|[][]
 []


Overfull \hbox (6.59767pt too wide) in paragraph at lines 1066--1067
[]|[][]
 []


Overfull \hbox (18.59767pt too wide) in paragraph at lines 1068--1069
[]|[][]
 []


Overfull \hbox (241.79768pt too wide) in paragraph at lines 1069--1070
[]|[][]
 []


Overfull \hbox (6.59767pt too wide) in paragraph at lines 1074--1075
[]|[][]
 []


Overfull \hbox (104.93181pt too wide) in alignment at lines 1055--1075
 [] [] [] 
 []

[49] [50]
Overfull \hbox (12.59767pt too wide) in paragraph at lines 1075--1076
[]|[][]
 []


Overfull \hbox (18.59767pt too wide) in paragraph at lines 1076--1077
[]|[][]
 []


Overfull \hbox (6.59767pt too wide) in paragraph at lines 1077--1078
[]|[][]
 []


Overfull \hbox (12.59767pt too wide) in paragraph at lines 1078--1079
[]|[][]
 []


Overfull \hbox (18.59767pt too wide) in paragraph at lines 1080--1081
[]|[][]
 []


Overfull \hbox (104.93181pt too wide) in alignment at lines 1075--1095
 [] [] [] 
 []

[51]
Overfull \hbox (10.19768pt too wide) in paragraph at lines 1100--1101
[]|[][]
 []


Overfull \hbox (10.19768pt too wide) in paragraph at lines 1101--1102
[]|[][]
 []


Overfull \hbox (104.93181pt too wide) in alignment at lines 1095--1115
 [] [] [] 
 []

[52]
Overfull \hbox (54.59767pt too wide) in paragraph at lines 1117--1118
[]|[][]
 []


Overfull \hbox (104.93181pt too wide) in alignment at lines 1115--1135
 [] [] [] 
 []

[53]
Overfull \hbox (30.59767pt too wide) in paragraph at lines 1136--1137
[]|[][]
 []


Overfull \hbox (104.93181pt too wide) in alignment at lines 1135--1155
 [] [] [] 
 []


Overfull \hbox (104.93181pt too wide) in alignment at lines 1155--1156
 [] [] [] 
 []

[54]
Overfull \hbox (104.93181pt too wide) in alignment at lines 1161--1163
 [] [] [] 
 []


Overfull \hbox (104.93181pt too wide) in alignment at lines 1163--1184
 [] [] [] 
 []

[55]
Overfull \hbox (54.59767pt too wide) in paragraph at lines 1184--1185
[]|[][]
 []


Overfull \hbox (0.59767pt too wide) in paragraph at lines 1186--1187
[]|[][]
 []


Overfull \hbox (0.59767pt too wide) in paragraph at lines 1187--1188
[]|[][]
 []


Overfull \hbox (0.59767pt too wide) in paragraph at lines 1188--1189
[]|[][]
 []


Overfull \hbox (24.59767pt too wide) in paragraph at lines 1191--1192
[]|[][]
 []


Overfull \hbox (30.59767pt too wide) in paragraph at lines 1192--1193
[]|[][]
 []


Overfull \hbox (4.19768pt too wide) in paragraph at lines 1196--1197
[]|[][]
 []


Overfull \hbox (241.79768pt too wide) in paragraph at lines 1199--1200
[]|[][]
 []


Overfull \hbox (104.93181pt too wide) in alignment at lines 1184--1204
 [] [] [] 
 []


Overfull \hbox (12.59767pt too wide) in paragraph at lines 1207--1208
[]|[][]
 []


Overfull \hbox (6.59767pt too wide) in paragraph at lines 1208--1209
[]|[][]
 []


Overfull \hbox (6.59767pt too wide) in paragraph at lines 1209--1210
[]|[][]
 []


Overfull \hbox (6.59767pt too wide) in paragraph at lines 1210--1211
[]|[][]
 []


Overfull \hbox (12.59767pt too wide) in paragraph at lines 1211--1212
[]|[][]
 []


Overfull \hbox (18.59767pt too wide) in paragraph at lines 1212--1213
[]|[][]
 []


Overfull \hbox (18.59767pt too wide) in paragraph at lines 1221--1222
[]|[][]
 []


Overfull \hbox (104.93181pt too wide) in alignment at lines 1204--1224
 [] [] [] 
 []

[56]
Overfull \hbox (10.19768pt too wide) in paragraph at lines 1224--1225
[]|[][]
 []


Overfull \hbox (10.19768pt too wide) in paragraph at lines 1225--1226
[]|[][]
 []


Overfull \hbox (247.79768pt too wide) in paragraph at lines 1226--1227
[]|[][]
 []


Overfull \hbox (247.79768pt too wide) in paragraph at lines 1227--1228
[]|[][]
 []


Overfull \hbox (241.79768pt too wide) in paragraph at lines 1228--1229
[]|[][]
 []


Overfull \hbox (4.19768pt too wide) in paragraph at lines 1229--1230
[]|[][]
 []


Overfull \hbox (241.79768pt too wide) in paragraph at lines 1230--1231
[]|[][]
 []


Overfull \hbox (4.19768pt too wide) in paragraph at lines 1231--1232
[]|[][]
 []


Overfull \hbox (241.79768pt too wide) in paragraph at lines 1232--1233
[]|[][]
 []


Overfull \hbox (241.79768pt too wide) in paragraph at lines 1233--1234
[]|[][]
 []


Overfull \hbox (235.79768pt too wide) in paragraph at lines 1234--1235
[]|[][]
 []


Overfull \hbox (235.79768pt too wide) in paragraph at lines 1235--1236
[]|[][]
 []


Overfull \hbox (247.79768pt too wide) in paragraph at lines 1236--1237
[]|[][]
 []


Overfull \hbox (10.19768pt too wide) in paragraph at lines 1237--1238
[]|[][]
 []


Overfull \hbox (22.19768pt too wide) in paragraph at lines 1238--1239
[]|[][]
 []


Overfull \hbox (42.59767pt too wide) in paragraph at lines 1239--1240
[]|[][]
 []


Overfull \hbox (78.59767pt too wide) in paragraph at lines 1240--1241
[]|[][]
 []


Overfull \hbox (48.59767pt too wide) in paragraph at lines 1241--1242
[]|[][]
 []


Overfull \hbox (97.79768pt too wide) in paragraph at lines 1243--1244
[]|[][]
 []


Overfull \hbox (104.93181pt too wide) in alignment at lines 1224--1244
 [] [] [] 
 []

[57] [58]
Overfull \hbox (18.59767pt too wide) in paragraph at lines 1246--1247
[]|[][]
 []


Overfull \hbox (90.59767pt too wide) in paragraph at lines 1247--1248
[]|[][]
 []


Overfull \hbox (78.59767pt too wide) in paragraph at lines 1253--1254
[]|[][]
 []


Overfull \hbox (48.59767pt too wide) in paragraph at lines 1254--1255
[]|[][]
 []


Overfull \hbox (42.59767pt too wide) in paragraph at lines 1256--1257
[]|[][]
 []


Overfull \hbox (48.59767pt too wide) in paragraph at lines 1257--1258
[]|[][]
 []


Overfull \hbox (78.59767pt too wide) in paragraph at lines 1259--1260
[]|[][]
 []


Overfull \hbox (24.59767pt too wide) in paragraph at lines 1263--1264
[]|[][]
 []


Overfull \hbox (104.93181pt too wide) in alignment at lines 1244--1264
 [] [] [] 
 []

[59]
Overfull \hbox (24.59767pt too wide) in paragraph at lines 1264--1265
[]|[][]
 []


Overfull \hbox (54.59767pt too wide) in paragraph at lines 1265--1266
[]|[][]
 []


Overfull \hbox (133.79768pt too wide) in paragraph at lines 1269--1270
[]|[][]
 []


Overfull \hbox (103.79768pt too wide) in paragraph at lines 1270--1271
[]|[][]
 []


Overfull \hbox (133.79768pt too wide) in paragraph at lines 1271--1272
[]|[][]
 []


Overfull \hbox (103.79768pt too wide) in paragraph at lines 1272--1273
[]|[][]
 []


Overfull \hbox (127.79768pt too wide) in paragraph at lines 1273--1274
[]|[][]
 []


Overfull \hbox (127.79768pt too wide) in paragraph at lines 1274--1275
[]|[][]
 []


Overfull \hbox (133.79768pt too wide) in paragraph at lines 1275--1276
[]|[][]
 []


Overfull \hbox (97.79768pt too wide) in paragraph at lines 1279--1280
[]|[][]
 []


Overfull \hbox (82.19768pt too wide) in paragraph at lines 1283--1284
[]|[][]
 []


Overfull \hbox (104.93181pt too wide) in alignment at lines 1264--1284
 [] [] [] 
 []

[60]
Overfull \hbox (82.19768pt too wide) in paragraph at lines 1284--1285
[]|[][]
 []


Overfull \hbox (82.19768pt too wide) in paragraph at lines 1285--1286
[]|[][]
 []


Overfull \hbox (259.79768pt too wide) in paragraph at lines 1286--1287
[]|[][]
 []


Overfull \hbox (52.19768pt too wide) in paragraph at lines 1287--1288
[]|[][]
 []


Overfull \hbox (48.59767pt too wide) in paragraph at lines 1293--1294
[]|[][]
 []


Overfull \hbox (18.59767pt too wide) in paragraph at lines 1294--1295
[]|[][]
 []


Overfull \hbox (42.59767pt too wide) in paragraph at lines 1297--1298
[]|[][]
 []


Overfull \hbox (12.59767pt too wide) in paragraph at lines 1298--1299
[]|[][]
 []


Overfull \hbox (18.59767pt too wide) in paragraph at lines 1301--1302
[]|[][]
 []


Overfull \hbox (104.93181pt too wide) in alignment at lines 1284--1304
 [] [] [] 
 []

[61]
Overfull \hbox (24.59767pt too wide) in paragraph at lines 1305--1306
[]|[][]
 []


Overfull \hbox (24.59767pt too wide) in paragraph at lines 1307--1308
[]|[][]
 []


Overfull \hbox (18.59767pt too wide) in paragraph at lines 1308--1309
[]|[][]
 []


Overfull \hbox (10.19768pt too wide) in paragraph at lines 1313--1314
[]|[][]
 []


Overfull \hbox (48.59767pt too wide) in paragraph at lines 1317--1318
[]|[][]
 []


Overfull \hbox (18.59767pt too wide) in paragraph at lines 1318--1319
[]|[][]
 []


Overfull \hbox (48.59767pt too wide) in paragraph at lines 1319--1320
[]|[][]
 []


Overfull \hbox (18.59767pt too wide) in paragraph at lines 1320--1321
[]|[][]
 []


Overfull \hbox (48.59767pt too wide) in paragraph at lines 1321--1322
[]|[][]
 []


Overfull \hbox (127.79768pt too wide) in paragraph at lines 1323--1324
[]|[][]
 []


Overfull \hbox (104.93181pt too wide) in alignment at lines 1304--1324
 [] [] [] 
 []

[62]
Overfull \hbox (24.59767pt too wide) in paragraph at lines 1332--1333
[]|[][]
 []


Overfull \hbox (36.59767pt too wide) in paragraph at lines 1335--1336
[]|[][]
 []


Overfull \hbox (235.79768pt too wide) in paragraph at lines 1336--1337
[]|[][]
 []


Overfull \hbox (36.59767pt too wide) in paragraph at lines 1337--1338
[]|[][]
 []


Overfull \hbox (24.59767pt too wide) in paragraph at lines 1341--1342
[]|[][]
 []


Overfull \hbox (24.59767pt too wide) in paragraph at lines 1342--1343
[]|[][]
 []


Overfull \hbox (54.59767pt too wide) in paragraph at lines 1343--1344
[]|[][]
 []


Overfull \hbox (104.93181pt too wide) in alignment at lines 1324--1344
 [] [] [] 
 []

[63]
Overfull \hbox (104.93181pt too wide) in alignment at lines 1344--1345
 [] [] [] 
 []

[64] [65] [66] (/Users/Peter/git/Publications/kgmotifs/.texpadtmp/supplement.aux) ) 
Here is how much of TeX's memory you used:
 3510 strings out of 493014
 45592 string characters out of 6133352
 135573 words of memory out of 5000000
 6964 multiletter control sequences out of 15000+600000
 21370 words of font info for 57 fonts, out of 8000000 for 9000
 1141 hyphenation exceptions out of 8191
 38i,13n,26p,877b,349s stack positions out of 5000i,500n,10000p,200000b,80000s
{/usr/local/texlive/2016/texmf-dist/fonts/enc/dvips/base/8r.enc}</usr/local/texlive/2016/texmf-dist/fonts/type1/public/amsfonts/cm/cmmi10.pfb></usr/local/texlive/2016/texmf-dist/fonts/type1/public/amsfonts/cm/cmmi7.pfb></usr/local/texlive/2016/texmf-dist/fonts/type1/public/amsfonts/cm/cmr10.pfb></usr/local/texlive/2016/texmf-dist/fonts/type1/public/amsfonts/cm/cmsy10.pfb></usr/local/texlive/2016/texmf-dist/fonts/type1/public/amsfonts/cm/cmsy7.pfb></usr/local/texlive/2016/texmf-dist/fonts/type1/public/amsfonts/symbols/msbm10.pfb></usr/local/texlive/2016/texmf-dist/fonts/type1/urw/courier/ucrr8a.pfb></usr/local/texlive/2016/texmf-dist/fonts/type1/urw/times/utmb8a.pfb></usr/local/texlive/2016/texmf-dist/fonts/type1/urw/times/utmr8a.pfb></usr/local/texlive/2016/texmf-dist/fonts/type1/urw/times/utmri8a.pfb>
Output written on /Users/Peter/git/Publications/kgmotifs/.texpadtmp/supplement.pdf (66 pages, 172507 bytes).
PDF statistics:
 258 PDF objects out of 1000 (max. 8388607)
 178 compressed objects within 2 object streams
 0 named destinations out of 1000 (max. 500000)
 1 words of extra memory for PDF output out of 10000 (max. 10000000)

