Jun 03, 2017 1:18:34 PM nl.peterbloem.fractal.exec.Run main
INFO: Using 16 concurrent threads
.............................................................................................................................................................................................................................................................................................................................................................................................................................................................................................................................................................................................................................................................................................................................................................................................................................
Thread 3: finished init
..
Thread 7: finished init
.
Thread 5: finished init

Thread 4: finished init

Thread 0: finished init

Thread 1: finished init

Thread 2: finished init

Thread 6: finished init
...................................................................................................................................................................................................................................................................................................................................................................................................................................................................................................................................................................................................................................................................................................................................................................................................................
Thread 6 finished
...
Thread 4 finished
.
Thread 1 finished
.
Thread 3 finished
....
Thread 2 finished
.
Thread 7 finished
...
Thread 0 finished

Thread 5 finished
All threads finished
Jun 03, 2017 6:15:57 PM nl.peterbloem.kit.FileIO copy
INFO: Copying static files from path null to .
null
Failed to run plot script. java.lang.NullPointerException
Jun 03, 2017 6:15:57 PM nl.peterbloem.fractal.exec.Run main
INFO: Experiment finished. Time taken: 4h 57m 22s.
